<?xml version="1.0" encoding="UTF-8"?>
<coverage generated="1619575252541" clover="3.2.0">
  <project timestamp="1619575252541" name="All files">
    <metrics statements="700" coveredstatements="442" conditionals="220" coveredconditionals="107" methods="293" coveredmethods="158" elements="1213" coveredelements="707" complexity="0" loc="700" ncloc="700" packages="13" files="44" classes="44"/>
    <package name="src">
      <metrics statements="0" coveredstatements="0" conditionals="0" coveredconditionals="0" methods="0" coveredmethods="0"/>
      <file name="store.js" path="/Users/kaylaelortondo/Documents/Galvanize/SEI/FEC/client/src/store.js">
        <metrics statements="0" coveredstatements="0" conditionals="0" coveredconditionals="0" methods="0" coveredmethods="0"/>
      </file>
    </package>
    <package name="src.components">
      <metrics statements="60" coveredstatements="48" conditionals="6" coveredconditionals="3" methods="24" coveredmethods="16"/>
      <file name="App.jsx" path="/Users/kaylaelortondo/Documents/Galvanize/SEI/FEC/client/src/components/App.jsx">
        <metrics statements="16" coveredstatements="11" conditionals="4" coveredconditionals="2" methods="8" coveredmethods="5"/>
        <line num="23" count="3" type="stmt"/>
        <line num="24" count="423" type="stmt"/>
        <line num="25" count="423" type="stmt"/>
        <line num="26" count="423" type="stmt"/>
        <line num="27" count="26" type="stmt"/>
        <line num="29" count="26" type="stmt"/>
        <line num="30" count="26" type="stmt"/>
        <line num="31" count="26" type="stmt"/>
        <line num="34" count="26" type="cond" truecount="1" falsecount="1"/>
        <line num="35" count="0" type="stmt"/>
        <line num="41" count="26" type="cond" truecount="1" falsecount="1"/>
        <line num="42" count="0" type="stmt"/>
        <line num="49" count="26" type="stmt"/>
        <line num="58" count="0" type="stmt"/>
        <line num="59" count="0" type="stmt"/>
        <line num="60" count="0" type="stmt"/>
      </file>
      <file name="appSlice.js" path="/Users/kaylaelortondo/Documents/Galvanize/SEI/FEC/client/src/components/appSlice.js">
        <metrics statements="40" coveredstatements="33" conditionals="2" coveredconditionals="1" methods="14" coveredmethods="9"/>
        <line num="2" count="4" type="stmt"/>
        <line num="4" count="4" type="stmt"/>
        <line num="7" count="26" type="stmt"/>
        <line num="8" count="20" type="stmt"/>
        <line num="12" count="4" type="stmt"/>
        <line num="15" count="26" type="stmt"/>
        <line num="16" count="20" type="stmt"/>
        <line num="20" count="4" type="stmt"/>
        <line num="23" count="0" type="stmt"/>
        <line num="24" count="0" type="stmt"/>
        <line num="28" count="4" type="stmt"/>
        <line num="31" count="0" type="stmt"/>
        <line num="32" count="0" type="stmt"/>
        <line num="36" count="4" type="stmt"/>
        <line num="39" count="26" type="stmt"/>
        <line num="40" count="20" type="stmt"/>
        <line num="44" count="4" type="stmt"/>
        <line num="45" count="15" type="stmt"/>
        <line num="46" count="90" type="stmt"/>
        <line num="49" count="15" type="stmt"/>
        <line num="50" count="15" type="stmt"/>
        <line num="51" count="90" type="stmt"/>
        <line num="54" count="15" type="stmt"/>
        <line num="55" count="15" type="stmt"/>
        <line num="58" count="4" type="stmt"/>
        <line num="59" count="15" type="stmt"/>
        <line num="60" count="15" type="stmt"/>
        <line num="61" count="90" type="stmt"/>
        <line num="63" count="15" type="stmt"/>
        <line num="66" count="4" type="stmt"/>
        <line num="82" count="0" type="stmt"/>
        <line num="88" count="15" type="stmt"/>
        <line num="91" count="15" type="stmt"/>
        <line num="92" count="15" type="cond" truecount="1" falsecount="1"/>
        <line num="93" count="15" type="stmt"/>
        <line num="94" count="15" type="stmt"/>
        <line num="98" count="0" type="stmt"/>
        <line num="101" count="15" type="stmt"/>
        <line num="104" count="0" type="stmt"/>
        <line num="110" count="4" type="stmt"/>
      </file>
      <file name="starRating.jsx" path="/Users/kaylaelortondo/Documents/Galvanize/SEI/FEC/client/src/components/starRating.jsx">
        <metrics statements="4" coveredstatements="4" conditionals="0" coveredconditionals="0" methods="2" coveredmethods="2"/>
        <line num="5" count="24" type="stmt"/>
        <line num="15" count="4" type="stmt"/>
        <line num="16" count="531" type="stmt"/>
        <line num="18" count="531" type="stmt"/>
      </file>
    </package>
    <package name="src.components.overview">
      <metrics statements="25" coveredstatements="23" conditionals="4" coveredconditionals="3" methods="9" coveredmethods="7"/>
      <file name="mockData.js" path="/Users/kaylaelortondo/Documents/Galvanize/SEI/FEC/client/src/components/overview/mockData.js">
        <metrics statements="8" coveredstatements="8" conditionals="0" coveredconditionals="0" methods="0" coveredmethods="0"/>
        <line num="2" count="1" type="stmt"/>
        <line num="36" count="1" type="stmt"/>
        <line num="468" count="1" type="stmt"/>
        <line num="475" count="1" type="stmt"/>
        <line num="835" count="1" type="stmt"/>
        <line num="842" count="1" type="stmt"/>
        <line num="1026" count="1" type="stmt"/>
        <line num="1048" count="1" type="stmt"/>
      </file>
      <file name="overview.jsx" path="/Users/kaylaelortondo/Documents/Galvanize/SEI/FEC/client/src/components/overview/overview.jsx">
        <metrics statements="6" coveredstatements="6" conditionals="4" coveredconditionals="3" methods="4" coveredmethods="4"/>
        <line num="22" count="24" type="stmt"/>
        <line num="32" count="3" type="stmt"/>
        <line num="33" count="28" type="stmt"/>
        <line num="34" count="425" type="stmt"/>
        <line num="36" count="28" type="stmt"/>
        <line num="107" count="30" type="stmt"/>
      </file>
      <file name="overviewSlice.js" path="/Users/kaylaelortondo/Documents/Galvanize/SEI/FEC/client/src/components/overview/overviewSlice.js">
        <metrics statements="11" coveredstatements="9" conditionals="0" coveredconditionals="0" methods="5" coveredmethods="3"/>
        <line num="2" count="3" type="stmt"/>
        <line num="4" count="3" type="stmt"/>
        <line num="7" count="26" type="stmt"/>
        <line num="8" count="20" type="stmt"/>
        <line num="12" count="3" type="stmt"/>
        <line num="24" count="2" type="stmt"/>
        <line num="27" count="0" type="stmt"/>
        <line num="30" count="0" type="stmt"/>
        <line num="35" count="15" type="stmt"/>
        <line num="36" count="15" type="stmt"/>
        <line num="42" count="3" type="stmt"/>
      </file>
    </package>
    <package name="src.components.overview.addToCart">
      <metrics statements="91" coveredstatements="59" conditionals="26" coveredconditionals="17" methods="38" coveredmethods="25"/>
      <file name="addToCart.jsx" path="/Users/kaylaelortondo/Documents/Galvanize/SEI/FEC/client/src/components/overview/addToCart/addToCart.jsx">
        <metrics statements="27" coveredstatements="18" conditionals="12" coveredconditionals="8" methods="13" coveredmethods="9"/>
        <line num="10" count="3" type="stmt"/>
        <line num="20" count="3" type="stmt"/>
        <line num="21" count="65" type="stmt"/>
        <line num="22" count="462" type="stmt"/>
        <line num="23" count="462" type="stmt"/>
        <line num="24" count="462" type="stmt"/>
        <line num="25" count="462" type="stmt"/>
        <line num="26" count="462" type="stmt"/>
        <line num="27" count="462" type="stmt"/>
        <line num="28" count="462" type="stmt"/>
        <line num="29" count="462" type="stmt"/>
        <line num="31" count="65" type="stmt"/>
        <line num="33" count="65" type="cond" truecount="2" falsecount="0"/>
        <line num="34" count="40" type="stmt"/>
        <line num="35" count="40" type="stmt"/>
        <line num="38" count="65" type="stmt"/>
        <line num="39" count="0" type="stmt"/>
        <line num="44" count="65" type="stmt"/>
        <line num="45" count="0" type="stmt"/>
        <line num="48" count="65" type="stmt"/>
        <line num="66" count="0" type="cond" truecount="0" falsecount="2"/>
        <line num="67" count="0" type="stmt"/>
        <line num="69" count="0" type="stmt"/>
        <line num="70" count="0" type="stmt"/>
        <line num="71" count="0" type="stmt"/>
        <line num="72" count="0" type="stmt"/>
        <line num="83" count="0" type="stmt"/>
      </file>
      <file name="cartSlice.js" path="/Users/kaylaelortondo/Documents/Galvanize/SEI/FEC/client/src/components/overview/addToCart/cartSlice.js">
        <metrics statements="14" coveredstatements="9" conditionals="0" coveredconditionals="0" methods="7" coveredmethods="2"/>
        <line num="3" count="3" type="stmt"/>
        <line num="15" count="0" type="stmt"/>
        <line num="18" count="0" type="stmt"/>
        <line num="21" count="0" type="stmt"/>
        <line num="24" count="0" type="stmt"/>
        <line num="27" count="0" type="stmt"/>
        <line num="30" count="19" type="stmt"/>
        <line num="33" count="31" type="stmt"/>
        <line num="34" count="31" type="stmt"/>
        <line num="35" count="31" type="stmt"/>
        <line num="36" count="31" type="stmt"/>
        <line num="37" count="31" type="stmt"/>
        <line num="38" count="31" type="stmt"/>
        <line num="50" count="3" type="stmt"/>
      </file>
      <file name="quantSelect.jsx" path="/Users/kaylaelortondo/Documents/Galvanize/SEI/FEC/client/src/components/overview/addToCart/quantSelect.jsx">
        <metrics statements="13" coveredstatements="7" conditionals="4" coveredconditionals="1" methods="5" coveredmethods="3"/>
        <line num="6" count="3" type="stmt"/>
        <line num="7" count="65" type="stmt"/>
        <line num="8" count="462" type="stmt"/>
        <line num="9" count="462" type="stmt"/>
        <line num="11" count="65" type="stmt"/>
        <line num="12" count="0" type="stmt"/>
        <line num="13" count="0" type="cond" truecount="0" falsecount="2"/>
        <line num="14" count="0" type="stmt"/>
        <line num="16" count="0" type="stmt"/>
        <line num="19" count="65" type="cond" truecount="1" falsecount="1"/>
        <line num="20" count="0" type="stmt"/>
        <line num="26" count="0" type="stmt"/>
        <line num="30" count="65" type="stmt"/>
      </file>
      <file name="sizeSelect.jsx" path="/Users/kaylaelortondo/Documents/Galvanize/SEI/FEC/client/src/components/overview/addToCart/sizeSelect.jsx">
        <metrics statements="37" coveredstatements="25" conditionals="10" coveredconditionals="8" methods="13" coveredmethods="11"/>
        <line num="14" count="3" type="stmt"/>
        <line num="15" count="65" type="stmt"/>
        <line num="17" count="462" type="stmt"/>
        <line num="18" count="462" type="stmt"/>
        <line num="19" count="462" type="stmt"/>
        <line num="20" count="462" type="stmt"/>
        <line num="24" count="65" type="stmt"/>
        <line num="25" count="40" type="stmt"/>
        <line num="26" count="40" type="stmt"/>
        <line num="27" count="240" type="stmt"/>
        <line num="29" count="40" type="stmt"/>
        <line num="33" count="65" type="cond" truecount="2" falsecount="0"/>
        <line num="34" count="308" type="stmt"/>
        <line num="36" count="40" type="cond" truecount="1" falsecount="1"/>
        <line num="37" count="0" type="stmt"/>
        <line num="40" count="40" type="stmt"/>
        <line num="44" count="154" type="stmt"/>
        <line num="48" count="65" type="stmt"/>
        <line num="49" count="31" type="stmt"/>
        <line num="53" count="65" type="stmt"/>
        <line num="54" count="31" type="cond" truecount="2" falsecount="0"/>
        <line num="55" count="19" type="stmt"/>
        <line num="60" count="65" type="cond" truecount="2" falsecount="0"/>
        <line num="61" count="26" type="stmt"/>
        <line num="67" count="39" type="cond" truecount="1" falsecount="1"/>
        <line num="68" count="0" type="stmt"/>
        <line num="74" count="0" type="stmt"/>
        <line num="75" count="0" type="stmt"/>
        <line num="76" count="0" type="stmt"/>
        <line num="77" count="0" type="stmt"/>
        <line num="78" count="0" type="stmt"/>
        <line num="83" count="39" type="stmt"/>
        <line num="88" count="0" type="stmt"/>
        <line num="89" count="0" type="stmt"/>
        <line num="90" count="0" type="stmt"/>
        <line num="91" count="0" type="stmt"/>
        <line num="92" count="0" type="stmt"/>
      </file>
    </package>
    <package name="src.components.overview.imageGallery">
      <metrics statements="77" coveredstatements="32" conditionals="28" coveredconditionals="14" methods="38" coveredmethods="14"/>
      <file name="galleryExpanded.jsx" path="/Users/kaylaelortondo/Documents/Galvanize/SEI/FEC/client/src/components/overview/imageGallery/galleryExpanded.jsx">
        <metrics statements="15" coveredstatements="1" conditionals="6" coveredconditionals="0" methods="11" coveredmethods="0"/>
        <line num="17" count="3" type="stmt"/>
        <line num="18" count="0" type="stmt"/>
        <line num="19" count="0" type="stmt"/>
        <line num="20" count="0" type="stmt"/>
        <line num="21" count="0" type="stmt"/>
        <line num="23" count="0" type="stmt"/>
        <line num="29" count="0" type="stmt"/>
        <line num="34" count="0" type="stmt"/>
        <line num="36" count="0" type="stmt"/>
        <line num="50" count="0" type="stmt"/>
        <line num="63" count="0" type="cond" truecount="0" falsecount="2"/>
        <line num="64" count="0" type="stmt"/>
        <line num="66" count="0" type="stmt"/>
        <line num="72" count="0" type="stmt"/>
        <line num="74" count="0" type="stmt"/>
      </file>
      <file name="galleryMagnified.jsx" path="/Users/kaylaelortondo/Documents/Galvanize/SEI/FEC/client/src/components/overview/imageGallery/galleryMagnified.jsx">
        <metrics statements="12" coveredstatements="1" conditionals="0" coveredconditionals="0" methods="4" coveredmethods="0"/>
        <line num="8" count="3" type="stmt"/>
        <line num="9" count="0" type="stmt"/>
        <line num="10" count="0" type="stmt"/>
        <line num="13" count="0" type="stmt"/>
        <line num="14" count="0" type="stmt"/>
        <line num="15" count="0" type="stmt"/>
        <line num="16" count="0" type="stmt"/>
        <line num="19" count="0" type="stmt"/>
        <line num="20" count="0" type="stmt"/>
        <line num="22" count="0" type="stmt"/>
        <line num="29" count="0" type="stmt"/>
        <line num="30" count="0" type="stmt"/>
      </file>
      <file name="galleryMainImg.jsx" path="/Users/kaylaelortondo/Documents/Galvanize/SEI/FEC/client/src/components/overview/imageGallery/galleryMainImg.jsx">
        <metrics statements="9" coveredstatements="6" conditionals="4" coveredconditionals="2" methods="7" coveredmethods="4"/>
        <line num="15" count="3" type="stmt"/>
        <line num="16" count="24" type="stmt"/>
        <line num="17" count="293" type="stmt"/>
        <line num="18" count="293" type="stmt"/>
        <line num="19" count="293" type="stmt"/>
        <line num="21" count="24" type="stmt"/>
        <line num="26" count="0" type="stmt"/>
        <line num="33" count="0" type="stmt"/>
        <line num="45" count="0" type="stmt"/>
      </file>
      <file name="galleryNav.jsx" path="/Users/kaylaelortondo/Documents/Galvanize/SEI/FEC/client/src/components/overview/imageGallery/galleryNav.jsx">
        <metrics statements="19" coveredstatements="14" conditionals="12" coveredconditionals="9" methods="9" coveredmethods="6"/>
        <line num="17" count="3" type="stmt"/>
        <line num="38" count="3" type="stmt"/>
        <line num="39" count="21" type="stmt"/>
        <line num="40" count="290" type="stmt"/>
        <line num="41" count="290" type="stmt"/>
        <line num="42" count="290" type="stmt"/>
        <line num="44" count="21" type="stmt"/>
        <line num="45" count="19" type="cond" truecount="3" falsecount="1"/>
        <line num="46" count="19" type="stmt"/>
        <line num="47" count="19" type="stmt"/>
        <line num="51" count="21" type="stmt"/>
        <line num="58" count="0" type="stmt"/>
        <line num="72" count="126" type="cond" truecount="3" falsecount="1"/>
        <line num="73" count="126" type="stmt"/>
        <line num="75" count="0" type="stmt"/>
        <line num="76" count="0" type="stmt"/>
        <line num="81" count="126" type="stmt"/>
        <line num="88" count="0" type="stmt"/>
        <line num="101" count="0" type="stmt"/>
      </file>
      <file name="imageGallery.jsx" path="/Users/kaylaelortondo/Documents/Galvanize/SEI/FEC/client/src/components/overview/imageGallery/imageGallery.jsx">
        <metrics statements="5" coveredstatements="5" conditionals="2" coveredconditionals="2" methods="2" coveredmethods="2"/>
        <line num="15" count="3" type="stmt"/>
        <line num="16" count="430" type="stmt"/>
        <line num="18" count="33" type="cond" truecount="2" falsecount="0"/>
        <line num="19" count="21" type="stmt"/>
        <line num="30" count="12" type="stmt"/>
      </file>
      <file name="imageGallerySlice.js" path="/Users/kaylaelortondo/Documents/Galvanize/SEI/FEC/client/src/components/overview/imageGallery/imageGallerySlice.js">
        <metrics statements="17" coveredstatements="5" conditionals="4" coveredconditionals="1" methods="5" coveredmethods="2"/>
        <line num="3" count="3" type="stmt"/>
        <line num="13" count="0" type="stmt"/>
        <line num="14" count="0" type="stmt"/>
        <line num="15" count="0" type="cond" truecount="0" falsecount="2"/>
        <line num="16" count="0" type="stmt"/>
        <line num="17" count="0" type="stmt"/>
        <line num="18" count="0" type="stmt"/>
        <line num="20" count="0" type="stmt"/>
        <line num="24" count="0" type="stmt"/>
        <line num="25" count="0" type="stmt"/>
        <line num="28" count="0" type="stmt"/>
        <line num="29" count="0" type="stmt"/>
        <line num="32" count="19" type="stmt"/>
        <line num="35" count="19" type="stmt"/>
        <line num="37" count="19" type="cond" truecount="1" falsecount="1"/>
        <line num="38" count="0" type="stmt"/>
        <line num="47" count="3" type="stmt"/>
      </file>
    </package>
    <package name="src.components.overview.productInformation">
      <metrics statements="11" coveredstatements="11" conditionals="6" coveredconditionals="6" methods="7" coveredmethods="7"/>
      <file name="productInformation.jsx" path="/Users/kaylaelortondo/Documents/Galvanize/SEI/FEC/client/src/components/overview/productInformation/productInformation.jsx">
        <metrics statements="11" coveredstatements="11" conditionals="6" coveredconditionals="6" methods="7" coveredmethods="7"/>
        <line num="15" count="3" type="stmt"/>
        <line num="16" count="37" type="stmt"/>
        <line num="18" count="434" type="stmt"/>
        <line num="19" count="434" type="stmt"/>
        <line num="20" count="434" type="stmt"/>
        <line num="21" count="434" type="stmt"/>
        <line num="22" count="434" type="stmt"/>
        <line num="24" count="37" type="stmt"/>
        <line num="25" count="26" type="stmt"/>
        <line num="26" count="26" type="stmt"/>
        <line num="29" count="37" type="stmt"/>
      </file>
    </package>
    <package name="src.components.overview.styleSelector">
      <metrics statements="17" coveredstatements="16" conditionals="8" coveredconditionals="7" methods="7" coveredmethods="7"/>
      <file name="styleSelector.jsx" path="/Users/kaylaelortondo/Documents/Galvanize/SEI/FEC/client/src/components/overview/styleSelector/styleSelector.jsx">
        <metrics statements="17" coveredstatements="16" conditionals="8" coveredconditionals="7" methods="7" coveredmethods="7"/>
        <line num="17" count="3" type="stmt"/>
        <line num="35" count="3" type="stmt"/>
        <line num="36" count="33" type="stmt"/>
        <line num="37" count="33" type="stmt"/>
        <line num="38" count="430" type="stmt"/>
        <line num="39" count="430" type="stmt"/>
        <line num="40" count="430" type="stmt"/>
        <line num="42" count="33" type="stmt"/>
        <line num="43" count="26" type="stmt"/>
        <line num="46" count="33" type="cond" truecount="2" falsecount="0"/>
        <line num="47" count="21" type="stmt"/>
        <line num="53" count="126" type="cond" truecount="3" falsecount="1"/>
        <line num="54" count="126" type="stmt"/>
        <line num="56" count="0" type="stmt"/>
        <line num="59" count="126" type="stmt"/>
        <line num="65" count="2" type="stmt"/>
        <line num="92" count="12" type="stmt"/>
      </file>
    </package>
    <package name="src.components.questionsAnswers">
      <metrics statements="152" coveredstatements="90" conditionals="38" coveredconditionals="7" methods="57" coveredmethods="28"/>
      <file name="AddAnswer.jsx" path="/Users/kaylaelortondo/Documents/Galvanize/SEI/FEC/client/src/components/questionsAnswers/AddAnswer.jsx">
        <metrics statements="31" coveredstatements="16" conditionals="11" coveredconditionals="0" methods="10" coveredmethods="4"/>
        <line num="14" count="60" type="stmt"/>
        <line num="25" count="13" type="stmt"/>
        <line num="37" count="60" type="stmt"/>
        <line num="39" count="60" type="stmt"/>
        <line num="40" count="1116" type="stmt"/>
        <line num="41" count="60" type="stmt"/>
        <line num="42" count="60" type="stmt"/>
        <line num="43" count="60" type="stmt"/>
        <line num="44" count="60" type="stmt"/>
        <line num="45" count="60" type="stmt"/>
        <line num="47" count="60" type="stmt"/>
        <line num="48" count="0" type="stmt"/>
        <line num="51" count="60" type="stmt"/>
        <line num="52" count="0" type="stmt"/>
        <line num="55" count="60" type="stmt"/>
        <line num="56" count="0" type="cond" truecount="0" falsecount="2"/>
        <line num="57" count="0" type="stmt"/>
        <line num="58" count="0" type="stmt"/>
        <line num="60" count="0" type="cond" truecount="0" falsecount="2"/>
        <line num="61" count="0" type="stmt"/>
        <line num="62" count="0" type="stmt"/>
        <line num="64" count="0" type="cond" truecount="0" falsecount="2"/>
        <line num="65" count="0" type="stmt"/>
        <line num="66" count="0" type="stmt"/>
        <line num="70" count="60" type="stmt"/>
        <line num="71" count="0" type="cond" truecount="0" falsecount="5"/>
        <line num="72" count="0" type="stmt"/>
        <line num="78" count="0" type="stmt"/>
        <line num="89" count="60" type="stmt"/>
        <line num="102" count="0" type="stmt"/>
        <line num="108" count="60" type="stmt"/>
      </file>
      <file name="AddQuestion.jsx" path="/Users/kaylaelortondo/Documents/Galvanize/SEI/FEC/client/src/components/questionsAnswers/AddQuestion.jsx">
        <metrics statements="30" coveredstatements="16" conditionals="11" coveredconditionals="0" methods="9" coveredmethods="4"/>
        <line num="13" count="26" type="stmt"/>
        <line num="24" count="24" type="stmt"/>
        <line num="36" count="26" type="stmt"/>
        <line num="37" count="26" type="stmt"/>
        <line num="38" count="423" type="stmt"/>
        <line num="39" count="26" type="stmt"/>
        <line num="40" count="26" type="stmt"/>
        <line num="41" count="26" type="stmt"/>
        <line num="42" count="26" type="stmt"/>
        <line num="43" count="26" type="stmt"/>
        <line num="45" count="26" type="stmt"/>
        <line num="46" count="0" type="stmt"/>
        <line num="49" count="26" type="stmt"/>
        <line num="50" count="0" type="stmt"/>
        <line num="53" count="26" type="stmt"/>
        <line num="54" count="0" type="cond" truecount="0" falsecount="2"/>
        <line num="55" count="0" type="stmt"/>
        <line num="56" count="0" type="stmt"/>
        <line num="58" count="0" type="cond" truecount="0" falsecount="2"/>
        <line num="59" count="0" type="stmt"/>
        <line num="60" count="0" type="stmt"/>
        <line num="62" count="0" type="cond" truecount="0" falsecount="2"/>
        <line num="63" count="0" type="stmt"/>
        <line num="64" count="0" type="stmt"/>
        <line num="68" count="26" type="stmt"/>
        <line num="69" count="0" type="cond" truecount="0" falsecount="5"/>
        <line num="70" count="0" type="stmt"/>
        <line num="76" count="0" type="stmt"/>
        <line num="87" count="26" type="stmt"/>
        <line num="106" count="26" type="stmt"/>
      </file>
      <file name="Answer.jsx" path="/Users/kaylaelortondo/Documents/Galvanize/SEI/FEC/client/src/components/questionsAnswers/Answer.jsx">
        <metrics statements="12" coveredstatements="7" conditionals="6" coveredconditionals="3" methods="4" coveredmethods="1"/>
        <line num="7" count="3" type="stmt"/>
        <line num="8" count="45" type="stmt"/>
        <line num="10" count="45" type="stmt"/>
        <line num="11" count="45" type="stmt"/>
        <line num="12" count="45" type="stmt"/>
        <line num="14" count="45" type="stmt"/>
        <line num="15" count="0" type="stmt"/>
        <line num="19" count="45" type="stmt"/>
        <line num="30" count="0" type="stmt"/>
        <line num="31" count="0" type="stmt"/>
        <line num="32" count="0" type="stmt"/>
        <line num="36" count="0" type="cond" truecount="1" falsecount="1"/>
      </file>
      <file name="Answers.jsx" path="/Users/kaylaelortondo/Documents/Galvanize/SEI/FEC/client/src/components/questionsAnswers/Answers.jsx">
        <metrics statements="5" coveredstatements="5" conditionals="2" coveredconditionals="1" methods="2" coveredmethods="2"/>
        <line num="6" count="3" type="stmt"/>
        <line num="7" count="60" type="stmt"/>
        <line num="9" count="60" type="stmt"/>
        <line num="12" count="45" type="cond" truecount="1" falsecount="1"/>
        <line num="13" count="45" type="stmt"/>
      </file>
      <file name="Question.jsx" path="/Users/kaylaelortondo/Documents/Galvanize/SEI/FEC/client/src/components/questionsAnswers/Question.jsx">
        <metrics statements="15" coveredstatements="10" conditionals="4" coveredconditionals="2" methods="5" coveredmethods="2"/>
        <line num="12" count="13" type="stmt"/>
        <line num="23" count="3" type="stmt"/>
        <line num="24" count="60" type="stmt"/>
        <line num="25" count="60" type="stmt"/>
        <line num="27" count="60" type="stmt"/>
        <line num="29" count="60" type="stmt"/>
        <line num="30" count="60" type="stmt"/>
        <line num="31" count="60" type="stmt"/>
        <line num="33" count="60" type="stmt"/>
        <line num="34" count="0" type="stmt"/>
        <line num="38" count="60" type="stmt"/>
        <line num="47" count="0" type="stmt"/>
        <line num="48" count="0" type="stmt"/>
        <line num="49" count="0" type="stmt"/>
        <line num="54" count="0" type="cond" truecount="1" falsecount="1"/>
      </file>
      <file name="Questions.jsx" path="/Users/kaylaelortondo/Documents/Galvanize/SEI/FEC/client/src/components/questionsAnswers/Questions.jsx">
        <metrics statements="16" coveredstatements="14" conditionals="2" coveredconditionals="1" methods="8" coveredmethods="8"/>
        <line num="9" count="3" type="stmt"/>
        <line num="10" count="424" type="stmt"/>
        <line num="11" count="27" type="stmt"/>
        <line num="13" count="424" type="stmt"/>
        <line num="15" count="27" type="stmt"/>
        <line num="16" count="60" type="stmt"/>
        <line num="19" count="424" type="stmt"/>
        <line num="21" count="27" type="stmt"/>
        <line num="22" count="26" type="stmt"/>
        <line num="25" count="27" type="stmt"/>
        <line num="29" count="60" type="stmt"/>
        <line num="32" count="60" type="cond" truecount="1" falsecount="1"/>
        <line num="33" count="60" type="stmt"/>
        <line num="34" count="60" type="stmt"/>
        <line num="44" count="0" type="stmt"/>
        <line num="45" count="0" type="stmt"/>
      </file>
      <file name="SearchBar.jsx" path="/Users/kaylaelortondo/Documents/Galvanize/SEI/FEC/client/src/components/questionsAnswers/SearchBar.jsx">
        <metrics statements="3" coveredstatements="3" conditionals="0" coveredconditionals="0" methods="2" coveredmethods="2"/>
        <line num="8" count="24" type="stmt"/>
        <line num="28" count="26" type="stmt"/>
        <line num="30" count="26" type="stmt"/>
      </file>
      <file name="qaSlice.js" path="/Users/kaylaelortondo/Documents/Galvanize/SEI/FEC/client/src/components/questionsAnswers/qaSlice.js">
        <metrics statements="20" coveredstatements="9" conditionals="0" coveredconditionals="0" methods="8" coveredmethods="2"/>
        <line num="2" count="3" type="stmt"/>
        <line num="4" count="3" type="stmt"/>
        <line num="7" count="26" type="stmt"/>
        <line num="8" count="20" type="stmt"/>
        <line num="12" count="3" type="stmt"/>
        <line num="15" count="0" type="stmt"/>
        <line num="16" count="0" type="stmt"/>
        <line num="20" count="3" type="stmt"/>
        <line num="23" count="0" type="stmt"/>
        <line num="24" count="0" type="stmt"/>
        <line num="25" count="0" type="stmt"/>
        <line num="26" count="0" type="stmt"/>
        <line num="30" count="3" type="stmt"/>
        <line num="42" count="0" type="stmt"/>
        <line num="45" count="0" type="stmt"/>
        <line num="46" count="0" type="stmt"/>
        <line num="51" count="15" type="stmt"/>
        <line num="54" count="0" type="stmt"/>
        <line num="57" count="0" type="stmt"/>
        <line num="62" count="3" type="stmt"/>
      </file>
      <file name="questionsAnswers.jsx" path="/Users/kaylaelortondo/Documents/Galvanize/SEI/FEC/client/src/components/questionsAnswers/questionsAnswers.jsx">
        <metrics statements="20" coveredstatements="10" conditionals="2" coveredconditionals="0" methods="9" coveredmethods="3"/>
        <line num="16" count="24" type="stmt"/>
        <line num="28" count="3" type="stmt"/>
        <line num="29" count="423" type="stmt"/>
        <line num="30" count="26" type="stmt"/>
        <line num="31" count="26" type="stmt"/>
        <line num="33" count="26" type="stmt"/>
        <line num="34" count="26" type="stmt"/>
        <line num="36" count="26" type="stmt"/>
        <line num="37" count="0" type="cond" truecount="0" falsecount="2"/>
        <line num="38" count="0" type="stmt"/>
        <line num="40" count="0" type="stmt"/>
        <line num="41" count="0" type="stmt"/>
        <line num="45" count="26" type="stmt"/>
        <line num="46" count="0" type="stmt"/>
        <line num="47" count="0" type="stmt"/>
        <line num="50" count="26" type="stmt"/>
        <line num="63" count="0" type="stmt"/>
        <line num="69" count="0" type="stmt"/>
        <line num="70" count="0" type="stmt"/>
        <line num="71" count="0" type="stmt"/>
      </file>
    </package>
    <package name="src.components.ratingsReviews">
      <metrics statements="189" coveredstatements="121" conditionals="100" coveredconditionals="49" methods="75" coveredmethods="36"/>
      <file name="addReview.jsx" path="/Users/kaylaelortondo/Documents/Galvanize/SEI/FEC/client/src/components/ratingsReviews/addReview.jsx">
        <metrics statements="43" coveredstatements="27" conditionals="33" coveredconditionals="14" methods="14" coveredmethods="5"/>
        <line num="21" count="15" type="stmt"/>
        <line num="31" count="13" type="stmt"/>
        <line num="43" count="17" type="stmt"/>
        <line num="44" count="17" type="stmt"/>
        <line num="45" count="263" type="stmt"/>
        <line num="46" count="263" type="stmt"/>
        <line num="47" count="17" type="stmt"/>
        <line num="48" count="17" type="stmt"/>
        <line num="49" count="17" type="stmt"/>
        <line num="50" count="17" type="stmt"/>
        <line num="51" count="17" type="stmt"/>
        <line num="52" count="17" type="stmt"/>
        <line num="53" count="17" type="stmt"/>
        <line num="54" count="17" type="stmt"/>
        <line num="57" count="17" type="cond" truecount="1" falsecount="1"/>
        <line num="58" count="0" type="stmt"/>
        <line num="59" count="17" type="cond" truecount="1" falsecount="1"/>
        <line num="60" count="0" type="stmt"/>
        <line num="61" count="17" type="cond" truecount="1" falsecount="1"/>
        <line num="62" count="0" type="stmt"/>
        <line num="63" count="17" type="cond" truecount="1" falsecount="1"/>
        <line num="64" count="0" type="stmt"/>
        <line num="65" count="17" type="cond" truecount="1" falsecount="1"/>
        <line num="66" count="0" type="stmt"/>
        <line num="69" count="17" type="stmt"/>
        <line num="70" count="0" type="stmt"/>
        <line num="73" count="17" type="stmt"/>
        <line num="74" count="0" type="stmt"/>
        <line num="77" count="17" type="stmt"/>
        <line num="78" count="0" type="stmt"/>
        <line num="79" count="0" type="stmt"/>
        <line num="82" count="17" type="stmt"/>
        <line num="83" count="0" type="stmt"/>
        <line num="86" count="17" type="stmt"/>
        <line num="87" count="0" type="stmt"/>
        <line num="90" count="17" type="stmt"/>
        <line num="91" count="0" type="cond" truecount="0" falsecount="5"/>
        <line num="92" count="0" type="stmt"/>
        <line num="98" count="0" type="stmt"/>
        <line num="109" count="17" type="stmt"/>
        <line num="123" count="0" type="stmt"/>
        <line num="358" count="17" type="stmt"/>
        <line num="364" count="0" type="stmt"/>
      </file>
      <file name="breakdown.jsx" path="/Users/kaylaelortondo/Documents/Galvanize/SEI/FEC/client/src/components/ratingsReviews/breakdown.jsx">
        <metrics statements="2" coveredstatements="2" conditionals="0" coveredconditionals="0" methods="1" coveredmethods="1"/>
        <line num="6" count="4" type="stmt"/>
        <line num="7" count="26" type="stmt"/>
      </file>
      <file name="productBreakdown.jsx" path="/Users/kaylaelortondo/Documents/Galvanize/SEI/FEC/client/src/components/ratingsReviews/productBreakdown.jsx">
        <metrics statements="13" coveredstatements="13" conditionals="6" coveredconditionals="6" methods="3" coveredmethods="3"/>
        <line num="7" count="4" type="stmt"/>
        <line num="8" count="424" type="stmt"/>
        <line num="10" count="27" type="stmt"/>
        <line num="45" count="27" type="stmt"/>
        <line num="56" count="27" type="stmt"/>
        <line num="71" count="27" type="cond" truecount="2" falsecount="0"/>
        <line num="72" count="15" type="stmt"/>
        <line num="73" count="15" type="stmt"/>
        <line num="77" count="60" type="stmt"/>
        <line num="78" count="60" type="cond" truecount="4" falsecount="0"/>
        <line num="79" count="30" type="stmt"/>
        <line num="98" count="30" type="stmt"/>
        <line num="122" count="12" type="stmt"/>
      </file>
      <file name="ratingsBreakdown.jsx" path="/Users/kaylaelortondo/Documents/Galvanize/SEI/FEC/client/src/components/ratingsReviews/ratingsBreakdown.jsx">
        <metrics statements="39" coveredstatements="28" conditionals="8" coveredconditionals="5" methods="16" coveredmethods="8"/>
        <line num="10" count="4" type="stmt"/>
        <line num="29" count="4" type="stmt"/>
        <line num="30" count="44" type="stmt"/>
        <line num="31" count="44" type="stmt"/>
        <line num="32" count="441" type="stmt"/>
        <line num="33" count="441" type="stmt"/>
        <line num="34" count="441" type="stmt"/>
        <line num="35" count="441" type="stmt"/>
        <line num="36" count="441" type="stmt"/>
        <line num="38" count="44" type="stmt"/>
        <line num="40" count="44" type="stmt"/>
        <line num="41" count="44" type="stmt"/>
        <line num="42" count="44" type="stmt"/>
        <line num="43" count="44" type="stmt"/>
        <line num="44" count="44" type="stmt"/>
        <line num="46" count="44" type="stmt"/>
        <line num="47" count="0" type="stmt"/>
        <line num="48" count="0" type="stmt"/>
        <line num="51" count="44" type="stmt"/>
        <line num="52" count="32" type="stmt"/>
        <line num="53" count="32" type="stmt"/>
        <line num="54" count="32" type="stmt"/>
        <line num="57" count="44" type="stmt"/>
        <line num="58" count="27" type="cond" truecount="2" falsecount="0"/>
        <line num="59" count="15" type="stmt"/>
        <line num="60" count="15" type="stmt"/>
        <line num="61" count="15" type="stmt"/>
        <line num="62" count="15" type="stmt"/>
        <line num="63" count="15" type="stmt"/>
        <line num="67" count="44" type="stmt"/>
        <line num="90" count="0" type="stmt"/>
        <line num="103" count="0" type="stmt"/>
        <line num="116" count="0" type="stmt"/>
        <line num="129" count="0" type="stmt"/>
        <line num="142" count="0" type="stmt"/>
        <line num="161" count="0" type="cond" truecount="0" falsecount="2"/>
        <line num="162" count="0" type="stmt"/>
        <line num="166" count="0" type="stmt"/>
        <line num="175" count="0" type="stmt"/>
      </file>
      <file name="ratingsReviews.jsx" path="/Users/kaylaelortondo/Documents/Galvanize/SEI/FEC/client/src/components/ratingsReviews/ratingsReviews.jsx">
        <metrics statements="2" coveredstatements="2" conditionals="0" coveredconditionals="0" methods="1" coveredmethods="1"/>
        <line num="6" count="4" type="stmt"/>
        <line num="7" count="26" type="stmt"/>
      </file>
      <file name="ratingsReviewsSlice.js" path="/Users/kaylaelortondo/Documents/Galvanize/SEI/FEC/client/src/components/ratingsReviews/ratingsReviewsSlice.js">
        <metrics statements="19" coveredstatements="5" conditionals="2" coveredconditionals="0" methods="10" coveredmethods="0"/>
        <line num="2" count="4" type="stmt"/>
        <line num="4" count="4" type="stmt"/>
        <line num="7" count="0" type="stmt"/>
        <line num="8" count="0" type="stmt"/>
        <line num="12" count="4" type="stmt"/>
        <line num="15" count="0" type="stmt"/>
        <line num="16" count="0" type="stmt"/>
        <line num="20" count="4" type="stmt"/>
        <line num="32" count="0" type="stmt"/>
        <line num="35" count="0" type="stmt"/>
        <line num="38" count="0" type="stmt"/>
        <line num="41" count="0" type="stmt"/>
        <line num="44" count="0" type="cond" truecount="0" falsecount="2"/>
        <line num="45" count="0" type="stmt"/>
        <line num="47" count="0" type="stmt"/>
        <line num="51" count="0" type="stmt"/>
        <line num="56" count="0" type="stmt"/>
        <line num="59" count="0" type="stmt"/>
        <line num="65" count="4" type="stmt"/>
      </file>
      <file name="review.jsx" path="/Users/kaylaelortondo/Documents/Galvanize/SEI/FEC/client/src/components/ratingsReviews/review.jsx">
        <metrics statements="43" coveredstatements="24" conditionals="34" coveredconditionals="14" methods="16" coveredmethods="6"/>
        <line num="22" count="13" type="stmt"/>
        <line num="34" count="4" type="stmt"/>
        <line num="35" count="465" type="stmt"/>
        <line num="36" count="465" type="stmt"/>
        <line num="37" count="465" type="stmt"/>
        <line num="38" count="465" type="stmt"/>
        <line num="39" count="465" type="stmt"/>
        <line num="41" count="8091" type="stmt"/>
        <line num="42" count="8091" type="stmt"/>
        <line num="43" count="8091" type="stmt"/>
        <line num="45" count="465" type="stmt"/>
        <line num="46" count="465" type="stmt"/>
        <line num="48" count="465" type="stmt"/>
        <line num="54" count="465" type="stmt"/>
        <line num="55" count="465" type="stmt"/>
        <line num="56" count="465" type="stmt"/>
        <line num="58" count="465" type="stmt"/>
        <line num="59" count="0" type="stmt"/>
        <line num="62" count="465" type="stmt"/>
        <line num="63" count="0" type="stmt"/>
        <line num="66" count="465" type="stmt"/>
        <line num="67" count="0" type="stmt"/>
        <line num="68" count="0" type="stmt"/>
        <line num="69" count="0" type="stmt"/>
        <line num="70" count="0" type="stmt"/>
        <line num="73" count="465" type="stmt"/>
        <line num="74" count="0" type="stmt"/>
        <line num="75" count="0" type="stmt"/>
        <line num="76" count="0" type="stmt"/>
        <line num="77" count="0" type="stmt"/>
        <line num="80" count="465" type="stmt"/>
        <line num="81" count="0" type="stmt"/>
        <line num="84" count="465" type="cond" truecount="1" falsecount="1"/>
        <line num="85" count="0" type="stmt"/>
        <line num="87" count="465" type="stmt"/>
        <line num="109" count="0" type="stmt"/>
        <line num="140" count="165" type="stmt"/>
        <line num="190" count="0" type="cond" truecount="0" falsecount="4"/>
        <line num="192" count="0" type="stmt"/>
        <line num="197" count="0" type="cond" truecount="0" falsecount="4"/>
        <line num="199" count="0" type="stmt"/>
        <line num="204" count="0" type="stmt"/>
        <line num="214" count="0" type="stmt"/>
      </file>
      <file name="reviewActions.jsx" path="/Users/kaylaelortondo/Documents/Galvanize/SEI/FEC/client/src/components/ratingsReviews/reviewActions.jsx">
        <metrics statements="9" coveredstatements="8" conditionals="6" coveredconditionals="5" methods="4" coveredmethods="3"/>
        <line num="8" count="4" type="stmt"/>
        <line num="9" count="29" type="stmt"/>
        <line num="10" count="426" type="stmt"/>
        <line num="11" count="426" type="stmt"/>
        <line num="13" count="29" type="cond" truecount="2" falsecount="0"/>
        <line num="14" count="15" type="stmt"/>
        <line num="19" count="0" type="stmt"/>
        <line num="27" count="14" type="cond" truecount="3" falsecount="1"/>
        <line num="28" count="14" type="stmt"/>
      </file>
      <file name="reviewList.jsx" path="/Users/kaylaelortondo/Documents/Galvanize/SEI/FEC/client/src/components/ratingsReviews/reviewList.jsx">
        <metrics statements="6" coveredstatements="6" conditionals="5" coveredconditionals="5" methods="5" coveredmethods="5"/>
        <line num="11" count="4" type="stmt"/>
        <line num="12" count="426" type="stmt"/>
        <line num="13" count="426" type="stmt"/>
        <line num="14" count="426" type="stmt"/>
        <line num="16" count="29" type="stmt"/>
        <line num="30" count="465" type="stmt"/>
      </file>
      <file name="reviewSortSearch.jsx" path="/Users/kaylaelortondo/Documents/Galvanize/SEI/FEC/client/src/components/ratingsReviews/reviewSortSearch.jsx">
        <metrics statements="13" coveredstatements="6" conditionals="6" coveredconditionals="0" methods="5" coveredmethods="4"/>
        <line num="10" count="4" type="stmt"/>
        <line num="11" count="426" type="stmt"/>
        <line num="12" count="426" type="stmt"/>
        <line num="13" count="426" type="stmt"/>
        <line num="14" count="29" type="stmt"/>
        <line num="16" count="29" type="stmt"/>
        <line num="36" count="0" type="stmt"/>
        <line num="37" count="0" type="cond" truecount="0" falsecount="2"/>
        <line num="38" count="0" type="stmt"/>
        <line num="39" count="0" type="cond" truecount="0" falsecount="2"/>
        <line num="40" count="0" type="stmt"/>
        <line num="41" count="0" type="cond" truecount="0" falsecount="2"/>
        <line num="42" count="0" type="stmt"/>
      </file>
    </package>
    <package name="src.components.relatedItemsComparison">
      <metrics statements="60" coveredstatements="28" conditionals="2" coveredconditionals="0" methods="29" coveredmethods="12"/>
      <file name="outfitSlice.js" path="/Users/kaylaelortondo/Documents/Galvanize/SEI/FEC/client/src/components/relatedItemsComparison/outfitSlice.js">
        <metrics statements="5" coveredstatements="2" conditionals="0" coveredconditionals="0" methods="2" coveredmethods="0"/>
        <line num="2" count="3" type="stmt"/>
        <line num="11" count="0" type="stmt"/>
        <line num="12" count="0" type="stmt"/>
        <line num="15" count="0" type="stmt"/>
        <line num="20" count="3" type="stmt"/>
      </file>
      <file name="relatedItemsComparison.jsx" path="/Users/kaylaelortondo/Documents/Galvanize/SEI/FEC/client/src/components/relatedItemsComparison/relatedItemsComparison.jsx">
        <metrics statements="4" coveredstatements="4" conditionals="0" coveredconditionals="0" methods="2" coveredmethods="2"/>
        <line num="11" count="24" type="stmt"/>
        <line num="22" count="3" type="stmt"/>
        <line num="23" count="26" type="stmt"/>
        <line num="25" count="26" type="stmt"/>
      </file>
      <file name="relatedSlice.js" path="/Users/kaylaelortondo/Documents/Galvanize/SEI/FEC/client/src/components/relatedItemsComparison/relatedSlice.js">
        <metrics statements="51" coveredstatements="22" conditionals="2" coveredconditionals="0" methods="25" coveredmethods="10"/>
        <line num="2" count="3" type="stmt"/>
        <line num="4" count="3" type="stmt"/>
        <line num="5" count="60" type="stmt"/>
        <line num="8" count="3" type="stmt"/>
        <line num="9" count="0" type="stmt"/>
        <line num="12" count="3" type="stmt"/>
        <line num="13" count="0" type="stmt"/>
        <line num="16" count="3" type="stmt"/>
        <line num="17" count="0" type="stmt"/>
        <line num="18" count="0" type="stmt"/>
        <line num="21" count="0" type="stmt"/>
        <line num="22" count="0" type="stmt"/>
        <line num="23" count="0" type="stmt"/>
        <line num="26" count="0" type="stmt"/>
        <line num="27" count="0" type="stmt"/>
        <line num="30" count="3" type="stmt"/>
        <line num="34" count="26" type="stmt"/>
        <line num="36" count="15" type="stmt"/>
        <line num="39" count="15" type="stmt"/>
        <line num="40" count="15" type="stmt"/>
        <line num="41" count="60" type="stmt"/>
        <line num="43" count="15" type="stmt"/>
        <line num="46" count="15" type="stmt"/>
        <line num="49" count="15" type="stmt"/>
        <line num="50" count="15" type="stmt"/>
        <line num="51" count="15" type="stmt"/>
        <line num="53" count="0" type="stmt"/>
        <line num="56" count="0" type="stmt"/>
        <line num="57" count="0" type="stmt"/>
        <line num="58" count="0" type="stmt"/>
        <line num="60" count="0" type="stmt"/>
        <line num="63" count="0" type="stmt"/>
        <line num="66" count="0" type="stmt"/>
        <line num="67" count="0" type="cond" truecount="0" falsecount="2"/>
        <line num="68" count="0" type="stmt"/>
        <line num="70" count="0" type="stmt"/>
        <line num="73" count="0" type="stmt"/>
        <line num="76" count="0" type="stmt"/>
        <line num="77" count="0" type="stmt"/>
        <line num="78" count="0" type="stmt"/>
        <line num="80" count="0" type="stmt"/>
        <line num="83" count="0" type="stmt"/>
        <line num="86" count="0" type="stmt"/>
        <line num="87" count="0" type="stmt"/>
        <line num="89" count="0" type="stmt"/>
        <line num="92" count="15" type="stmt"/>
        <line num="94" count="15" type="stmt"/>
        <line num="98" count="3" type="stmt"/>
        <line num="106" count="0" type="stmt"/>
        <line num="111" count="15" type="stmt"/>
        <line num="116" count="3" type="stmt"/>
      </file>
    </package>
    <package name="src.components.relatedItemsComparison.outfitList">
      <metrics statements="2" coveredstatements="2" conditionals="0" coveredconditionals="0" methods="1" coveredmethods="1"/>
      <file name="outfitList.jsx" path="/Users/kaylaelortondo/Documents/Galvanize/SEI/FEC/client/src/components/relatedItemsComparison/outfitList/outfitList.jsx">
        <metrics statements="2" coveredstatements="2" conditionals="0" coveredconditionals="0" methods="1" coveredmethods="1"/>
        <line num="58" count="3" type="stmt"/>
        <line num="59" count="26" type="stmt"/>
      </file>
    </package>
    <package name="src.components.relatedItemsComparison.relatedProductCard">
      <metrics statements="4" coveredstatements="2" conditionals="0" coveredconditionals="0" methods="2" coveredmethods="0"/>
      <file name="relatedProductCard.jsx" path="/Users/kaylaelortondo/Documents/Galvanize/SEI/FEC/client/src/components/relatedItemsComparison/relatedProductCard/relatedProductCard.jsx">
        <metrics statements="4" coveredstatements="2" conditionals="0" coveredconditionals="0" methods="2" coveredmethods="0"/>
        <line num="8" count="3" type="stmt"/>
        <line num="21" count="3" type="stmt"/>
        <line num="22" count="0" type="stmt"/>
        <line num="23" count="0" type="stmt"/>
      </file>
    </package>
    <package name="src.components.relatedItemsComparison.relatedProductsList">
      <metrics statements="12" coveredstatements="10" conditionals="2" coveredconditionals="1" methods="6" coveredmethods="5"/>
      <file name="relatedProductsList.jsx" path="/Users/kaylaelortondo/Documents/Galvanize/SEI/FEC/client/src/components/relatedItemsComparison/relatedProductsList/relatedProductsList.jsx">
        <metrics statements="12" coveredstatements="10" conditionals="2" coveredconditionals="1" methods="6" coveredmethods="5"/>
        <line num="9" count="24" type="stmt"/>
        <line num="24" count="3" type="stmt"/>
        <line num="25" count="26" type="stmt"/>
        <line num="26" count="26" type="stmt"/>
        <line num="27" count="423" type="stmt"/>
        <line num="28" count="423" type="stmt"/>
        <line num="30" count="26" type="stmt"/>
        <line num="31" count="26" type="stmt"/>
        <line num="35" count="26" type="cond" truecount="1" falsecount="1"/>
        <line num="36" count="0" type="stmt"/>
        <line num="40" count="0" type="stmt"/>
        <line num="49" count="26" type="stmt"/>
      </file>
    </package>
  </project>
</coverage>
