{"/Users/kaylaelortondo/Documents/Galvanize/SEI/FEC/client/src/store.js": {"path":"/Users/kaylaelortondo/Documents/Galvanize/SEI/FEC/client/src/store.js","statementMap":{},"fnMap":{},"branchMap":{},"s":{},"f":{},"b":{},"_coverageSchema":"1a1c01bbd47fc00a2c39e90264f33305004495a9","hash":"f51a4b42fa474435bf604f7043e8006a0b8c64fa"}
,"/Users/kaylaelortondo/Documents/Galvanize/SEI/FEC/client/src/components/App.jsx": {"path":"/Users/kaylaelortondo/Documents/Galvanize/SEI/FEC/client/src/components/App.jsx","statementMap":{"0":{"start":{"line":23,"column":10},"end":{"line":79,"column":1}},"1":{"start":{"line":24,"column":20},"end":{"line":24,"column":63}},"2":{"start":{"line":24,"column":43},"end":{"line":24,"column":62}},"3":{"start":{"line":25,"column":23},"end":{"line":25,"column":70}},"4":{"start":{"line":25,"column":46},"end":{"line":25,"column":69}},"5":{"start":{"line":26,"column":24},"end":{"line":26,"column":72}},"6":{"start":{"line":26,"column":47},"end":{"line":26,"column":71}},"7":{"start":{"line":27,"column":19},"end":{"line":27,"column":32}},"8":{"start":{"line":29,"column":2},"end":{"line":32,"column":5}},"9":{"start":{"line":30,"column":4},"end":{"line":30,"column":40}},"10":{"start":{"line":31,"column":4},"end":{"line":31,"column":42}},"11":{"start":{"line":34,"column":2},"end":{"line":78,"column":3}},"12":{"start":{"line":35,"column":4},"end":{"line":40,"column":6}},"13":{"start":{"line":41,"column":9},"end":{"line":78,"column":3}},"14":{"start":{"line":42,"column":4},"end":{"line":47,"column":6}},"15":{"start":{"line":49,"column":4},"end":{"line":77,"column":6}},"16":{"start":{"line":58,"column":37},"end":{"line":58,"column":69}},"17":{"start":{"line":59,"column":37},"end":{"line":59,"column":69}},"18":{"start":{"line":60,"column":37},"end":{"line":60,"column":69}}},"fnMap":{"0":{"name":"(anonymous_0)","decl":{"start":{"line":23,"column":10},"end":{"line":23,"column":11}},"loc":{"start":{"line":23,"column":16},"end":{"line":79,"column":1}},"line":23},"1":{"name":"(anonymous_1)","decl":{"start":{"line":24,"column":32},"end":{"line":24,"column":33}},"loc":{"start":{"line":24,"column":43},"end":{"line":24,"column":62}},"line":24},"2":{"name":"(anonymous_2)","decl":{"start":{"line":25,"column":35},"end":{"line":25,"column":36}},"loc":{"start":{"line":25,"column":46},"end":{"line":25,"column":69}},"line":25},"3":{"name":"(anonymous_3)","decl":{"start":{"line":26,"column":36},"end":{"line":26,"column":37}},"loc":{"start":{"line":26,"column":47},"end":{"line":26,"column":71}},"line":26},"4":{"name":"(anonymous_4)","decl":{"start":{"line":29,"column":12},"end":{"line":29,"column":13}},"loc":{"start":{"line":29,"column":18},"end":{"line":32,"column":3}},"line":29},"5":{"name":"(anonymous_5)","decl":{"start":{"line":58,"column":31},"end":{"line":58,"column":32}},"loc":{"start":{"line":58,"column":37},"end":{"line":58,"column":69}},"line":58},"6":{"name":"(anonymous_6)","decl":{"start":{"line":59,"column":31},"end":{"line":59,"column":32}},"loc":{"start":{"line":59,"column":37},"end":{"line":59,"column":69}},"line":59},"7":{"name":"(anonymous_7)","decl":{"start":{"line":60,"column":31},"end":{"line":60,"column":32}},"loc":{"start":{"line":60,"column":37},"end":{"line":60,"column":69}},"line":60}},"branchMap":{"0":{"loc":{"start":{"line":34,"column":2},"end":{"line":78,"column":3}},"type":"if","locations":[{"start":{"line":34,"column":2},"end":{"line":78,"column":3}},{"start":{"line":34,"column":2},"end":{"line":78,"column":3}}],"line":34},"1":{"loc":{"start":{"line":41,"column":9},"end":{"line":78,"column":3}},"type":"if","locations":[{"start":{"line":41,"column":9},"end":{"line":78,"column":3}},{"start":{"line":41,"column":9},"end":{"line":78,"column":3}}],"line":41}},"s":{"0":3,"1":26,"2":423,"3":26,"4":423,"5":26,"6":423,"7":26,"8":26,"9":26,"10":26,"11":26,"12":0,"13":26,"14":0,"15":26,"16":0,"17":0,"18":0},"f":{"0":26,"1":423,"2":423,"3":423,"4":26,"5":0,"6":0,"7":0},"b":{"0":[0,26],"1":[0,26]},"_coverageSchema":"1a1c01bbd47fc00a2c39e90264f33305004495a9","hash":"826147472bdf39a12e037764582c63924e6bcc88"}
,"/Users/kaylaelortondo/Documents/Galvanize/SEI/FEC/client/src/components/appSlice.js": {"path":"/Users/kaylaelortondo/Documents/Galvanize/SEI/FEC/client/src/components/appSlice.js","statementMap":{"0":{"start":{"line":2,"column":14},"end":{"line":2,"column":30}},"1":{"start":{"line":4,"column":32},"end":{"line":10,"column":1}},"2":{"start":{"line":7,"column":21},"end":{"line":7,"column":76}},"3":{"start":{"line":8,"column":4},"end":{"line":8,"column":25}},"4":{"start":{"line":12,"column":35},"end":{"line":18,"column":1}},"5":{"start":{"line":15,"column":21},"end":{"line":15,"column":91}},"6":{"start":{"line":16,"column":4},"end":{"line":16,"column":25}},"7":{"start":{"line":20,"column":34},"end":{"line":26,"column":1}},"8":{"start":{"line":23,"column":21},"end":{"line":23,"column":109}},"9":{"start":{"line":24,"column":4},"end":{"line":24,"column":33}},"10":{"start":{"line":28,"column":35},"end":{"line":34,"column":1}},"11":{"start":{"line":31,"column":21},"end":{"line":31,"column":110}},"12":{"start":{"line":32,"column":4},"end":{"line":32,"column":33}},"13":{"start":{"line":36,"column":36},"end":{"line":42,"column":1}},"14":{"start":{"line":39,"column":21},"end":{"line":39,"column":111}},"15":{"start":{"line":40,"column":4},"end":{"line":40,"column":33}},"16":{"start":{"line":44,"column":22},"end":{"line":56,"column":1}},"17":{"start":{"line":45,"column":21},"end":{"line":47,"column":7}},"18":{"start":{"line":46,"column":4},"end":{"line":46,"column":52}},"19":{"start":{"line":49,"column":14},"end":{"line":49,"column":15}},"20":{"start":{"line":50,"column":2},"end":{"line":52,"column":3}},"21":{"start":{"line":51,"column":4},"end":{"line":51,"column":68}},"22":{"start":{"line":54,"column":12},"end":{"line":54,"column":32}},"23":{"start":{"line":55,"column":2},"end":{"line":55,"column":13}},"24":{"start":{"line":58,"column":24},"end":{"line":64,"column":1}},"25":{"start":{"line":59,"column":14},"end":{"line":59,"column":15}},"26":{"start":{"line":60,"column":2},"end":{"line":62,"column":3}},"27":{"start":{"line":61,"column":4},"end":{"line":61,"column":48}},"28":{"start":{"line":63,"column":2},"end":{"line":63,"column":15}},"29":{"start":{"line":66,"column":24},"end":{"line":107,"column":2}},"30":{"start":{"line":82,"column":6},"end":{"line":82,"column":39}},"31":{"start":{"line":88,"column":6},"end":{"line":88,"column":41}},"32":{"start":{"line":91,"column":6},"end":{"line":91,"column":44}},"33":{"start":{"line":92,"column":6},"end":{"line":95,"column":7}},"34":{"start":{"line":93,"column":8},"end":{"line":93,"column":67}},"35":{"start":{"line":94,"column":8},"end":{"line":94,"column":75}},"36":{"start":{"line":98,"column":6},"end":{"line":98,"column":37}},"37":{"start":{"line":101,"column":6},"end":{"line":101,"column":37}},"38":{"start":{"line":104,"column":6},"end":{"line":104,"column":37}},"39":{"start":{"line":110,"column":35},"end":{"line":110,"column":51}}},"fnMap":{"0":{"name":"(anonymous_0)","decl":{"start":{"line":6,"column":2},"end":{"line":6,"column":3}},"loc":{"start":{"line":6,"column":33},"end":{"line":9,"column":3}},"line":6},"1":{"name":"(anonymous_1)","decl":{"start":{"line":14,"column":2},"end":{"line":14,"column":3}},"loc":{"start":{"line":14,"column":33},"end":{"line":17,"column":3}},"line":14},"2":{"name":"(anonymous_2)","decl":{"start":{"line":22,"column":2},"end":{"line":22,"column":3}},"loc":{"start":{"line":22,"column":33},"end":{"line":25,"column":3}},"line":22},"3":{"name":"(anonymous_3)","decl":{"start":{"line":30,"column":2},"end":{"line":30,"column":3}},"loc":{"start":{"line":30,"column":33},"end":{"line":33,"column":3}},"line":30},"4":{"name":"(anonymous_4)","decl":{"start":{"line":38,"column":2},"end":{"line":38,"column":3}},"loc":{"start":{"line":38,"column":33},"end":{"line":41,"column":3}},"line":38},"5":{"name":"(anonymous_5)","decl":{"start":{"line":44,"column":22},"end":{"line":44,"column":23}},"loc":{"start":{"line":44,"column":43},"end":{"line":56,"column":1}},"line":44},"6":{"name":"(anonymous_6)","decl":{"start":{"line":45,"column":59},"end":{"line":45,"column":60}},"loc":{"start":{"line":45,"column":96},"end":{"line":47,"column":3}},"line":45},"7":{"name":"(anonymous_7)","decl":{"start":{"line":58,"column":24},"end":{"line":58,"column":25}},"loc":{"start":{"line":58,"column":45},"end":{"line":64,"column":1}},"line":58},"8":{"name":"(anonymous_8)","decl":{"start":{"line":80,"column":21},"end":{"line":80,"column":22}},"loc":{"start":{"line":80,"column":40},"end":{"line":83,"column":5}},"line":80},"9":{"name":"(anonymous_9)","decl":{"start":{"line":87,"column":34},"end":{"line":87,"column":35}},"loc":{"start":{"line":87,"column":53},"end":{"line":89,"column":5}},"line":87},"10":{"name":"(anonymous_10)","decl":{"start":{"line":90,"column":37},"end":{"line":90,"column":38}},"loc":{"start":{"line":90,"column":56},"end":{"line":96,"column":5}},"line":90},"11":{"name":"(anonymous_11)","decl":{"start":{"line":97,"column":36},"end":{"line":97,"column":37}},"loc":{"start":{"line":97,"column":55},"end":{"line":99,"column":5}},"line":97},"12":{"name":"(anonymous_12)","decl":{"start":{"line":100,"column":38},"end":{"line":100,"column":39}},"loc":{"start":{"line":100,"column":57},"end":{"line":102,"column":5}},"line":100},"13":{"name":"(anonymous_13)","decl":{"start":{"line":103,"column":37},"end":{"line":103,"column":38}},"loc":{"start":{"line":103,"column":56},"end":{"line":105,"column":5}},"line":103}},"branchMap":{"0":{"loc":{"start":{"line":92,"column":6},"end":{"line":95,"column":7}},"type":"if","locations":[{"start":{"line":92,"column":6},"end":{"line":95,"column":7}},{"start":{"line":92,"column":6},"end":{"line":95,"column":7}}],"line":92}},"s":{"0":4,"1":4,"2":26,"3":20,"4":4,"5":26,"6":20,"7":4,"8":0,"9":0,"10":4,"11":0,"12":0,"13":4,"14":26,"15":20,"16":4,"17":15,"18":90,"19":15,"20":15,"21":90,"22":15,"23":15,"24":4,"25":15,"26":15,"27":90,"28":15,"29":4,"30":0,"31":15,"32":15,"33":15,"34":15,"35":15,"36":0,"37":15,"38":0,"39":4},"f":{"0":26,"1":26,"2":0,"3":0,"4":26,"5":15,"6":90,"7":15,"8":0,"9":15,"10":15,"11":0,"12":15,"13":0},"b":{"0":[15,0]},"_coverageSchema":"1a1c01bbd47fc00a2c39e90264f33305004495a9","hash":"935f179b1049d03247679cc93643e86a2b1906e6"}
,"/Users/kaylaelortondo/Documents/Galvanize/SEI/FEC/client/src/components/starRating.jsx": {"path":"/Users/kaylaelortondo/Documents/Galvanize/SEI/FEC/client/src/components/starRating.jsx","statementMap":{"0":{"start":{"line":5,"column":18},"end":{"line":13,"column":3}},"1":{"start":{"line":5,"column":41},"end":{"line":13,"column":1}},"2":{"start":{"line":15,"column":19},"end":{"line":23,"column":1}},"3":{"start":{"line":16,"column":18},"end":{"line":16,"column":29}},"4":{"start":{"line":18,"column":2},"end":{"line":22,"column":4}}},"fnMap":{"0":{"name":"(anonymous_0)","decl":{"start":{"line":5,"column":29},"end":{"line":5,"column":30}},"loc":{"start":{"line":5,"column":41},"end":{"line":13,"column":1}},"line":5},"1":{"name":"(anonymous_1)","decl":{"start":{"line":15,"column":19},"end":{"line":15,"column":20}},"loc":{"start":{"line":15,"column":30},"end":{"line":23,"column":1}},"line":15}},"branchMap":{},"s":{"0":4,"1":24,"2":4,"3":531,"4":531},"f":{"0":24,"1":531},"b":{},"_coverageSchema":"1a1c01bbd47fc00a2c39e90264f33305004495a9","hash":"a4e667078c4bdf934368afa8c35847f58adb0abd"}
,"/Users/kaylaelortondo/Documents/Galvanize/SEI/FEC/client/src/components/overview/mockData.js": {"path":"/Users/kaylaelortondo/Documents/Galvanize/SEI/FEC/client/src/components/overview/mockData.js","statementMap":{"0":{"start":{"line":2,"column":20},"end":{"line":34,"column":1}},"1":{"start":{"line":36,"column":16},"end":{"line":466,"column":1}},"2":{"start":{"line":468,"column":20},"end":{"line":473,"column":3}},"3":{"start":{"line":475,"column":15},"end":{"line":833,"column":1}},"4":{"start":{"line":835,"column":16},"end":{"line":840,"column":1}},"5":{"start":{"line":842,"column":11},"end":{"line":1024,"column":1}},"6":{"start":{"line":1026,"column":16},"end":{"line":1046,"column":1}},"7":{"start":{"line":1048,"column":0},"end":{"line":1048,"column":83}}},"fnMap":{},"branchMap":{},"s":{"0":1,"1":1,"2":1,"3":1,"4":1,"5":1,"6":1,"7":1},"f":{},"b":{},"_coverageSchema":"1a1c01bbd47fc00a2c39e90264f33305004495a9","hash":"42ce67bb462264f0d692b6a5fdb9685547d2edcf"}
,"/Users/kaylaelortondo/Documents/Galvanize/SEI/FEC/client/src/components/overview/overview.jsx": {"path":"/Users/kaylaelortondo/Documents/Galvanize/SEI/FEC/client/src/components/overview/overview.jsx","statementMap":{"0":{"start":{"line":22,"column":18},"end":{"line":30,"column":3}},"1":{"start":{"line":22,"column":36},"end":{"line":30,"column":1}},"2":{"start":{"line":32,"column":17},"end":{"line":136,"column":1}},"3":{"start":{"line":33,"column":18},"end":{"line":33,"column":29}},"4":{"start":{"line":34,"column":22},"end":{"line":34,"column":67}},"5":{"start":{"line":34,"column":45},"end":{"line":34,"column":66}},"6":{"start":{"line":36,"column":2},"end":{"line":135,"column":4}},"7":{"start":{"line":107,"column":20},"end":{"line":122,"column":22}}},"fnMap":{"0":{"name":"(anonymous_0)","decl":{"start":{"line":22,"column":29},"end":{"line":22,"column":30}},"loc":{"start":{"line":22,"column":36},"end":{"line":30,"column":1}},"line":22},"1":{"name":"(anonymous_1)","decl":{"start":{"line":32,"column":17},"end":{"line":32,"column":18}},"loc":{"start":{"line":32,"column":28},"end":{"line":136,"column":1}},"line":32},"2":{"name":"(anonymous_2)","decl":{"start":{"line":34,"column":34},"end":{"line":34,"column":35}},"loc":{"start":{"line":34,"column":45},"end":{"line":34,"column":66}},"line":34},"3":{"name":"(anonymous_3)","decl":{"start":{"line":106,"column":43},"end":{"line":106,"column":44}},"loc":{"start":{"line":106,"column":63},"end":{"line":123,"column":19}},"line":106}},"branchMap":{"0":{"loc":{"start":{"line":80,"column":9},"end":{"line":131,"column":18}},"type":"cond-expr","locations":[{"start":{"line":81,"column":10},"end":{"line":130,"column":17}},{"start":{"line":131,"column":10},"end":{"line":131,"column":18}}],"line":80},"1":{"loc":{"start":{"line":105,"column":17},"end":{"line":126,"column":24}},"type":"cond-expr","locations":[{"start":{"line":106,"column":18},"end":{"line":123,"column":20}},{"start":{"line":124,"column":18},"end":{"line":126,"column":24}}],"line":105}},"s":{"0":3,"1":24,"2":3,"3":28,"4":28,"5":425,"6":28,"7":30},"f":{"0":24,"1":28,"2":425,"3":30},"b":{"0":[15,13],"1":[15,0]},"_coverageSchema":"1a1c01bbd47fc00a2c39e90264f33305004495a9","hash":"6fdc05f752369090d93cb50e793c34c2869d261f"}
,"/Users/kaylaelortondo/Documents/Galvanize/SEI/FEC/client/src/components/overview/overviewSlice.js": {"path":"/Users/kaylaelortondo/Documents/Galvanize/SEI/FEC/client/src/components/overview/overviewSlice.js","statementMap":{"0":{"start":{"line":2,"column":14},"end":{"line":2,"column":30}},"1":{"start":{"line":4,"column":30},"end":{"line":10,"column":1}},"2":{"start":{"line":7,"column":21},"end":{"line":7,"column":83}},"3":{"start":{"line":8,"column":4},"end":{"line":8,"column":25}},"4":{"start":{"line":12,"column":29},"end":{"line":39,"column":2}},"5":{"start":{"line":24,"column":6},"end":{"line":24,"column":42}},"6":{"start":{"line":27,"column":6},"end":{"line":27,"column":38}},"7":{"start":{"line":30,"column":6},"end":{"line":30,"column":39}},"8":{"start":{"line":35,"column":6},"end":{"line":35,"column":44}},"9":{"start":{"line":36,"column":6},"end":{"line":36,"column":53}},"10":{"start":{"line":42,"column":56},"end":{"line":42,"column":77}}},"fnMap":{"0":{"name":"(anonymous_0)","decl":{"start":{"line":6,"column":2},"end":{"line":6,"column":3}},"loc":{"start":{"line":6,"column":33},"end":{"line":9,"column":3}},"line":6},"1":{"name":"(anonymous_1)","decl":{"start":{"line":23,"column":17},"end":{"line":23,"column":18}},"loc":{"start":{"line":23,"column":36},"end":{"line":25,"column":5}},"line":23},"2":{"name":"(anonymous_2)","decl":{"start":{"line":26,"column":16},"end":{"line":26,"column":17}},"loc":{"start":{"line":26,"column":35},"end":{"line":28,"column":5}},"line":26},"3":{"name":"(anonymous_3)","decl":{"start":{"line":29,"column":17},"end":{"line":29,"column":18}},"loc":{"start":{"line":29,"column":36},"end":{"line":31,"column":5}},"line":29},"4":{"name":"(anonymous_4)","decl":{"start":{"line":34,"column":32},"end":{"line":34,"column":33}},"loc":{"start":{"line":34,"column":51},"end":{"line":37,"column":5}},"line":34}},"branchMap":{},"s":{"0":3,"1":3,"2":26,"3":20,"4":3,"5":2,"6":0,"7":0,"8":15,"9":15,"10":3},"f":{"0":26,"1":2,"2":0,"3":0,"4":15},"b":{},"_coverageSchema":"1a1c01bbd47fc00a2c39e90264f33305004495a9","hash":"3b840402ad5c072248f67ae2c93ac0f31b19caf9"}
,"/Users/kaylaelortondo/Documents/Galvanize/SEI/FEC/client/src/components/overview/addToCart/addToCart.jsx": {"path":"/Users/kaylaelortondo/Documents/Galvanize/SEI/FEC/client/src/components/overview/addToCart/addToCart.jsx","statementMap":{"0":{"start":{"line":10,"column":14},"end":{"line":10,"column":30}},"1":{"start":{"line":20,"column":18},"end":{"line":88,"column":1}},"2":{"start":{"line":21,"column":19},"end":{"line":21,"column":32}},"3":{"start":{"line":22,"column":14},"end":{"line":22,"column":52}},"4":{"start":{"line":22,"column":37},"end":{"line":22,"column":51}},"5":{"start":{"line":23,"column":14},"end":{"line":23,"column":52}},"6":{"start":{"line":23,"column":37},"end":{"line":23,"column":51}},"7":{"start":{"line":24,"column":16},"end":{"line":24,"column":56}},"8":{"start":{"line":24,"column":39},"end":{"line":24,"column":55}},"9":{"start":{"line":25,"column":22},"end":{"line":25,"column":67}},"10":{"start":{"line":25,"column":45},"end":{"line":25,"column":66}},"11":{"start":{"line":26,"column":20},"end":{"line":26,"column":63}},"12":{"start":{"line":26,"column":43},"end":{"line":26,"column":62}},"13":{"start":{"line":27,"column":18},"end":{"line":27,"column":58}},"14":{"start":{"line":27,"column":41},"end":{"line":27,"column":57}},"15":{"start":{"line":28,"column":16},"end":{"line":28,"column":67}},"16":{"start":{"line":28,"column":39},"end":{"line":28,"column":66}},"17":{"start":{"line":29,"column":20},"end":{"line":29,"column":66}},"18":{"start":{"line":29,"column":43},"end":{"line":29,"column":65}},"19":{"start":{"line":31,"column":26},"end":{"line":31,"column":44}},"20":{"start":{"line":33,"column":2},"end":{"line":36,"column":3}},"21":{"start":{"line":34,"column":4},"end":{"line":34,"column":40}},"22":{"start":{"line":35,"column":4},"end":{"line":35,"column":50}},"23":{"start":{"line":38,"column":20},"end":{"line":42,"column":3}},"24":{"start":{"line":39,"column":4},"end":{"line":41,"column":7}},"25":{"start":{"line":44,"column":28},"end":{"line":46,"column":3}},"26":{"start":{"line":45,"column":4},"end":{"line":45,"column":45}},"27":{"start":{"line":48,"column":2},"end":{"line":87,"column":4}},"28":{"start":{"line":66,"column":12},"end":{"line":73,"column":13}},"29":{"start":{"line":67,"column":14},"end":{"line":67,"column":39}},"30":{"start":{"line":69,"column":14},"end":{"line":69,"column":29}},"31":{"start":{"line":70,"column":14},"end":{"line":70,"column":94}},"32":{"start":{"line":71,"column":14},"end":{"line":71,"column":80}},"33":{"start":{"line":72,"column":14},"end":{"line":72,"column":42}},"34":{"start":{"line":83,"column":25},"end":{"line":83,"column":44}}},"fnMap":{"0":{"name":"(anonymous_0)","decl":{"start":{"line":20,"column":18},"end":{"line":20,"column":19}},"loc":{"start":{"line":20,"column":29},"end":{"line":88,"column":1}},"line":20},"1":{"name":"(anonymous_1)","decl":{"start":{"line":22,"column":26},"end":{"line":22,"column":27}},"loc":{"start":{"line":22,"column":37},"end":{"line":22,"column":51}},"line":22},"2":{"name":"(anonymous_2)","decl":{"start":{"line":23,"column":26},"end":{"line":23,"column":27}},"loc":{"start":{"line":23,"column":37},"end":{"line":23,"column":51}},"line":23},"3":{"name":"(anonymous_3)","decl":{"start":{"line":24,"column":28},"end":{"line":24,"column":29}},"loc":{"start":{"line":24,"column":39},"end":{"line":24,"column":55}},"line":24},"4":{"name":"(anonymous_4)","decl":{"start":{"line":25,"column":34},"end":{"line":25,"column":35}},"loc":{"start":{"line":25,"column":45},"end":{"line":25,"column":66}},"line":25},"5":{"name":"(anonymous_5)","decl":{"start":{"line":26,"column":32},"end":{"line":26,"column":33}},"loc":{"start":{"line":26,"column":43},"end":{"line":26,"column":62}},"line":26},"6":{"name":"(anonymous_6)","decl":{"start":{"line":27,"column":30},"end":{"line":27,"column":31}},"loc":{"start":{"line":27,"column":41},"end":{"line":27,"column":57}},"line":27},"7":{"name":"(anonymous_7)","decl":{"start":{"line":28,"column":28},"end":{"line":28,"column":29}},"loc":{"start":{"line":28,"column":39},"end":{"line":28,"column":66}},"line":28},"8":{"name":"(anonymous_8)","decl":{"start":{"line":29,"column":32},"end":{"line":29,"column":33}},"loc":{"start":{"line":29,"column":43},"end":{"line":29,"column":65}},"line":29},"9":{"name":"(anonymous_9)","decl":{"start":{"line":38,"column":20},"end":{"line":38,"column":21}},"loc":{"start":{"line":38,"column":29},"end":{"line":42,"column":3}},"line":38},"10":{"name":"(anonymous_10)","decl":{"start":{"line":44,"column":28},"end":{"line":44,"column":29}},"loc":{"start":{"line":44,"column":34},"end":{"line":46,"column":3}},"line":44},"11":{"name":"(anonymous_11)","decl":{"start":{"line":65,"column":19},"end":{"line":65,"column":20}},"loc":{"start":{"line":65,"column":25},"end":{"line":74,"column":11}},"line":65},"12":{"name":"(anonymous_12)","decl":{"start":{"line":83,"column":19},"end":{"line":83,"column":20}},"loc":{"start":{"line":83,"column":25},"end":{"line":83,"column":44}},"line":83}},"branchMap":{"0":{"loc":{"start":{"line":33,"column":2},"end":{"line":36,"column":3}},"type":"if","locations":[{"start":{"line":33,"column":2},"end":{"line":36,"column":3}},{"start":{"line":33,"column":2},"end":{"line":36,"column":3}}],"line":33},"1":{"loc":{"start":{"line":51,"column":15},"end":{"line":51,"column":71}},"type":"cond-expr","locations":[{"start":{"line":51,"column":47},"end":{"line":51,"column":66}},{"start":{"line":51,"column":69},"end":{"line":51,"column":71}}],"line":51},"2":{"loc":{"start":{"line":51,"column":15},"end":{"line":51,"column":44}},"type":"binary-expr","locations":[{"start":{"line":51,"column":15},"end":{"line":51,"column":27}},{"start":{"line":51,"column":31},"end":{"line":51,"column":44}}],"line":51},"3":{"loc":{"start":{"line":64,"column":17},"end":{"line":64,"column":62}},"type":"cond-expr","locations":[{"start":{"line":64,"column":38},"end":{"line":64,"column":57}},{"start":{"line":64,"column":60},"end":{"line":64,"column":62}}],"line":64},"4":{"loc":{"start":{"line":66,"column":12},"end":{"line":73,"column":13}},"type":"if","locations":[{"start":{"line":66,"column":12},"end":{"line":73,"column":13}},{"start":{"line":66,"column":12},"end":{"line":73,"column":13}}],"line":66},"5":{"loc":{"start":{"line":82,"column":17},"end":{"line":82,"column":62}},"type":"cond-expr","locations":[{"start":{"line":82,"column":38},"end":{"line":82,"column":57}},{"start":{"line":82,"column":60},"end":{"line":82,"column":62}}],"line":82}},"s":{"0":3,"1":3,"2":65,"3":65,"4":462,"5":65,"6":462,"7":65,"8":462,"9":65,"10":462,"11":65,"12":462,"13":65,"14":462,"15":65,"16":462,"17":65,"18":462,"19":65,"20":65,"21":40,"22":40,"23":65,"24":0,"25":65,"26":0,"27":65,"28":0,"29":0,"30":0,"31":0,"32":0,"33":0,"34":0},"f":{"0":65,"1":462,"2":462,"3":462,"4":462,"5":462,"6":462,"7":462,"8":462,"9":0,"10":0,"11":0,"12":0},"b":{"0":[40,25],"1":[65,0],"2":[65,0],"3":[26,39],"4":[0,0],"5":[26,39]},"_coverageSchema":"1a1c01bbd47fc00a2c39e90264f33305004495a9","hash":"0d7b0f05f45963fb86f99d495ec38bfd3ed293b5"}
,"/Users/kaylaelortondo/Documents/Galvanize/SEI/FEC/client/src/components/overview/addToCart/cartSlice.js": {"path":"/Users/kaylaelortondo/Documents/Galvanize/SEI/FEC/client/src/components/overview/addToCart/cartSlice.js","statementMap":{"0":{"start":{"line":3,"column":25},"end":{"line":41,"column":2}},"1":{"start":{"line":15,"column":6},"end":{"line":15,"column":33}},"2":{"start":{"line":18,"column":6},"end":{"line":18,"column":37}},"3":{"start":{"line":21,"column":6},"end":{"line":21,"column":49}},"4":{"start":{"line":24,"column":6},"end":{"line":24,"column":50}},"5":{"start":{"line":27,"column":6},"end":{"line":27,"column":33}},"6":{"start":{"line":30,"column":6},"end":{"line":30,"column":35}},"7":{"start":{"line":33,"column":6},"end":{"line":33,"column":23}},"8":{"start":{"line":34,"column":6},"end":{"line":34,"column":25}},"9":{"start":{"line":35,"column":6},"end":{"line":35,"column":23}},"10":{"start":{"line":36,"column":6},"end":{"line":36,"column":23}},"11":{"start":{"line":37,"column":6},"end":{"line":37,"column":77}},"12":{"start":{"line":38,"column":6},"end":{"line":38,"column":63}},"13":{"start":{"line":50,"column":33},"end":{"line":50,"column":50}}},"fnMap":{"0":{"name":"(anonymous_0)","decl":{"start":{"line":14,"column":15},"end":{"line":14,"column":16}},"loc":{"start":{"line":14,"column":34},"end":{"line":16,"column":5}},"line":14},"1":{"name":"(anonymous_1)","decl":{"start":{"line":17,"column":19},"end":{"line":17,"column":20}},"loc":{"start":{"line":17,"column":38},"end":{"line":19,"column":5}},"line":17},"2":{"name":"(anonymous_2)","decl":{"start":{"line":20,"column":31},"end":{"line":20,"column":32}},"loc":{"start":{"line":20,"column":50},"end":{"line":22,"column":5}},"line":20},"3":{"name":"(anonymous_3)","decl":{"start":{"line":23,"column":32},"end":{"line":23,"column":33}},"loc":{"start":{"line":23,"column":51},"end":{"line":25,"column":5}},"line":23},"4":{"name":"(anonymous_4)","decl":{"start":{"line":26,"column":14},"end":{"line":26,"column":15}},"loc":{"start":{"line":26,"column":33},"end":{"line":28,"column":5}},"line":26},"5":{"name":"(anonymous_5)","decl":{"start":{"line":29,"column":14},"end":{"line":29,"column":15}},"loc":{"start":{"line":29,"column":33},"end":{"line":31,"column":5}},"line":29},"6":{"name":"(anonymous_6)","decl":{"start":{"line":32,"column":11},"end":{"line":32,"column":12}},"loc":{"start":{"line":32,"column":30},"end":{"line":39,"column":5}},"line":32}},"branchMap":{},"s":{"0":3,"1":0,"2":0,"3":0,"4":0,"5":0,"6":19,"7":31,"8":31,"9":31,"10":31,"11":31,"12":31,"13":3},"f":{"0":0,"1":0,"2":0,"3":0,"4":0,"5":19,"6":31},"b":{},"_coverageSchema":"1a1c01bbd47fc00a2c39e90264f33305004495a9","hash":"a688472879ab0371707e327483f80cba5de3b740"}
,"/Users/kaylaelortondo/Documents/Galvanize/SEI/FEC/client/src/components/overview/addToCart/quantSelect.jsx": {"path":"/Users/kaylaelortondo/Documents/Galvanize/SEI/FEC/client/src/components/overview/addToCart/quantSelect.jsx","statementMap":{"0":{"start":{"line":6,"column":20},"end":{"line":38,"column":1}},"1":{"start":{"line":7,"column":19},"end":{"line":7,"column":32}},"2":{"start":{"line":8,"column":16},"end":{"line":8,"column":67}},"3":{"start":{"line":8,"column":39},"end":{"line":8,"column":66}},"4":{"start":{"line":9,"column":26},"end":{"line":9,"column":81}},"5":{"start":{"line":9,"column":49},"end":{"line":9,"column":80}},"6":{"start":{"line":11,"column":24},"end":{"line":17,"column":3}},"7":{"start":{"line":12,"column":17},"end":{"line":12,"column":19}},"8":{"start":{"line":13,"column":4},"end":{"line":15,"column":5}},"9":{"start":{"line":13,"column":17},"end":{"line":13,"column":18}},"10":{"start":{"line":14,"column":6},"end":{"line":14,"column":42}},"11":{"start":{"line":16,"column":4},"end":{"line":16,"column":18}},"12":{"start":{"line":19,"column":2},"end":{"line":37,"column":3}},"13":{"start":{"line":20,"column":4},"end":{"line":28,"column":6}},"14":{"start":{"line":26,"column":10},"end":{"line":26,"column":57}},"15":{"start":{"line":30,"column":4},"end":{"line":36,"column":6}}},"fnMap":{"0":{"name":"(anonymous_0)","decl":{"start":{"line":6,"column":20},"end":{"line":6,"column":21}},"loc":{"start":{"line":6,"column":31},"end":{"line":38,"column":1}},"line":6},"1":{"name":"(anonymous_1)","decl":{"start":{"line":8,"column":28},"end":{"line":8,"column":29}},"loc":{"start":{"line":8,"column":39},"end":{"line":8,"column":66}},"line":8},"2":{"name":"(anonymous_2)","decl":{"start":{"line":9,"column":38},"end":{"line":9,"column":39}},"loc":{"start":{"line":9,"column":49},"end":{"line":9,"column":80}},"line":9},"3":{"name":"(anonymous_3)","decl":{"start":{"line":11,"column":24},"end":{"line":11,"column":25}},"loc":{"start":{"line":11,"column":40},"end":{"line":17,"column":3}},"line":11},"4":{"name":"(anonymous_4)","decl":{"start":{"line":25,"column":18},"end":{"line":25,"column":19}},"loc":{"start":{"line":25,"column":32},"end":{"line":27,"column":9}},"line":25}},"branchMap":{"0":{"loc":{"start":{"line":13,"column":20},"end":{"line":13,"column":46}},"type":"binary-expr","locations":[{"start":{"line":13,"column":20},"end":{"line":13,"column":35}},{"start":{"line":13,"column":39},"end":{"line":13,"column":46}}],"line":13},"1":{"loc":{"start":{"line":19,"column":2},"end":{"line":37,"column":3}},"type":"if","locations":[{"start":{"line":19,"column":2},"end":{"line":37,"column":3}},{"start":{"line":19,"column":2},"end":{"line":37,"column":3}}],"line":19}},"s":{"0":3,"1":65,"2":65,"3":462,"4":65,"5":462,"6":65,"7":0,"8":0,"9":0,"10":0,"11":0,"12":65,"13":0,"14":0,"15":65},"f":{"0":65,"1":462,"2":462,"3":0,"4":0},"b":{"0":[0,0],"1":[0,65]},"_coverageSchema":"1a1c01bbd47fc00a2c39e90264f33305004495a9","hash":"d08a22a37f18806eab5a1fcff387662765a36e9a"}
,"/Users/kaylaelortondo/Documents/Galvanize/SEI/FEC/client/src/components/overview/addToCart/sizeSelect.jsx": {"path":"/Users/kaylaelortondo/Documents/Galvanize/SEI/FEC/client/src/components/overview/addToCart/sizeSelect.jsx","statementMap":{"0":{"start":{"line":14,"column":19},"end":{"line":97,"column":1}},"1":{"start":{"line":15,"column":19},"end":{"line":15,"column":32}},"2":{"start":{"line":17,"column":14},"end":{"line":17,"column":52}},"3":{"start":{"line":17,"column":37},"end":{"line":17,"column":51}},"4":{"start":{"line":18,"column":16},"end":{"line":18,"column":56}},"5":{"start":{"line":18,"column":39},"end":{"line":18,"column":55}},"6":{"start":{"line":19,"column":23},"end":{"line":19,"column":74}},"7":{"start":{"line":19,"column":46},"end":{"line":19,"column":73}},"8":{"start":{"line":20,"column":26},"end":{"line":20,"column":80}},"9":{"start":{"line":20,"column":49},"end":{"line":20,"column":79}},"10":{"start":{"line":24,"column":19},"end":{"line":30,"column":3}},"11":{"start":{"line":25,"column":16},"end":{"line":25,"column":18}},"12":{"start":{"line":26,"column":4},"end":{"line":28,"column":7}},"13":{"start":{"line":27,"column":6},"end":{"line":27,"column":56}},"14":{"start":{"line":29,"column":4},"end":{"line":29,"column":17}},"15":{"start":{"line":33,"column":2},"end":{"line":45,"column":3}},"16":{"start":{"line":34,"column":4},"end":{"line":34,"column":68}},"17":{"start":{"line":34,"column":34},"end":{"line":34,"column":66}},"18":{"start":{"line":36,"column":4},"end":{"line":41,"column":5}},"19":{"start":{"line":37,"column":6},"end":{"line":37,"column":18}},"20":{"start":{"line":40,"column":6},"end":{"line":40,"column":46}},"21":{"start":{"line":44,"column":4},"end":{"line":44,"column":63}},"22":{"start":{"line":44,"column":34},"end":{"line":44,"column":61}},"23":{"start":{"line":48,"column":2},"end":{"line":50,"column":21}},"24":{"start":{"line":49,"column":4},"end":{"line":49,"column":22}},"25":{"start":{"line":53,"column":2},"end":{"line":57,"column":13}},"26":{"start":{"line":54,"column":4},"end":{"line":56,"column":5}},"27":{"start":{"line":55,"column":6},"end":{"line":55,"column":49}},"28":{"start":{"line":60,"column":2},"end":{"line":96,"column":3}},"29":{"start":{"line":61,"column":4},"end":{"line":66,"column":6}},"30":{"start":{"line":67,"column":9},"end":{"line":96,"column":3}},"31":{"start":{"line":68,"column":4},"end":{"line":81,"column":6}},"32":{"start":{"line":74,"column":10},"end":{"line":74,"column":56}},"33":{"start":{"line":75,"column":10},"end":{"line":75,"column":73}},"34":{"start":{"line":76,"column":10},"end":{"line":76,"column":46}},"35":{"start":{"line":77,"column":10},"end":{"line":77,"column":56}},"36":{"start":{"line":78,"column":10},"end":{"line":78,"column":36}},"37":{"start":{"line":83,"column":4},"end":{"line":95,"column":6}},"38":{"start":{"line":88,"column":10},"end":{"line":88,"column":56}},"39":{"start":{"line":89,"column":10},"end":{"line":89,"column":73}},"40":{"start":{"line":90,"column":10},"end":{"line":90,"column":46}},"41":{"start":{"line":91,"column":10},"end":{"line":91,"column":56}},"42":{"start":{"line":92,"column":10},"end":{"line":92,"column":36}}},"fnMap":{"0":{"name":"(anonymous_0)","decl":{"start":{"line":14,"column":19},"end":{"line":14,"column":20}},"loc":{"start":{"line":14,"column":30},"end":{"line":97,"column":1}},"line":14},"1":{"name":"(anonymous_1)","decl":{"start":{"line":17,"column":26},"end":{"line":17,"column":27}},"loc":{"start":{"line":17,"column":37},"end":{"line":17,"column":51}},"line":17},"2":{"name":"(anonymous_2)","decl":{"start":{"line":18,"column":28},"end":{"line":18,"column":29}},"loc":{"start":{"line":18,"column":39},"end":{"line":18,"column":55}},"line":18},"3":{"name":"(anonymous_3)","decl":{"start":{"line":19,"column":35},"end":{"line":19,"column":36}},"loc":{"start":{"line":19,"column":46},"end":{"line":19,"column":73}},"line":19},"4":{"name":"(anonymous_4)","decl":{"start":{"line":20,"column":38},"end":{"line":20,"column":39}},"loc":{"start":{"line":20,"column":49},"end":{"line":20,"column":79}},"line":20},"5":{"name":"(anonymous_5)","decl":{"start":{"line":24,"column":19},"end":{"line":24,"column":20}},"loc":{"start":{"line":24,"column":29},"end":{"line":30,"column":3}},"line":24},"6":{"name":"(anonymous_6)","decl":{"start":{"line":26,"column":26},"end":{"line":26,"column":27}},"loc":{"start":{"line":26,"column":35},"end":{"line":28,"column":5}},"line":26},"7":{"name":"(anonymous_7)","decl":{"start":{"line":34,"column":23},"end":{"line":34,"column":24}},"loc":{"start":{"line":34,"column":34},"end":{"line":34,"column":66}},"line":34},"8":{"name":"(anonymous_8)","decl":{"start":{"line":44,"column":23},"end":{"line":44,"column":24}},"loc":{"start":{"line":44,"column":34},"end":{"line":44,"column":61}},"line":44},"9":{"name":"(anonymous_9)","decl":{"start":{"line":48,"column":12},"end":{"line":48,"column":13}},"loc":{"start":{"line":48,"column":18},"end":{"line":50,"column":3}},"line":48},"10":{"name":"(anonymous_10)","decl":{"start":{"line":53,"column":12},"end":{"line":53,"column":13}},"loc":{"start":{"line":53,"column":18},"end":{"line":57,"column":3}},"line":53},"11":{"name":"(anonymous_11)","decl":{"start":{"line":73,"column":18},"end":{"line":73,"column":19}},"loc":{"start":{"line":73,"column":32},"end":{"line":79,"column":9}},"line":73},"12":{"name":"(anonymous_12)","decl":{"start":{"line":87,"column":18},"end":{"line":87,"column":19}},"loc":{"start":{"line":87,"column":32},"end":{"line":93,"column":9}},"line":87}},"branchMap":{"0":{"loc":{"start":{"line":33,"column":2},"end":{"line":45,"column":3}},"type":"if","locations":[{"start":{"line":33,"column":2},"end":{"line":45,"column":3}},{"start":{"line":33,"column":2},"end":{"line":45,"column":3}}],"line":33},"1":{"loc":{"start":{"line":36,"column":4},"end":{"line":41,"column":5}},"type":"if","locations":[{"start":{"line":36,"column":4},"end":{"line":41,"column":5}},{"start":{"line":36,"column":4},"end":{"line":41,"column":5}}],"line":36},"2":{"loc":{"start":{"line":54,"column":4},"end":{"line":56,"column":5}},"type":"if","locations":[{"start":{"line":54,"column":4},"end":{"line":56,"column":5}},{"start":{"line":54,"column":4},"end":{"line":56,"column":5}}],"line":54},"3":{"loc":{"start":{"line":60,"column":2},"end":{"line":96,"column":3}},"type":"if","locations":[{"start":{"line":60,"column":2},"end":{"line":96,"column":3}},{"start":{"line":60,"column":2},"end":{"line":96,"column":3}}],"line":60},"4":{"loc":{"start":{"line":67,"column":9},"end":{"line":96,"column":3}},"type":"if","locations":[{"start":{"line":67,"column":9},"end":{"line":96,"column":3}},{"start":{"line":67,"column":9},"end":{"line":96,"column":3}}],"line":67}},"s":{"0":3,"1":65,"2":65,"3":462,"4":65,"5":462,"6":65,"7":462,"8":65,"9":462,"10":65,"11":40,"12":40,"13":240,"14":40,"15":65,"16":40,"17":308,"18":40,"19":0,"20":40,"21":25,"22":154,"23":65,"24":31,"25":65,"26":31,"27":19,"28":65,"29":26,"30":39,"31":0,"32":0,"33":0,"34":0,"35":0,"36":0,"37":39,"38":0,"39":0,"40":0,"41":0,"42":0},"f":{"0":65,"1":462,"2":462,"3":462,"4":462,"5":40,"6":240,"7":308,"8":154,"9":31,"10":31,"11":0,"12":0},"b":{"0":[40,25],"1":[0,40],"2":[19,12],"3":[26,39],"4":[0,39]},"_coverageSchema":"1a1c01bbd47fc00a2c39e90264f33305004495a9","hash":"fc2ee78aedc2ef7f4b38d559db8305c7e2e76a1e"}
,"/Users/kaylaelortondo/Documents/Galvanize/SEI/FEC/client/src/components/overview/imageGallery/galleryExpanded.jsx": {"path":"/Users/kaylaelortondo/Documents/Galvanize/SEI/FEC/client/src/components/overview/imageGallery/galleryExpanded.jsx","statementMap":{"0":{"start":{"line":17,"column":21},"end":{"line":84,"column":1}},"1":{"start":{"line":18,"column":19},"end":{"line":18,"column":32}},"2":{"start":{"line":19,"column":23},"end":{"line":19,"column":73}},"3":{"start":{"line":19,"column":46},"end":{"line":19,"column":72}},"4":{"start":{"line":20,"column":23},"end":{"line":20,"column":74}},"5":{"start":{"line":20,"column":46},"end":{"line":20,"column":73}},"6":{"start":{"line":21,"column":21},"end":{"line":21,"column":70}},"7":{"start":{"line":21,"column":44},"end":{"line":21,"column":69}},"8":{"start":{"line":23,"column":2},"end":{"line":83,"column":4}},"9":{"start":{"line":29,"column":27},"end":{"line":29,"column":48}},"10":{"start":{"line":34,"column":69},"end":{"line":34,"column":96}},"11":{"start":{"line":36,"column":27},"end":{"line":36,"column":54}},"12":{"start":{"line":50,"column":27},"end":{"line":50,"column":48}},"13":{"start":{"line":63,"column":10},"end":{"line":79,"column":11}},"14":{"start":{"line":64,"column":12},"end":{"line":70,"column":14}},"15":{"start":{"line":66,"column":43},"end":{"line":66,"column":67}},"16":{"start":{"line":72,"column":12},"end":{"line":78,"column":14}},"17":{"start":{"line":74,"column":43},"end":{"line":74,"column":67}}},"fnMap":{"0":{"name":"(anonymous_0)","decl":{"start":{"line":17,"column":21},"end":{"line":17,"column":22}},"loc":{"start":{"line":17,"column":32},"end":{"line":84,"column":1}},"line":17},"1":{"name":"(anonymous_1)","decl":{"start":{"line":19,"column":35},"end":{"line":19,"column":36}},"loc":{"start":{"line":19,"column":46},"end":{"line":19,"column":72}},"line":19},"2":{"name":"(anonymous_2)","decl":{"start":{"line":20,"column":35},"end":{"line":20,"column":36}},"loc":{"start":{"line":20,"column":46},"end":{"line":20,"column":73}},"line":20},"3":{"name":"(anonymous_3)","decl":{"start":{"line":21,"column":33},"end":{"line":21,"column":34}},"loc":{"start":{"line":21,"column":44},"end":{"line":21,"column":69}},"line":21},"4":{"name":"(anonymous_4)","decl":{"start":{"line":29,"column":21},"end":{"line":29,"column":22}},"loc":{"start":{"line":29,"column":27},"end":{"line":29,"column":48}},"line":29},"5":{"name":"(anonymous_5)","decl":{"start":{"line":34,"column":63},"end":{"line":34,"column":64}},"loc":{"start":{"line":34,"column":69},"end":{"line":34,"column":96}},"line":34},"6":{"name":"(anonymous_6)","decl":{"start":{"line":36,"column":21},"end":{"line":36,"column":22}},"loc":{"start":{"line":36,"column":27},"end":{"line":36,"column":54}},"line":36},"7":{"name":"(anonymous_7)","decl":{"start":{"line":50,"column":21},"end":{"line":50,"column":22}},"loc":{"start":{"line":50,"column":27},"end":{"line":50,"column":48}},"line":50},"8":{"name":"(anonymous_8)","decl":{"start":{"line":62,"column":33},"end":{"line":62,"column":34}},"loc":{"start":{"line":62,"column":51},"end":{"line":80,"column":9}},"line":62},"9":{"name":"(anonymous_9)","decl":{"start":{"line":66,"column":37},"end":{"line":66,"column":38}},"loc":{"start":{"line":66,"column":43},"end":{"line":66,"column":67}},"line":66},"10":{"name":"(anonymous_10)","decl":{"start":{"line":74,"column":37},"end":{"line":74,"column":38}},"loc":{"start":{"line":74,"column":43},"end":{"line":74,"column":67}},"line":74}},"branchMap":{"0":{"loc":{"start":{"line":28,"column":19},"end":{"line":28,"column":99}},"type":"cond-expr","locations":[{"start":{"line":28,"column":38},"end":{"line":28,"column":78}},{"start":{"line":28,"column":81},"end":{"line":28,"column":99}}],"line":28},"1":{"loc":{"start":{"line":47,"column":19},"end":{"line":49,"column":32}},"type":"cond-expr","locations":[{"start":{"line":48,"column":14},"end":{"line":48,"column":54}},{"start":{"line":49,"column":14},"end":{"line":49,"column":32}}],"line":47},"2":{"loc":{"start":{"line":63,"column":10},"end":{"line":79,"column":11}},"type":"if","locations":[{"start":{"line":63,"column":10},"end":{"line":79,"column":11}},{"start":{"line":63,"column":10},"end":{"line":79,"column":11}}],"line":63}},"s":{"0":3,"1":0,"2":0,"3":0,"4":0,"5":0,"6":0,"7":0,"8":0,"9":0,"10":0,"11":0,"12":0,"13":0,"14":0,"15":0,"16":0,"17":0},"f":{"0":0,"1":0,"2":0,"3":0,"4":0,"5":0,"6":0,"7":0,"8":0,"9":0,"10":0},"b":{"0":[0,0],"1":[0,0],"2":[0,0]},"_coverageSchema":"1a1c01bbd47fc00a2c39e90264f33305004495a9","hash":"894ea3327d3648b0b269269cb952a818495eb661"}
,"/Users/kaylaelortondo/Documents/Galvanize/SEI/FEC/client/src/components/overview/imageGallery/galleryMagnified.jsx": {"path":"/Users/kaylaelortondo/Documents/Galvanize/SEI/FEC/client/src/components/overview/imageGallery/galleryMagnified.jsx","statementMap":{"0":{"start":{"line":8,"column":22},"end":{"line":40,"column":1}},"1":{"start":{"line":9,"column":19},"end":{"line":9,"column":32}},"2":{"start":{"line":10,"column":23},"end":{"line":10,"column":73}},"3":{"start":{"line":10,"column":46},"end":{"line":10,"column":72}},"4":{"start":{"line":13,"column":16},"end":{"line":13,"column":48}},"5":{"start":{"line":14,"column":12},"end":{"line":14,"column":28}},"6":{"start":{"line":15,"column":15},"end":{"line":15,"column":84}},"7":{"start":{"line":16,"column":4},"end":{"line":16,"column":28}},"8":{"start":{"line":19,"column":10},"end":{"line":19,"column":35}},"9":{"start":{"line":20,"column":10},"end":{"line":20,"column":35}},"10":{"start":{"line":22,"column":2},"end":{"line":39,"column":4}},"11":{"start":{"line":29,"column":8},"end":{"line":29,"column":37}},"12":{"start":{"line":30,"column":8},"end":{"line":30,"column":35}}},"fnMap":{"0":{"name":"(anonymous_0)","decl":{"start":{"line":8,"column":22},"end":{"line":8,"column":23}},"loc":{"start":{"line":8,"column":33},"end":{"line":40,"column":1}},"line":8},"1":{"name":"(anonymous_1)","decl":{"start":{"line":10,"column":35},"end":{"line":10,"column":36}},"loc":{"start":{"line":10,"column":46},"end":{"line":10,"column":72}},"line":10},"2":{"name":"viewportToPixels","decl":{"start":{"line":12,"column":11},"end":{"line":12,"column":27}},"loc":{"start":{"line":12,"column":36},"end":{"line":17,"column":3}},"line":12},"3":{"name":"(anonymous_3)","decl":{"start":{"line":28,"column":15},"end":{"line":28,"column":16}},"loc":{"start":{"line":28,"column":21},"end":{"line":31,"column":7}},"line":28}},"branchMap":{},"s":{"0":3,"1":0,"2":0,"3":0,"4":0,"5":0,"6":0,"7":0,"8":0,"9":0,"10":0,"11":0,"12":0},"f":{"0":0,"1":0,"2":0,"3":0},"b":{},"_coverageSchema":"1a1c01bbd47fc00a2c39e90264f33305004495a9","hash":"5965f9ba849893195057f1772c1eec973c0ed004"}
,"/Users/kaylaelortondo/Documents/Galvanize/SEI/FEC/client/src/components/overview/imageGallery/galleryMainImg.jsx": {"path":"/Users/kaylaelortondo/Documents/Galvanize/SEI/FEC/client/src/components/overview/imageGallery/galleryMainImg.jsx","statementMap":{"0":{"start":{"line":15,"column":23},"end":{"line":52,"column":1}},"1":{"start":{"line":16,"column":19},"end":{"line":16,"column":32}},"2":{"start":{"line":17,"column":23},"end":{"line":17,"column":73}},"3":{"start":{"line":17,"column":46},"end":{"line":17,"column":72}},"4":{"start":{"line":18,"column":23},"end":{"line":18,"column":74}},"5":{"start":{"line":18,"column":46},"end":{"line":18,"column":73}},"6":{"start":{"line":19,"column":21},"end":{"line":19,"column":70}},"7":{"start":{"line":19,"column":44},"end":{"line":19,"column":69}},"8":{"start":{"line":21,"column":2},"end":{"line":51,"column":4}},"9":{"start":{"line":26,"column":25},"end":{"line":26,"column":46}},"10":{"start":{"line":33,"column":25},"end":{"line":33,"column":51}},"11":{"start":{"line":45,"column":25},"end":{"line":45,"column":46}}},"fnMap":{"0":{"name":"(anonymous_0)","decl":{"start":{"line":15,"column":23},"end":{"line":15,"column":24}},"loc":{"start":{"line":15,"column":34},"end":{"line":52,"column":1}},"line":15},"1":{"name":"(anonymous_1)","decl":{"start":{"line":17,"column":35},"end":{"line":17,"column":36}},"loc":{"start":{"line":17,"column":46},"end":{"line":17,"column":72}},"line":17},"2":{"name":"(anonymous_2)","decl":{"start":{"line":18,"column":35},"end":{"line":18,"column":36}},"loc":{"start":{"line":18,"column":46},"end":{"line":18,"column":73}},"line":18},"3":{"name":"(anonymous_3)","decl":{"start":{"line":19,"column":33},"end":{"line":19,"column":34}},"loc":{"start":{"line":19,"column":44},"end":{"line":19,"column":69}},"line":19},"4":{"name":"(anonymous_4)","decl":{"start":{"line":26,"column":19},"end":{"line":26,"column":20}},"loc":{"start":{"line":26,"column":25},"end":{"line":26,"column":46}},"line":26},"5":{"name":"(anonymous_5)","decl":{"start":{"line":33,"column":19},"end":{"line":33,"column":20}},"loc":{"start":{"line":33,"column":25},"end":{"line":33,"column":51}},"line":33},"6":{"name":"(anonymous_6)","decl":{"start":{"line":45,"column":19},"end":{"line":45,"column":20}},"loc":{"start":{"line":45,"column":25},"end":{"line":45,"column":46}},"line":45}},"branchMap":{"0":{"loc":{"start":{"line":25,"column":17},"end":{"line":25,"column":65}},"type":"cond-expr","locations":[{"start":{"line":25,"column":36},"end":{"line":25,"column":60}},{"start":{"line":25,"column":63},"end":{"line":25,"column":65}}],"line":25},"1":{"loc":{"start":{"line":44,"column":17},"end":{"line":44,"column":94}},"type":"cond-expr","locations":[{"start":{"line":44,"column":65},"end":{"line":44,"column":89}},{"start":{"line":44,"column":92},"end":{"line":44,"column":94}}],"line":44}},"s":{"0":3,"1":24,"2":24,"3":293,"4":24,"5":293,"6":24,"7":293,"8":24,"9":0,"10":0,"11":0},"f":{"0":24,"1":293,"2":293,"3":293,"4":0,"5":0,"6":0},"b":{"0":[24,0],"1":[0,24]},"_coverageSchema":"1a1c01bbd47fc00a2c39e90264f33305004495a9","hash":"7007265a8cd76540d81831224b8b73b02d98f701"}
,"/Users/kaylaelortondo/Documents/Galvanize/SEI/FEC/client/src/components/overview/imageGallery/galleryNav.jsx": {"path":"/Users/kaylaelortondo/Documents/Galvanize/SEI/FEC/client/src/components/overview/imageGallery/galleryNav.jsx","statementMap":{"0":{"start":{"line":17,"column":14},"end":{"line":36,"column":2}},"1":{"start":{"line":38,"column":19},"end":{"line":108,"column":1}},"2":{"start":{"line":39,"column":19},"end":{"line":39,"column":32}},"3":{"start":{"line":40,"column":23},"end":{"line":40,"column":74}},"4":{"start":{"line":40,"column":46},"end":{"line":40,"column":73}},"5":{"start":{"line":41,"column":21},"end":{"line":41,"column":70}},"6":{"start":{"line":41,"column":44},"end":{"line":41,"column":69}},"7":{"start":{"line":42,"column":23},"end":{"line":42,"column":73}},"8":{"start":{"line":42,"column":46},"end":{"line":42,"column":72}},"9":{"start":{"line":44,"column":2},"end":{"line":49,"column":21}},"10":{"start":{"line":45,"column":4},"end":{"line":48,"column":5}},"11":{"start":{"line":46,"column":6},"end":{"line":46,"column":65}},"12":{"start":{"line":47,"column":6},"end":{"line":47,"column":52}},"13":{"start":{"line":51,"column":2},"end":{"line":107,"column":4}},"14":{"start":{"line":58,"column":27},"end":{"line":58,"column":48}},"15":{"start":{"line":72,"column":12},"end":{"line":80,"column":13}},"16":{"start":{"line":73,"column":14},"end":{"line":73,"column":40}},"17":{"start":{"line":75,"column":14},"end":{"line":75,"column":180}},"18":{"start":{"line":76,"column":14},"end":{"line":79,"column":18}},"19":{"start":{"line":81,"column":12},"end":{"line":96,"column":14}},"20":{"start":{"line":88,"column":33},"end":{"line":88,"column":57}},"21":{"start":{"line":101,"column":25},"end":{"line":101,"column":46}}},"fnMap":{"0":{"name":"(anonymous_0)","decl":{"start":{"line":38,"column":19},"end":{"line":38,"column":20}},"loc":{"start":{"line":38,"column":30},"end":{"line":108,"column":1}},"line":38},"1":{"name":"(anonymous_1)","decl":{"start":{"line":40,"column":35},"end":{"line":40,"column":36}},"loc":{"start":{"line":40,"column":46},"end":{"line":40,"column":73}},"line":40},"2":{"name":"(anonymous_2)","decl":{"start":{"line":41,"column":33},"end":{"line":41,"column":34}},"loc":{"start":{"line":41,"column":44},"end":{"line":41,"column":69}},"line":41},"3":{"name":"(anonymous_3)","decl":{"start":{"line":42,"column":35},"end":{"line":42,"column":36}},"loc":{"start":{"line":42,"column":46},"end":{"line":42,"column":72}},"line":42},"4":{"name":"(anonymous_4)","decl":{"start":{"line":44,"column":12},"end":{"line":44,"column":13}},"loc":{"start":{"line":44,"column":18},"end":{"line":49,"column":3}},"line":44},"5":{"name":"(anonymous_5)","decl":{"start":{"line":58,"column":21},"end":{"line":58,"column":22}},"loc":{"start":{"line":58,"column":27},"end":{"line":58,"column":48}},"line":58},"6":{"name":"(anonymous_6)","decl":{"start":{"line":70,"column":35},"end":{"line":70,"column":36}},"loc":{"start":{"line":70,"column":53},"end":{"line":97,"column":11}},"line":70},"7":{"name":"(anonymous_7)","decl":{"start":{"line":88,"column":27},"end":{"line":88,"column":28}},"loc":{"start":{"line":88,"column":33},"end":{"line":88,"column":57}},"line":88},"8":{"name":"(anonymous_8)","decl":{"start":{"line":101,"column":19},"end":{"line":101,"column":20}},"loc":{"start":{"line":101,"column":25},"end":{"line":101,"column":46}},"line":101}},"branchMap":{"0":{"loc":{"start":{"line":45,"column":4},"end":{"line":48,"column":5}},"type":"if","locations":[{"start":{"line":45,"column":4},"end":{"line":48,"column":5}},{"start":{"line":45,"column":4},"end":{"line":48,"column":5}}],"line":45},"1":{"loc":{"start":{"line":45,"column":8},"end":{"line":45,"column":78}},"type":"binary-expr","locations":[{"start":{"line":45,"column":8},"end":{"line":45,"column":39}},{"start":{"line":45,"column":43},"end":{"line":45,"column":78}}],"line":45},"2":{"loc":{"start":{"line":72,"column":12},"end":{"line":80,"column":13}},"type":"if","locations":[{"start":{"line":72,"column":12},"end":{"line":80,"column":13}},{"start":{"line":72,"column":12},"end":{"line":80,"column":13}}],"line":72},"3":{"loc":{"start":{"line":72,"column":16},"end":{"line":72,"column":44}},"type":"binary-expr","locations":[{"start":{"line":72,"column":16},"end":{"line":72,"column":21}},{"start":{"line":72,"column":25},"end":{"line":72,"column":44}}],"line":72},"4":{"loc":{"start":{"line":85,"column":23},"end":{"line":85,"column":84}},"type":"cond-expr","locations":[{"start":{"line":85,"column":60},"end":{"line":85,"column":79}},{"start":{"line":85,"column":82},"end":{"line":85,"column":84}}],"line":85},"5":{"loc":{"start":{"line":90,"column":27},"end":{"line":92,"column":67}},"type":"cond-expr","locations":[{"start":{"line":91,"column":22},"end":{"line":91,"column":109}},{"start":{"line":92,"column":22},"end":{"line":92,"column":67}}],"line":90}},"s":{"0":3,"1":3,"2":21,"3":21,"4":290,"5":21,"6":290,"7":21,"8":290,"9":21,"10":19,"11":19,"12":19,"13":21,"14":0,"15":126,"16":126,"17":0,"18":0,"19":126,"20":0,"21":0},"f":{"0":21,"1":290,"2":290,"3":290,"4":19,"5":0,"6":126,"7":0,"8":0},"b":{"0":[19,0],"1":[19,19],"2":[126,0],"3":[126,126],"4":[0,126],"5":[21,105]},"_coverageSchema":"1a1c01bbd47fc00a2c39e90264f33305004495a9","hash":"b3cf01b6888d2e6a39453d24c382aa9a19efbb11"}
,"/Users/kaylaelortondo/Documents/Galvanize/SEI/FEC/client/src/components/overview/imageGallery/imageGallery.jsx": {"path":"/Users/kaylaelortondo/Documents/Galvanize/SEI/FEC/client/src/components/overview/imageGallery/imageGallery.jsx","statementMap":{"0":{"start":{"line":15,"column":21},"end":{"line":34,"column":1}},"1":{"start":{"line":16,"column":23},"end":{"line":16,"column":74}},"2":{"start":{"line":16,"column":46},"end":{"line":16,"column":73}},"3":{"start":{"line":18,"column":2},"end":{"line":33,"column":3}},"4":{"start":{"line":19,"column":4},"end":{"line":28,"column":6}},"5":{"start":{"line":30,"column":4},"end":{"line":32,"column":6}}},"fnMap":{"0":{"name":"(anonymous_0)","decl":{"start":{"line":15,"column":21},"end":{"line":15,"column":22}},"loc":{"start":{"line":15,"column":32},"end":{"line":34,"column":1}},"line":15},"1":{"name":"(anonymous_1)","decl":{"start":{"line":16,"column":35},"end":{"line":16,"column":36}},"loc":{"start":{"line":16,"column":46},"end":{"line":16,"column":73}},"line":16}},"branchMap":{"0":{"loc":{"start":{"line":18,"column":2},"end":{"line":33,"column":3}},"type":"if","locations":[{"start":{"line":18,"column":2},"end":{"line":33,"column":3}},{"start":{"line":18,"column":2},"end":{"line":33,"column":3}}],"line":18}},"s":{"0":3,"1":33,"2":430,"3":33,"4":21,"5":12},"f":{"0":33,"1":430},"b":{"0":[21,12]},"_coverageSchema":"1a1c01bbd47fc00a2c39e90264f33305004495a9","hash":"d15866c4b1beabed4908d68165ca27f007db85b8"}
,"/Users/kaylaelortondo/Documents/Galvanize/SEI/FEC/client/src/components/overview/imageGallery/imageGallerySlice.js": {"path":"/Users/kaylaelortondo/Documents/Galvanize/SEI/FEC/client/src/components/overview/imageGallery/imageGallerySlice.js","statementMap":{"0":{"start":{"line":3,"column":28},"end":{"line":45,"column":2}},"1":{"start":{"line":13,"column":6},"end":{"line":13,"column":26}},"2":{"start":{"line":14,"column":6},"end":{"line":14,"column":67}},"3":{"start":{"line":15,"column":6},"end":{"line":21,"column":7}},"4":{"start":{"line":16,"column":18},"end":{"line":16,"column":20}},"5":{"start":{"line":17,"column":8},"end":{"line":19,"column":9}},"6":{"start":{"line":17,"column":21},"end":{"line":17,"column":38}},"7":{"start":{"line":18,"column":10},"end":{"line":18,"column":25}},"8":{"start":{"line":20,"column":8},"end":{"line":20,"column":33}},"9":{"start":{"line":24,"column":6},"end":{"line":24,"column":26}},"10":{"start":{"line":25,"column":6},"end":{"line":25,"column":67}},"11":{"start":{"line":28,"column":6},"end":{"line":28,"column":41}},"12":{"start":{"line":29,"column":6},"end":{"line":29,"column":67}},"13":{"start":{"line":32,"column":6},"end":{"line":32,"column":42}},"14":{"start":{"line":35,"column":6},"end":{"line":35,"column":44}},"15":{"start":{"line":37,"column":6},"end":{"line":42,"column":7}},"16":{"start":{"line":38,"column":8},"end":{"line":41,"column":10}},"17":{"start":{"line":47,"column":82},"end":{"line":47,"column":102}}},"fnMap":{"0":{"name":"(anonymous_0)","decl":{"start":{"line":12,"column":15},"end":{"line":12,"column":16}},"loc":{"start":{"line":12,"column":34},"end":{"line":22,"column":5}},"line":12},"1":{"name":"(anonymous_1)","decl":{"start":{"line":23,"column":15},"end":{"line":23,"column":16}},"loc":{"start":{"line":23,"column":34},"end":{"line":26,"column":5}},"line":23},"2":{"name":"(anonymous_2)","decl":{"start":{"line":27,"column":13},"end":{"line":27,"column":14}},"loc":{"start":{"line":27,"column":32},"end":{"line":30,"column":5}},"line":27},"3":{"name":"(anonymous_3)","decl":{"start":{"line":31,"column":21},"end":{"line":31,"column":22}},"loc":{"start":{"line":31,"column":40},"end":{"line":33,"column":5}},"line":31},"4":{"name":"(anonymous_4)","decl":{"start":{"line":34,"column":20},"end":{"line":34,"column":21}},"loc":{"start":{"line":34,"column":39},"end":{"line":43,"column":5}},"line":34}},"branchMap":{"0":{"loc":{"start":{"line":15,"column":6},"end":{"line":21,"column":7}},"type":"if","locations":[{"start":{"line":15,"column":6},"end":{"line":21,"column":7}},{"start":{"line":15,"column":6},"end":{"line":21,"column":7}}],"line":15},"1":{"loc":{"start":{"line":37,"column":6},"end":{"line":42,"column":7}},"type":"if","locations":[{"start":{"line":37,"column":6},"end":{"line":42,"column":7}},{"start":{"line":37,"column":6},"end":{"line":42,"column":7}}],"line":37}},"s":{"0":3,"1":0,"2":0,"3":0,"4":0,"5":0,"6":0,"7":0,"8":0,"9":0,"10":0,"11":0,"12":0,"13":19,"14":19,"15":19,"16":0,"17":3},"f":{"0":0,"1":0,"2":0,"3":19,"4":19},"b":{"0":[0,0],"1":[0,19]},"_coverageSchema":"1a1c01bbd47fc00a2c39e90264f33305004495a9","hash":"b3bb697758ae743138f53d26944662c3c5bc96d0"}
,"/Users/kaylaelortondo/Documents/Galvanize/SEI/FEC/client/src/components/overview/productInformation/productInformation.jsx": {"path":"/Users/kaylaelortondo/Documents/Galvanize/SEI/FEC/client/src/components/overview/productInformation/productInformation.jsx","statementMap":{"0":{"start":{"line":15,"column":27},"end":{"line":85,"column":1}},"1":{"start":{"line":16,"column":19},"end":{"line":16,"column":32}},"2":{"start":{"line":18,"column":22},"end":{"line":18,"column":67}},"3":{"start":{"line":18,"column":45},"end":{"line":18,"column":66}},"4":{"start":{"line":19,"column":20},"end":{"line":19,"column":63}},"5":{"start":{"line":19,"column":43},"end":{"line":19,"column":62}},"6":{"start":{"line":20,"column":23},"end":{"line":20,"column":74}},"7":{"start":{"line":20,"column":46},"end":{"line":20,"column":73}},"8":{"start":{"line":21,"column":17},"end":{"line":21,"column":57}},"9":{"start":{"line":21,"column":40},"end":{"line":21,"column":56}},"10":{"start":{"line":22,"column":23},"end":{"line":22,"column":71}},"11":{"start":{"line":22,"column":46},"end":{"line":22,"column":70}},"12":{"start":{"line":24,"column":2},"end":{"line":27,"column":18}},"13":{"start":{"line":25,"column":4},"end":{"line":25,"column":45}},"14":{"start":{"line":26,"column":4},"end":{"line":26,"column":46}},"15":{"start":{"line":29,"column":2},"end":{"line":84,"column":4}}},"fnMap":{"0":{"name":"(anonymous_0)","decl":{"start":{"line":15,"column":27},"end":{"line":15,"column":28}},"loc":{"start":{"line":15,"column":38},"end":{"line":85,"column":1}},"line":15},"1":{"name":"(anonymous_1)","decl":{"start":{"line":18,"column":34},"end":{"line":18,"column":35}},"loc":{"start":{"line":18,"column":45},"end":{"line":18,"column":66}},"line":18},"2":{"name":"(anonymous_2)","decl":{"start":{"line":19,"column":32},"end":{"line":19,"column":33}},"loc":{"start":{"line":19,"column":43},"end":{"line":19,"column":62}},"line":19},"3":{"name":"(anonymous_3)","decl":{"start":{"line":20,"column":35},"end":{"line":20,"column":36}},"loc":{"start":{"line":20,"column":46},"end":{"line":20,"column":73}},"line":20},"4":{"name":"(anonymous_4)","decl":{"start":{"line":21,"column":29},"end":{"line":21,"column":30}},"loc":{"start":{"line":21,"column":40},"end":{"line":21,"column":56}},"line":21},"5":{"name":"(anonymous_5)","decl":{"start":{"line":22,"column":35},"end":{"line":22,"column":36}},"loc":{"start":{"line":22,"column":46},"end":{"line":22,"column":70}},"line":22},"6":{"name":"(anonymous_6)","decl":{"start":{"line":24,"column":12},"end":{"line":24,"column":13}},"loc":{"start":{"line":24,"column":18},"end":{"line":27,"column":3}},"line":24}},"branchMap":{"0":{"loc":{"start":{"line":32,"column":9},"end":{"line":54,"column":16}},"type":"cond-expr","locations":[{"start":{"line":33,"column":10},"end":{"line":40,"column":12}},{"start":{"line":41,"column":10},"end":{"line":54,"column":16}}],"line":32},"1":{"loc":{"start":{"line":70,"column":11},"end":{"line":79,"column":54}},"type":"cond-expr","locations":[{"start":{"line":71,"column":12},"end":{"line":78,"column":18}},{"start":{"line":79,"column":12},"end":{"line":79,"column":54}}],"line":70},"2":{"loc":{"start":{"line":70,"column":11},"end":{"line":70,"column":52}},"type":"binary-expr","locations":[{"start":{"line":70,"column":12},"end":{"line":70,"column":24}},{"start":{"line":70,"column":29},"end":{"line":70,"column":52}}],"line":70}},"s":{"0":3,"1":37,"2":37,"3":434,"4":37,"5":434,"6":37,"7":434,"8":37,"9":434,"10":37,"11":434,"12":37,"13":26,"14":26,"15":37},"f":{"0":37,"1":434,"2":434,"3":434,"4":434,"5":434,"6":26},"b":{"0":[15,22],"1":[2,35],"2":[37,23]},"_coverageSchema":"1a1c01bbd47fc00a2c39e90264f33305004495a9","hash":"7a311796dabb1b89ad5ed0db53667800aae28842"}
,"/Users/kaylaelortondo/Documents/Galvanize/SEI/FEC/client/src/components/overview/styleSelector/styleSelector.jsx": {"path":"/Users/kaylaelortondo/Documents/Galvanize/SEI/FEC/client/src/components/overview/styleSelector/styleSelector.jsx","statementMap":{"0":{"start":{"line":17,"column":18},"end":{"line":32,"column":2}},"1":{"start":{"line":35,"column":22},"end":{"line":94,"column":1}},"2":{"start":{"line":36,"column":18},"end":{"line":36,"column":29}},"3":{"start":{"line":37,"column":19},"end":{"line":37,"column":32}},"4":{"start":{"line":38,"column":20},"end":{"line":38,"column":63}},"5":{"start":{"line":38,"column":43},"end":{"line":38,"column":62}},"6":{"start":{"line":39,"column":20},"end":{"line":39,"column":65}},"7":{"start":{"line":39,"column":43},"end":{"line":39,"column":64}},"8":{"start":{"line":40,"column":23},"end":{"line":40,"column":74}},"9":{"start":{"line":40,"column":46},"end":{"line":40,"column":73}},"10":{"start":{"line":42,"column":2},"end":{"line":44,"column":18}},"11":{"start":{"line":43,"column":4},"end":{"line":43,"column":40}},"12":{"start":{"line":46,"column":2},"end":{"line":93,"column":3}},"13":{"start":{"line":47,"column":4},"end":{"line":90,"column":6}},"14":{"start":{"line":53,"column":12},"end":{"line":57,"column":13}},"15":{"start":{"line":54,"column":14},"end":{"line":54,"column":50}},"16":{"start":{"line":56,"column":14},"end":{"line":56,"column":180}},"17":{"start":{"line":59,"column":12},"end":{"line":86,"column":14}},"18":{"start":{"line":65,"column":31},"end":{"line":65,"column":59}},"19":{"start":{"line":92,"column":4},"end":{"line":92,"column":63}}},"fnMap":{"0":{"name":"(anonymous_0)","decl":{"start":{"line":35,"column":22},"end":{"line":35,"column":23}},"loc":{"start":{"line":35,"column":33},"end":{"line":94,"column":1}},"line":35},"1":{"name":"(anonymous_1)","decl":{"start":{"line":38,"column":32},"end":{"line":38,"column":33}},"loc":{"start":{"line":38,"column":43},"end":{"line":38,"column":62}},"line":38},"2":{"name":"(anonymous_2)","decl":{"start":{"line":39,"column":32},"end":{"line":39,"column":33}},"loc":{"start":{"line":39,"column":43},"end":{"line":39,"column":64}},"line":39},"3":{"name":"(anonymous_3)","decl":{"start":{"line":40,"column":35},"end":{"line":40,"column":36}},"loc":{"start":{"line":40,"column":46},"end":{"line":40,"column":73}},"line":40},"4":{"name":"(anonymous_4)","decl":{"start":{"line":42,"column":12},"end":{"line":42,"column":13}},"loc":{"start":{"line":42,"column":18},"end":{"line":44,"column":3}},"line":42},"5":{"name":"(anonymous_5)","decl":{"start":{"line":51,"column":25},"end":{"line":51,"column":26}},"loc":{"start":{"line":51,"column":54},"end":{"line":87,"column":11}},"line":51},"6":{"name":"(anonymous_6)","decl":{"start":{"line":65,"column":25},"end":{"line":65,"column":26}},"loc":{"start":{"line":65,"column":31},"end":{"line":65,"column":59}},"line":65}},"branchMap":{"0":{"loc":{"start":{"line":46,"column":2},"end":{"line":93,"column":3}},"type":"if","locations":[{"start":{"line":46,"column":2},"end":{"line":93,"column":3}},{"start":{"line":46,"column":2},"end":{"line":93,"column":3}}],"line":46},"1":{"loc":{"start":{"line":53,"column":12},"end":{"line":57,"column":13}},"type":"if","locations":[{"start":{"line":53,"column":12},"end":{"line":57,"column":13}},{"start":{"line":53,"column":12},"end":{"line":57,"column":13}}],"line":53},"2":{"loc":{"start":{"line":53,"column":16},"end":{"line":53,"column":64}},"type":"binary-expr","locations":[{"start":{"line":53,"column":16},"end":{"line":53,"column":31}},{"start":{"line":53,"column":35},"end":{"line":53,"column":64}}],"line":53},"3":{"loc":{"start":{"line":70,"column":17},"end":{"line":83,"column":20}},"type":"cond-expr","locations":[{"start":{"line":71,"column":18},"end":{"line":79,"column":20}},{"start":{"line":80,"column":18},"end":{"line":83,"column":20}}],"line":70}},"s":{"0":3,"1":3,"2":33,"3":33,"4":33,"5":430,"6":33,"7":430,"8":33,"9":430,"10":33,"11":26,"12":33,"13":21,"14":126,"15":126,"16":0,"17":126,"18":2,"19":12},"f":{"0":33,"1":430,"2":430,"3":430,"4":26,"5":126,"6":2},"b":{"0":[21,12],"1":[126,0],"2":[126,126],"3":[21,105]},"_coverageSchema":"1a1c01bbd47fc00a2c39e90264f33305004495a9","hash":"b9ef7f0cb2627af64b619975cc97550485a1783a"}
,"/Users/kaylaelortondo/Documents/Galvanize/SEI/FEC/client/src/components/questionsAnswers/AddAnswer.jsx": {"path":"/Users/kaylaelortondo/Documents/Galvanize/SEI/FEC/client/src/components/questionsAnswers/AddAnswer.jsx","statementMap":{"0":{"start":{"line":14,"column":2},"end":{"line":22,"column":4}},"1":{"start":{"line":25,"column":18},"end":{"line":34,"column":3}},"2":{"start":{"line":25,"column":41},"end":{"line":34,"column":1}},"3":{"start":{"line":37,"column":18},"end":{"line":37,"column":29}},"4":{"start":{"line":39,"column":19},"end":{"line":39,"column":32}},"5":{"start":{"line":40,"column":20},"end":{"line":40,"column":63}},"6":{"start":{"line":40,"column":43},"end":{"line":40,"column":62}},"7":{"start":{"line":41,"column":23},"end":{"line":41,"column":46}},"8":{"start":{"line":42,"column":26},"end":{"line":42,"column":41}},"9":{"start":{"line":43,"column":34},"end":{"line":43,"column":46}},"10":{"start":{"line":44,"column":28},"end":{"line":44,"column":40}},"11":{"start":{"line":45,"column":30},"end":{"line":45,"column":42}},"12":{"start":{"line":47,"column":21},"end":{"line":49,"column":3}},"13":{"start":{"line":48,"column":4},"end":{"line":48,"column":18}},"14":{"start":{"line":51,"column":22},"end":{"line":53,"column":3}},"15":{"start":{"line":52,"column":4},"end":{"line":52,"column":19}},"16":{"start":{"line":55,"column":28},"end":{"line":68,"column":3}},"17":{"start":{"line":56,"column":4},"end":{"line":59,"column":5}},"18":{"start":{"line":57,"column":6},"end":{"line":57,"column":34}},"19":{"start":{"line":58,"column":6},"end":{"line":58,"column":41}},"20":{"start":{"line":60,"column":4},"end":{"line":63,"column":5}},"21":{"start":{"line":61,"column":6},"end":{"line":61,"column":31}},"22":{"start":{"line":62,"column":6},"end":{"line":62,"column":35}},"23":{"start":{"line":64,"column":4},"end":{"line":67,"column":5}},"24":{"start":{"line":65,"column":6},"end":{"line":65,"column":32}},"25":{"start":{"line":66,"column":6},"end":{"line":66,"column":37}},"26":{"start":{"line":70,"column":24},"end":{"line":86,"column":3}},"27":{"start":{"line":71,"column":4},"end":{"line":85,"column":5}},"28":{"start":{"line":72,"column":6},"end":{"line":84,"column":10}},"29":{"start":{"line":78,"column":20},"end":{"line":78,"column":55}},"30":{"start":{"line":89,"column":4},"end":{"line":105,"column":10}},"31":{"start":{"line":102,"column":33},"end":{"line":102,"column":64}},"32":{"start":{"line":108,"column":2},"end":{"line":126,"column":4}}},"fnMap":{"0":{"name":"getModalStyle","decl":{"start":{"line":13,"column":9},"end":{"line":13,"column":22}},"loc":{"start":{"line":13,"column":26},"end":{"line":23,"column":1}},"line":13},"1":{"name":"(anonymous_1)","decl":{"start":{"line":25,"column":29},"end":{"line":25,"column":30}},"loc":{"start":{"line":25,"column":41},"end":{"line":34,"column":1}},"line":25},"2":{"name":"AddAModal","decl":{"start":{"line":36,"column":24},"end":{"line":36,"column":33}},"loc":{"start":{"line":36,"column":42},"end":{"line":127,"column":1}},"line":36},"3":{"name":"(anonymous_3)","decl":{"start":{"line":40,"column":32},"end":{"line":40,"column":33}},"loc":{"start":{"line":40,"column":43},"end":{"line":40,"column":62}},"line":40},"4":{"name":"(anonymous_4)","decl":{"start":{"line":47,"column":21},"end":{"line":47,"column":22}},"loc":{"start":{"line":47,"column":27},"end":{"line":49,"column":3}},"line":47},"5":{"name":"(anonymous_5)","decl":{"start":{"line":51,"column":22},"end":{"line":51,"column":23}},"loc":{"start":{"line":51,"column":28},"end":{"line":53,"column":3}},"line":51},"6":{"name":"(anonymous_6)","decl":{"start":{"line":55,"column":28},"end":{"line":55,"column":29}},"loc":{"start":{"line":55,"column":35},"end":{"line":68,"column":3}},"line":55},"7":{"name":"(anonymous_7)","decl":{"start":{"line":70,"column":24},"end":{"line":70,"column":25}},"loc":{"start":{"line":70,"column":40},"end":{"line":86,"column":3}},"line":70},"8":{"name":"(anonymous_8)","decl":{"start":{"line":78,"column":14},"end":{"line":78,"column":15}},"loc":{"start":{"line":78,"column":20},"end":{"line":78,"column":55}},"line":78},"9":{"name":"(anonymous_9)","decl":{"start":{"line":102,"column":27},"end":{"line":102,"column":28}},"loc":{"start":{"line":102,"column":33},"end":{"line":102,"column":64}},"line":102}},"branchMap":{"0":{"loc":{"start":{"line":56,"column":4},"end":{"line":59,"column":5}},"type":"if","locations":[{"start":{"line":56,"column":4},"end":{"line":59,"column":5}},{"start":{"line":56,"column":4},"end":{"line":59,"column":5}}],"line":56},"1":{"loc":{"start":{"line":60,"column":4},"end":{"line":63,"column":5}},"type":"if","locations":[{"start":{"line":60,"column":4},"end":{"line":63,"column":5}},{"start":{"line":60,"column":4},"end":{"line":63,"column":5}}],"line":60},"2":{"loc":{"start":{"line":64,"column":4},"end":{"line":67,"column":5}},"type":"if","locations":[{"start":{"line":64,"column":4},"end":{"line":67,"column":5}},{"start":{"line":64,"column":4},"end":{"line":67,"column":5}}],"line":64},"3":{"loc":{"start":{"line":71,"column":4},"end":{"line":85,"column":5}},"type":"if","locations":[{"start":{"line":71,"column":4},"end":{"line":85,"column":5}},{"start":{"line":71,"column":4},"end":{"line":85,"column":5}}],"line":71},"4":{"loc":{"start":{"line":71,"column":8},"end":{"line":71,"column":56}},"type":"binary-expr","locations":[{"start":{"line":71,"column":8},"end":{"line":71,"column":21}},{"start":{"line":71,"column":25},"end":{"line":71,"column":40}},{"start":{"line":71,"column":44},"end":{"line":71,"column":56}}],"line":71}},"s":{"0":60,"1":3,"2":13,"3":60,"4":60,"5":60,"6":1116,"7":60,"8":60,"9":60,"10":60,"11":60,"12":60,"13":0,"14":60,"15":0,"16":60,"17":0,"18":0,"19":0,"20":0,"21":0,"22":0,"23":0,"24":0,"25":0,"26":60,"27":0,"28":0,"29":0,"30":60,"31":0,"32":60},"f":{"0":60,"1":13,"2":60,"3":1116,"4":0,"5":0,"6":0,"7":0,"8":0,"9":0},"b":{"0":[0,0],"1":[0,0],"2":[0,0],"3":[0,0],"4":[0,0,0]},"_coverageSchema":"1a1c01bbd47fc00a2c39e90264f33305004495a9","hash":"39cf30c18aa8f22f5dc7d259a18b4ca0c6f92168"}
,"/Users/kaylaelortondo/Documents/Galvanize/SEI/FEC/client/src/components/questionsAnswers/AddQuestion.jsx": {"path":"/Users/kaylaelortondo/Documents/Galvanize/SEI/FEC/client/src/components/questionsAnswers/AddQuestion.jsx","statementMap":{"0":{"start":{"line":13,"column":2},"end":{"line":21,"column":4}},"1":{"start":{"line":24,"column":18},"end":{"line":33,"column":3}},"2":{"start":{"line":24,"column":41},"end":{"line":33,"column":1}},"3":{"start":{"line":36,"column":18},"end":{"line":36,"column":29}},"4":{"start":{"line":37,"column":19},"end":{"line":37,"column":32}},"5":{"start":{"line":38,"column":20},"end":{"line":38,"column":63}},"6":{"start":{"line":38,"column":43},"end":{"line":38,"column":62}},"7":{"start":{"line":39,"column":23},"end":{"line":39,"column":46}},"8":{"start":{"line":40,"column":26},"end":{"line":40,"column":41}},"9":{"start":{"line":41,"column":34},"end":{"line":41,"column":46}},"10":{"start":{"line":42,"column":28},"end":{"line":42,"column":40}},"11":{"start":{"line":43,"column":34},"end":{"line":43,"column":46}},"12":{"start":{"line":45,"column":21},"end":{"line":47,"column":3}},"13":{"start":{"line":46,"column":4},"end":{"line":46,"column":18}},"14":{"start":{"line":49,"column":22},"end":{"line":51,"column":3}},"15":{"start":{"line":50,"column":4},"end":{"line":50,"column":19}},"16":{"start":{"line":53,"column":28},"end":{"line":66,"column":3}},"17":{"start":{"line":54,"column":4},"end":{"line":57,"column":5}},"18":{"start":{"line":55,"column":6},"end":{"line":55,"column":34}},"19":{"start":{"line":56,"column":6},"end":{"line":56,"column":41}},"20":{"start":{"line":58,"column":4},"end":{"line":61,"column":5}},"21":{"start":{"line":59,"column":6},"end":{"line":59,"column":31}},"22":{"start":{"line":60,"column":6},"end":{"line":60,"column":35}},"23":{"start":{"line":62,"column":4},"end":{"line":65,"column":5}},"24":{"start":{"line":63,"column":6},"end":{"line":63,"column":34}},"25":{"start":{"line":64,"column":6},"end":{"line":64,"column":41}},"26":{"start":{"line":68,"column":24},"end":{"line":84,"column":3}},"27":{"start":{"line":69,"column":4},"end":{"line":83,"column":5}},"28":{"start":{"line":70,"column":6},"end":{"line":82,"column":10}},"29":{"start":{"line":76,"column":20},"end":{"line":76,"column":55}},"30":{"start":{"line":87,"column":4},"end":{"line":103,"column":10}},"31":{"start":{"line":106,"column":2},"end":{"line":120,"column":4}}},"fnMap":{"0":{"name":"getModalStyle","decl":{"start":{"line":12,"column":9},"end":{"line":12,"column":22}},"loc":{"start":{"line":12,"column":26},"end":{"line":22,"column":1}},"line":12},"1":{"name":"(anonymous_1)","decl":{"start":{"line":24,"column":29},"end":{"line":24,"column":30}},"loc":{"start":{"line":24,"column":41},"end":{"line":33,"column":1}},"line":24},"2":{"name":"AddQModal","decl":{"start":{"line":35,"column":24},"end":{"line":35,"column":33}},"loc":{"start":{"line":35,"column":37},"end":{"line":121,"column":1}},"line":35},"3":{"name":"(anonymous_3)","decl":{"start":{"line":38,"column":32},"end":{"line":38,"column":33}},"loc":{"start":{"line":38,"column":43},"end":{"line":38,"column":62}},"line":38},"4":{"name":"(anonymous_4)","decl":{"start":{"line":45,"column":21},"end":{"line":45,"column":22}},"loc":{"start":{"line":45,"column":27},"end":{"line":47,"column":3}},"line":45},"5":{"name":"(anonymous_5)","decl":{"start":{"line":49,"column":22},"end":{"line":49,"column":23}},"loc":{"start":{"line":49,"column":28},"end":{"line":51,"column":3}},"line":49},"6":{"name":"(anonymous_6)","decl":{"start":{"line":53,"column":28},"end":{"line":53,"column":29}},"loc":{"start":{"line":53,"column":35},"end":{"line":66,"column":3}},"line":53},"7":{"name":"(anonymous_7)","decl":{"start":{"line":68,"column":24},"end":{"line":68,"column":25}},"loc":{"start":{"line":68,"column":30},"end":{"line":84,"column":3}},"line":68},"8":{"name":"(anonymous_8)","decl":{"start":{"line":76,"column":14},"end":{"line":76,"column":15}},"loc":{"start":{"line":76,"column":20},"end":{"line":76,"column":55}},"line":76}},"branchMap":{"0":{"loc":{"start":{"line":54,"column":4},"end":{"line":57,"column":5}},"type":"if","locations":[{"start":{"line":54,"column":4},"end":{"line":57,"column":5}},{"start":{"line":54,"column":4},"end":{"line":57,"column":5}}],"line":54},"1":{"loc":{"start":{"line":58,"column":4},"end":{"line":61,"column":5}},"type":"if","locations":[{"start":{"line":58,"column":4},"end":{"line":61,"column":5}},{"start":{"line":58,"column":4},"end":{"line":61,"column":5}}],"line":58},"2":{"loc":{"start":{"line":62,"column":4},"end":{"line":65,"column":5}},"type":"if","locations":[{"start":{"line":62,"column":4},"end":{"line":65,"column":5}},{"start":{"line":62,"column":4},"end":{"line":65,"column":5}}],"line":62},"3":{"loc":{"start":{"line":69,"column":4},"end":{"line":83,"column":5}},"type":"if","locations":[{"start":{"line":69,"column":4},"end":{"line":83,"column":5}},{"start":{"line":69,"column":4},"end":{"line":83,"column":5}}],"line":69},"4":{"loc":{"start":{"line":69,"column":8},"end":{"line":69,"column":58}},"type":"binary-expr","locations":[{"start":{"line":69,"column":8},"end":{"line":69,"column":23}},{"start":{"line":69,"column":27},"end":{"line":69,"column":42}},{"start":{"line":69,"column":46},"end":{"line":69,"column":58}}],"line":69}},"s":{"0":26,"1":3,"2":24,"3":26,"4":26,"5":26,"6":423,"7":26,"8":26,"9":26,"10":26,"11":26,"12":26,"13":0,"14":26,"15":0,"16":26,"17":0,"18":0,"19":0,"20":0,"21":0,"22":0,"23":0,"24":0,"25":0,"26":26,"27":0,"28":0,"29":0,"30":26,"31":26},"f":{"0":26,"1":24,"2":26,"3":423,"4":0,"5":0,"6":0,"7":0,"8":0},"b":{"0":[0,0],"1":[0,0],"2":[0,0],"3":[0,0],"4":[0,0,0]},"_coverageSchema":"1a1c01bbd47fc00a2c39e90264f33305004495a9","hash":"0c29ca93f283b2cbc1abc6025aca42568a1a7520"}
,"/Users/kaylaelortondo/Documents/Galvanize/SEI/FEC/client/src/components/questionsAnswers/Answer.jsx": {"path":"/Users/kaylaelortondo/Documents/Galvanize/SEI/FEC/client/src/components/questionsAnswers/Answer.jsx","statementMap":{"0":{"start":{"line":7,"column":15},"end":{"line":40,"column":1}},"1":{"start":{"line":8,"column":19},"end":{"line":8,"column":32}},"2":{"start":{"line":10,"column":62},"end":{"line":10,"column":96}},"3":{"start":{"line":11,"column":48},"end":{"line":11,"column":63}},"4":{"start":{"line":12,"column":34},"end":{"line":12,"column":49}},"5":{"start":{"line":14,"column":24},"end":{"line":17,"column":3}},"6":{"start":{"line":15,"column":4},"end":{"line":16,"column":31}},"7":{"start":{"line":19,"column":2},"end":{"line":39,"column":4}},"8":{"start":{"line":30,"column":14},"end":{"line":30,"column":69}},"9":{"start":{"line":31,"column":14},"end":{"line":31,"column":68}},"10":{"start":{"line":32,"column":14},"end":{"line":32,"column":39}},"11":{"start":{"line":36,"column":61},"end":{"line":36,"column":91}}},"fnMap":{"0":{"name":"(anonymous_0)","decl":{"start":{"line":7,"column":15},"end":{"line":7,"column":16}},"loc":{"start":{"line":7,"column":26},"end":{"line":40,"column":1}},"line":7},"1":{"name":"(anonymous_1)","decl":{"start":{"line":14,"column":24},"end":{"line":14,"column":25}},"loc":{"start":{"line":14,"column":38},"end":{"line":17,"column":3}},"line":14},"2":{"name":"(anonymous_2)","decl":{"start":{"line":29,"column":21},"end":{"line":29,"column":22}},"loc":{"start":{"line":29,"column":27},"end":{"line":33,"column":13}},"line":29},"3":{"name":"(anonymous_3)","decl":{"start":{"line":36,"column":55},"end":{"line":36,"column":56}},"loc":{"start":{"line":36,"column":61},"end":{"line":36,"column":91}},"line":36}},"branchMap":{"0":{"loc":{"start":{"line":25,"column":12},"end":{"line":25,"column":96}},"type":"cond-expr","locations":[{"start":{"line":25,"column":54},"end":{"line":25,"column":67}},{"start":{"line":25,"column":70},"end":{"line":25,"column":96}}],"line":25},"1":{"loc":{"start":{"line":27,"column":9},"end":{"line":34,"column":36}},"type":"cond-expr","locations":[{"start":{"line":28,"column":10},"end":{"line":34,"column":14}},{"start":{"line":34,"column":17},"end":{"line":34,"column":36}}],"line":27},"2":{"loc":{"start":{"line":36,"column":9},"end":{"line":36,"column":116}},"type":"cond-expr","locations":[{"start":{"line":36,"column":21},"end":{"line":36,"column":103}},{"start":{"line":36,"column":106},"end":{"line":36,"column":116}}],"line":36}},"s":{"0":3,"1":45,"2":45,"3":45,"4":45,"5":45,"6":0,"7":45,"8":0,"9":0,"10":0,"11":0},"f":{"0":45,"1":0,"2":0,"3":0},"b":{"0":[0,45],"1":[45,0],"2":[45,0]},"_coverageSchema":"1a1c01bbd47fc00a2c39e90264f33305004495a9","hash":"b084b27fb37564ef74a74eeea594bb42abcfab18"}
[...]
,"/Users/kaylaelortondo/Documents/Galvanize/SEI/FEC/client/src/components/ratingsReviews/reviewSortSearch.jsx": {"path":"/Users/kaylaelortondo/Documents/Galvanize/SEI/FEC/client/src/components/ratingsReviews/reviewSortSearch.jsx","statementMap":{"0":{"start":{"line":10,"column":25},"end":{"line":50,"column":1}},"1":{"start":{"line":11,"column":23},"end":{"line":11,"column":71}},"2":{"start":{"line":11,"column":46},"end":{"line":11,"column":70}},"3":{"start":{"line":12,"column":20},"end":{"line":12,"column":63}},"4":{"start":{"line":12,"column":43},"end":{"line":12,"column":62}},"5":{"start":{"line":13,"column":15},"end":{"line":13,"column":59}},"6":{"start":{"line":13,"column":38},"end":{"line":13,"column":58}},"7":{"start":{"line":14,"column":19},"end":{"line":14,"column":32}},"8":{"start":{"line":16,"column":2},"end":{"line":49,"column":4}},"9":{"start":{"line":36,"column":14},"end":{"line":36,"column":42}},"10":{"start":{"line":37,"column":14},"end":{"line":43,"column":15}},"11":{"start":{"line":38,"column":16},"end":{"line":38,"column":56}},"12":{"start":{"line":39,"column":21},"end":{"line":43,"column":15}},"13":{"start":{"line":40,"column":16},"end":{"line":40,"column":58}},"14":{"start":{"line":41,"column":21},"end":{"line":43,"column":15}},"15":{"start":{"line":42,"column":16},"end":{"line":42,"column":57}}},"fnMap":{"0":{"name":"(anonymous_0)","decl":{"start":{"line":10,"column":25},"end":{"line":10,"column":26}},"loc":{"start":{"line":10,"column":36},"end":{"line":50,"column":1}},"line":10},"1":{"name":"(anonymous_1)","decl":{"start":{"line":11,"column":35},"end":{"line":11,"column":36}},"loc":{"start":{"line":11,"column":46},"end":{"line":11,"column":70}},"line":11},"2":{"name":"(anonymous_2)","decl":{"start":{"line":12,"column":32},"end":{"line":12,"column":33}},"loc":{"start":{"line":12,"column":43},"end":{"line":12,"column":62}},"line":12},"3":{"name":"(anonymous_3)","decl":{"start":{"line":13,"column":27},"end":{"line":13,"column":28}},"loc":{"start":{"line":13,"column":38},"end":{"line":13,"column":58}},"line":13},"4":{"name":"(anonymous_4)","decl":{"start":{"line":35,"column":22},"end":{"line":35,"column":23}},"loc":{"start":{"line":35,"column":36},"end":{"line":44,"column":13}},"line":35}},"branchMap":{"0":{"loc":{"start":{"line":37,"column":14},"end":{"line":43,"column":15}},"type":"if","locations":[{"start":{"line":37,"column":14},"end":{"line":43,"column":15}},{"start":{"line":37,"column":14},"end":{"line":43,"column":15}}],"line":37},"1":{"loc":{"start":{"line":39,"column":21},"end":{"line":43,"column":15}},"type":"if","locations":[{"start":{"line":39,"column":21},"end":{"line":43,"column":15}},{"start":{"line":39,"column":21},"end":{"line":43,"column":15}}],"line":39},"2":{"loc":{"start":{"line":41,"column":21},"end":{"line":43,"column":15}},"type":"if","locations":[{"start":{"line":41,"column":21},"end":{"line":43,"column":15}},{"start":{"line":41,"column":21},"end":{"line":43,"column":15}}],"line":41}},"s":{"0":4,"1":29,"2":426,"3":29,"4":426,"5":29,"6":426,"7":29,"8":29,"9":0,"10":0,"11":0,"12":0,"13":0,"14":0,"15":0},"f":{"0":29,"1":426,"2":426,"3":426,"4":0},"b":{"0":[0,0],"1":[0,0],"2":[0,0]},"_coverageSchema":"1a1c01bbd47fc00a2c39e90264f33305004495a9","hash":"a155b39dd70ef639d76072518160574b56f55d6d"}
,"/Users/kaylaelortondo/Documents/Galvanize/SEI/FEC/client/src/components/relatedItemsComparison/outfitSlice.js": {"path":"/Users/kaylaelortondo/Documents/Galvanize/SEI/FEC/client/src/components/relatedItemsComparison/outfitSlice.js","statementMap":{"0":{"start":{"line":2,"column":27},"end":{"line":18,"column":2}},"1":{"start":{"line":11,"column":6},"end":{"line":11,"column":47}},"2":{"start":{"line":12,"column":6},"end":{"line":12,"column":46}},"3":{"start":{"line":15,"column":6},"end":{"line":15,"column":45}},"4":{"start":{"line":20,"column":49},"end":{"line":20,"column":68}}},"fnMap":{"0":{"name":"(anonymous_0)","decl":{"start":{"line":10,"column":17},"end":{"line":10,"column":18}},"loc":{"start":{"line":10,"column":36},"end":{"line":13,"column":5}},"line":10},"1":{"name":"(anonymous_1)","decl":{"start":{"line":14,"column":22},"end":{"line":14,"column":23}},"loc":{"start":{"line":14,"column":41},"end":{"line":16,"column":5}},"line":14}},"branchMap":{},"s":{"0":3,"1":0,"2":0,"3":0,"4":3},"f":{"0":0,"1":0},"b":{},"_coverageSchema":"1a1c01bbd47fc00a2c39e90264f33305004495a9","hash":"328b4c4b6e0347fff2b7d73c793674d07d86b05e"}
,"/Users/kaylaelortondo/Documents/Galvanize/SEI/FEC/client/src/components/relatedItemsComparison/relatedItemsComparison.jsx": {"path":"/Users/kaylaelortondo/Documents/Galvanize/SEI/FEC/client/src/components/relatedItemsComparison/relatedItemsComparison.jsx","statementMap":{"0":{"start":{"line":11,"column":18},"end":{"line":20,"column":3}},"1":{"start":{"line":11,"column":41},"end":{"line":20,"column":1}},"2":{"start":{"line":22,"column":31},"end":{"line":40,"column":1}},"3":{"start":{"line":23,"column":18},"end":{"line":23,"column":29}},"4":{"start":{"line":25,"column":2},"end":{"line":39,"column":4}}},"fnMap":{"0":{"name":"(anonymous_0)","decl":{"start":{"line":11,"column":29},"end":{"line":11,"column":30}},"loc":{"start":{"line":11,"column":41},"end":{"line":20,"column":1}},"line":11},"1":{"name":"(anonymous_1)","decl":{"start":{"line":22,"column":31},"end":{"line":22,"column":32}},"loc":{"start":{"line":22,"column":37},"end":{"line":40,"column":1}},"line":22}},"branchMap":{},"s":{"0":3,"1":24,"2":3,"3":26,"4":26},"f":{"0":24,"1":26},"b":{},"_coverageSchema":"1a1c01bbd47fc00a2c39e90264f33305004495a9","hash":"8d50e45a6bfeeab45e8ddc1ce1aafa3e1cd2cd7a"}
,"/Users/kaylaelortondo/Documents/Galvanize/SEI/FEC/client/src/components/relatedItemsComparison/relatedSlice.js": {"path":"/Users/kaylaelortondo/Documents/Galvanize/SEI/FEC/client/src/components/relatedItemsComparison/relatedSlice.js","statementMap":{"0":{"start":{"line":2,"column":14},"end":{"line":2,"column":30}},"1":{"start":{"line":4,"column":36},"end":{"line":6,"column":1}},"2":{"start":{"line":5,"column":2},"end":{"line":5,"column":59}},"3":{"start":{"line":8,"column":36},"end":{"line":10,"column":1}},"4":{"start":{"line":9,"column":2},"end":{"line":9,"column":66}},"5":{"start":{"line":12,"column":45},"end":{"line":14,"column":1}},"6":{"start":{"line":13,"column":2},"end":{"line":13,"column":74}},"7":{"start":{"line":16,"column":22},"end":{"line":28,"column":1}},"8":{"start":{"line":17,"column":21},"end":{"line":19,"column":7}},"9":{"start":{"line":18,"column":4},"end":{"line":18,"column":52}},"10":{"start":{"line":21,"column":14},"end":{"line":21,"column":15}},"11":{"start":{"line":22,"column":2},"end":{"line":24,"column":3}},"12":{"start":{"line":23,"column":4},"end":{"line":23,"column":68}},"13":{"start":{"line":26,"column":12},"end":{"line":26,"column":32}},"14":{"start":{"line":27,"column":2},"end":{"line":27,"column":13}},"15":{"start":{"line":30,"column":28},"end":{"line":96,"column":1}},"16":{"start":{"line":34,"column":4},"end":{"line":93,"column":9}},"17":{"start":{"line":36,"column":8},"end":{"line":36,"column":29}},"18":{"start":{"line":39,"column":27},"end":{"line":39,"column":29}},"19":{"start":{"line":40,"column":8},"end":{"line":42,"column":11}},"20":{"start":{"line":41,"column":10},"end":{"line":41,"column":70}},"21":{"start":{"line":43,"column":8},"end":{"line":43,"column":28}},"22":{"start":{"line":46,"column":8},"end":{"line":46,"column":43}},"23":{"start":{"line":49,"column":8},"end":{"line":49,"column":22}},"24":{"start":{"line":50,"column":8},"end":{"line":52,"column":11}},"25":{"start":{"line":51,"column":10},"end":{"line":51,"column":38}},"26":{"start":{"line":53,"column":8},"end":{"line":53,"column":24}},"27":{"start":{"line":56,"column":27},"end":{"line":56,"column":29}},"28":{"start":{"line":57,"column":8},"end":{"line":59,"column":11}},"29":{"start":{"line":58,"column":10},"end":{"line":58,"column":71}},"30":{"start":{"line":60,"column":8},"end":{"line":60,"column":28}},"31":{"start":{"line":63,"column":8},"end":{"line":63,"column":43}},"32":{"start":{"line":66,"column":8},"end":{"line":72,"column":11}},"33":{"start":{"line":67,"column":10},"end":{"line":71,"column":11}},"34":{"start":{"line":68,"column":12},"end":{"line":68,"column":71}},"35":{"start":{"line":70,"column":12},"end":{"line":70,"column":196}},"36":{"start":{"line":73,"column":8},"end":{"line":73,"column":26}},"37":{"start":{"line":76,"column":27},"end":{"line":76,"column":29}},"38":{"start":{"line":77,"column":8},"end":{"line":79,"column":11}},"39":{"start":{"line":78,"column":10},"end":{"line":78,"column":80}},"40":{"start":{"line":80,"column":8},"end":{"line":80,"column":28}},"41":{"start":{"line":83,"column":8},"end":{"line":83,"column":43}},"42":{"start":{"line":86,"column":8},"end":{"line":88,"column":11}},"43":{"start":{"line":87,"column":10},"end":{"line":87,"column":69}},"44":{"start":{"line":89,"column":8},"end":{"line":89,"column":26}},"45":{"start":{"line":92,"column":8},"end":{"line":92,"column":27}},"46":{"start":{"line":94,"column":4},"end":{"line":94,"column":20}},"47":{"start":{"line":98,"column":28},"end":{"line":114,"column":2}},"48":{"start":{"line":106,"column":6},"end":{"line":106,"column":41}},"49":{"start":{"line":111,"column":6},"end":{"line":111,"column":37}},"50":{"start":{"line":116,"column":33},"end":{"line":116,"column":53}}},"fnMap":{"0":{"name":"(anonymous_0)","decl":{"start":{"line":4,"column":36},"end":{"line":4,"column":37}},"loc":{"start":{"line":4,"column":57},"end":{"line":6,"column":1}},"line":4},"1":{"name":"(anonymous_1)","decl":{"start":{"line":8,"column":36},"end":{"line":8,"column":37}},"loc":{"start":{"line":8,"column":57},"end":{"line":10,"column":1}},"line":8},"2":{"name":"(anonymous_2)","decl":{"start":{"line":12,"column":45},"end":{"line":12,"column":46}},"loc":{"start":{"line":12,"column":66},"end":{"line":14,"column":1}},"line":12},"3":{"name":"(anonymous_3)","decl":{"start":{"line":16,"column":22},"end":{"line":16,"column":23}},"loc":{"start":{"line":16,"column":43},"end":{"line":28,"column":1}},"line":16},"4":{"name":"(anonymous_4)","decl":{"start":{"line":17,"column":59},"end":{"line":17,"column":60}},"loc":{"start":{"line":17,"column":96},"end":{"line":19,"column":3}},"line":17},"5":{"name":"(anonymous_5)","decl":{"start":{"line":32,"column":2},"end":{"line":32,"column":3}},"loc":{"start":{"line":32,"column":33},"end":{"line":95,"column":3}},"line":32},"6":{"name":"(anonymous_6)","decl":{"start":{"line":35,"column":12},"end":{"line":35,"column":13}},"loc":{"start":{"line":35,"column":32},"end":{"line":37,"column":7}},"line":35},"7":{"name":"(anonymous_7)","decl":{"start":{"line":38,"column":12},"end":{"line":38,"column":13}},"loc":{"start":{"line":38,"column":35},"end":{"line":44,"column":7}},"line":38},"8":{"name":"(anonymous_8)","decl":{"start":{"line":40,"column":30},"end":{"line":40,"column":31}},"loc":{"start":{"line":40,"column":49},"end":{"line":42,"column":9}},"line":40},"9":{"name":"(anonymous_9)","decl":{"start":{"line":45,"column":12},"end":{"line":45,"column":13}},"loc":{"start":{"line":45,"column":30},"end":{"line":47,"column":7}},"line":45},"10":{"name":"(anonymous_10)","decl":{"start":{"line":48,"column":12},"end":{"line":48,"column":13}},"loc":{"start":{"line":48,"column":34},"end":{"line":54,"column":7}},"line":48},"11":{"name":"(anonymous_11)","decl":{"start":{"line":50,"column":29},"end":{"line":50,"column":30}},"loc":{"start":{"line":50,"column":46},"end":{"line":52,"column":9}},"line":50},"12":{"name":"(anonymous_12)","decl":{"start":{"line":55,"column":12},"end":{"line":55,"column":13}},"loc":{"start":{"line":55,"column":31},"end":{"line":61,"column":7}},"line":55},"13":{"name":"(anonymous_13)","decl":{"start":{"line":57,"column":26},"end":{"line":57,"column":27}},"loc":{"start":{"line":57,"column":43},"end":{"line":59,"column":9}},"line":57},"14":{"name":"(anonymous_14)","decl":{"start":{"line":62,"column":12},"end":{"line":62,"column":13}},"loc":{"start":{"line":62,"column":30},"end":{"line":64,"column":7}},"line":62},"15":{"name":"(anonymous_15)","decl":{"start":{"line":65,"column":12},"end":{"line":65,"column":13}},"loc":{"start":{"line":65,"column":39},"end":{"line":74,"column":7}},"line":65},"16":{"name":"(anonymous_16)","decl":{"start":{"line":66,"column":34},"end":{"line":66,"column":35}},"loc":{"start":{"line":66,"column":51},"end":{"line":72,"column":9}},"line":66},"17":{"name":"(anonymous_17)","decl":{"start":{"line":75,"column":12},"end":{"line":75,"column":13}},"loc":{"start":{"line":75,"column":31},"end":{"line":81,"column":7}},"line":75},"18":{"name":"(anonymous_18)","decl":{"start":{"line":77,"column":26},"end":{"line":77,"column":27}},"loc":{"start":{"line":77,"column":43},"end":{"line":79,"column":9}},"line":77},"19":{"name":"(anonymous_19)","decl":{"start":{"line":82,"column":12},"end":{"line":82,"column":13}},"loc":{"start":{"line":82,"column":30},"end":{"line":84,"column":7}},"line":82},"20":{"name":"(anonymous_20)","decl":{"start":{"line":85,"column":12},"end":{"line":85,"column":13}},"loc":{"start":{"line":85,"column":40},"end":{"line":90,"column":7}},"line":85},"21":{"name":"(anonymous_21)","decl":{"start":{"line":86,"column":35},"end":{"line":86,"column":36}},"loc":{"start":{"line":86,"column":52},"end":{"line":88,"column":9}},"line":86},"22":{"name":"(anonymous_22)","decl":{"start":{"line":91,"column":13},"end":{"line":91,"column":14}},"loc":{"start":{"line":91,"column":30},"end":{"line":93,"column":7}},"line":91},"23":{"name":"(anonymous_23)","decl":{"start":{"line":105,"column":19},"end":{"line":105,"column":20}},"loc":{"start":{"line":105,"column":38},"end":{"line":107,"column":5}},"line":105},"24":{"name":"(anonymous_24)","decl":{"start":{"line":110,"column":30},"end":{"line":110,"column":31}},"loc":{"start":{"line":110,"column":49},"end":{"line":112,"column":5}},"line":110}},"branchMap":{"0":{"loc":{"start":{"line":67,"column":10},"end":{"line":71,"column":11}},"type":"if","locations":[{"start":{"line":67,"column":10},"end":{"line":71,"column":11}},{"start":{"line":67,"column":10},"end":{"line":71,"column":11}}],"line":67}},"s":{"0":3,"1":3,"2":60,"3":3,"4":0,"5":3,"6":0,"7":3,"8":0,"9":0,"10":0,"11":0,"12":0,"13":0,"14":0,"15":3,"16":26,"17":15,"18":15,"19":15,"20":60,"21":15,"22":15,"23":15,"24":15,"25":15,"26":0,"27":0,"28":0,"29":0,"30":0,"31":0,"32":0,"33":0,"34":0,"35":0,"36":0,"37":0,"38":0,"39":0,"40":0,"41":0,"42":0,"43":0,"44":0,"45":15,"46":15,"47":3,"48":0,"49":15,"50":3},"f":{"0":60,"1":0,"2":0,"3":0,"4":0,"5":26,"6":15,"7":15,"8":60,"9":15,"10":15,"11":15,"12":0,"13":0,"14":0,"15":0,"16":0,"17":0,"18":0,"19":0,"20":0,"21":0,"22":15,"23":0,"24":15},"b":{"0":[0,0]},"_coverageSchema":"1a1c01bbd47fc00a2c39e90264f33305004495a9","hash":"728af403b10513e2045de147fb791ce1fe617611"}
,"/Users/kaylaelortondo/Documents/Galvanize/SEI/FEC/client/src/components/relatedItemsComparison/outfitList/outfitList.jsx": {"path":"/Users/kaylaelortondo/Documents/Galvanize/SEI/FEC/client/src/components/relatedItemsComparison/outfitList/outfitList.jsx","statementMap":{"0":{"start":{"line":58,"column":19},"end":{"line":62,"column":1}},"1":{"start":{"line":59,"column":2},"end":{"line":61,"column":4}}},"fnMap":{"0":{"name":"(anonymous_0)","decl":{"start":{"line":58,"column":19},"end":{"line":58,"column":20}},"loc":{"start":{"line":58,"column":30},"end":{"line":62,"column":1}},"line":58}},"branchMap":{},"s":{"0":3,"1":26},"f":{"0":26},"b":{},"_coverageSchema":"1a1c01bbd47fc00a2c39e90264f33305004495a9","hash":"9b977ad36097c6526d42749a0ffc31802652e31d"}
,"/Users/kaylaelortondo/Documents/Galvanize/SEI/FEC/client/src/components/relatedItemsComparison/relatedProductCard/relatedProductCard.jsx": {"path":"/Users/kaylaelortondo/Documents/Galvanize/SEI/FEC/client/src/components/relatedItemsComparison/relatedProductCard/relatedProductCard.jsx","statementMap":{"0":{"start":{"line":8,"column":18},"end":{"line":19,"column":3}},"1":{"start":{"line":8,"column":41},"end":{"line":19,"column":1}},"2":{"start":{"line":21,"column":27},"end":{"line":40,"column":1}},"3":{"start":{"line":22,"column":18},"end":{"line":22,"column":29}},"4":{"start":{"line":23,"column":2},"end":{"line":39,"column":4}}},"fnMap":{"0":{"name":"(anonymous_0)","decl":{"start":{"line":8,"column":29},"end":{"line":8,"column":30}},"loc":{"start":{"line":8,"column":41},"end":{"line":19,"column":1}},"line":8},"1":{"name":"(anonymous_1)","decl":{"start":{"line":21,"column":27},"end":{"line":21,"column":28}},"loc":{"start":{"line":21,"column":48},"end":{"line":40,"column":1}},"line":21}},"branchMap":{},"s":{"0":3,"1":0,"2":3,"3":0,"4":0},"f":{"0":0,"1":0},"b":{},"_coverageSchema":"1a1c01bbd47fc00a2c39e90264f33305004495a9","hash":"21b921b16ded68d6c64b1072c6912ca7c2bedcde"}
,"/Users/kaylaelortondo/Documents/Galvanize/SEI/FEC/client/src/components/relatedItemsComparison/relatedProductsList/relatedProductsList.jsx": {"path":"/Users/kaylaelortondo/Documents/Galvanize/SEI/FEC/client/src/components/relatedItemsComparison/relatedProductsList/relatedProductsList.jsx","statementMap":{"0":{"start":{"line":9,"column":18},"end":{"line":22,"column":3}},"1":{"start":{"line":9,"column":41},"end":{"line":22,"column":1}},"2":{"start":{"line":24,"column":28},"end":{"line":53,"column":1}},"3":{"start":{"line":25,"column":18},"end":{"line":25,"column":29}},"4":{"start":{"line":26,"column":19},"end":{"line":26,"column":32}},"5":{"start":{"line":27,"column":20},"end":{"line":27,"column":63}},"6":{"start":{"line":27,"column":43},"end":{"line":27,"column":62}},"7":{"start":{"line":28,"column":22},"end":{"line":28,"column":67}},"8":{"start":{"line":28,"column":45},"end":{"line":28,"column":66}},"9":{"start":{"line":30,"column":2},"end":{"line":32,"column":18}},"10":{"start":{"line":31,"column":4},"end":{"line":31,"column":38}},"11":{"start":{"line":35,"column":2},"end":{"line":52,"column":3}},"12":{"start":{"line":36,"column":4},"end":{"line":47,"column":6}},"13":{"start":{"line":40,"column":12},"end":{"line":42,"column":14}},"14":{"start":{"line":49,"column":4},"end":{"line":51,"column":6}}},"fnMap":{"0":{"name":"(anonymous_0)","decl":{"start":{"line":9,"column":29},"end":{"line":9,"column":30}},"loc":{"start":{"line":9,"column":41},"end":{"line":22,"column":1}},"line":9},"1":{"name":"(anonymous_1)","decl":{"start":{"line":24,"column":28},"end":{"line":24,"column":29}},"loc":{"start":{"line":24,"column":34},"end":{"line":53,"column":1}},"line":24},"2":{"name":"(anonymous_2)","decl":{"start":{"line":27,"column":32},"end":{"line":27,"column":33}},"loc":{"start":{"line":27,"column":43},"end":{"line":27,"column":62}},"line":27},"3":{"name":"(anonymous_3)","decl":{"start":{"line":28,"column":34},"end":{"line":28,"column":35}},"loc":{"start":{"line":28,"column":45},"end":{"line":28,"column":66}},"line":28},"4":{"name":"(anonymous_4)","decl":{"start":{"line":30,"column":12},"end":{"line":30,"column":13}},"loc":{"start":{"line":30,"column":18},"end":{"line":32,"column":3}},"line":30},"5":{"name":"(anonymous_5)","decl":{"start":{"line":39,"column":27},"end":{"line":39,"column":28}},"loc":{"start":{"line":39,"column":40},"end":{"line":43,"column":11}},"line":39}},"branchMap":{"0":{"loc":{"start":{"line":35,"column":2},"end":{"line":52,"column":3}},"type":"if","locations":[{"start":{"line":35,"column":2},"end":{"line":52,"column":3}},{"start":{"line":35,"column":2},"end":{"line":52,"column":3}}],"line":35}},"s":{"0":3,"1":24,"2":3,"3":26,"4":26,"5":26,"6":423,"7":26,"8":423,"9":26,"10":26,"11":26,"12":0,"13":0,"14":26},"f":{"0":24,"1":26,"2":423,"3":423,"4":26,"5":0},"b":{"0":[0,26]},"_coverageSchema":"1a1c01bbd47fc00a2c39e90264f33305004495a9","hash":"0e869cef118a096798f954f657da1051fed639b5"}
}
