{"/Users/jennagroth/immersive/FEC/client/src/store.js": {"path":"/Users/jennagroth/immersive/FEC/client/src/store.js","statementMap":{},"fnMap":{},"branchMap":{},"s":{},"f":{},"b":{},"_coverageSchema":"1a1c01bbd47fc00a2c39e90264f33305004495a9","hash":"e9ba2ab46eec9c884d0abe5d1603cec77530a185"}
,"/Users/jennagroth/immersive/FEC/client/src/components/App.jsx": {"path":"/Users/jennagroth/immersive/FEC/client/src/components/App.jsx","statementMap":{"0":{"start":{"line":23,"column":10},"end":{"line":79,"column":1}},"1":{"start":{"line":24,"column":20},"end":{"line":24,"column":63}},"2":{"start":{"line":24,"column":43},"end":{"line":24,"column":62}},"3":{"start":{"line":25,"column":23},"end":{"line":25,"column":70}},"4":{"start":{"line":25,"column":46},"end":{"line":25,"column":69}},"5":{"start":{"line":26,"column":24},"end":{"line":26,"column":72}},"6":{"start":{"line":26,"column":47},"end":{"line":26,"column":71}},"7":{"start":{"line":27,"column":19},"end":{"line":27,"column":32}},"8":{"start":{"line":29,"column":2},"end":{"line":32,"column":5}},"9":{"start":{"line":30,"column":4},"end":{"line":30,"column":40}},"10":{"start":{"line":31,"column":4},"end":{"line":31,"column":42}},"11":{"start":{"line":34,"column":2},"end":{"line":78,"column":3}},"12":{"start":{"line":35,"column":4},"end":{"line":40,"column":6}},"13":{"start":{"line":41,"column":9},"end":{"line":78,"column":3}},"14":{"start":{"line":42,"column":4},"end":{"line":47,"column":6}},"15":{"start":{"line":49,"column":4},"end":{"line":77,"column":6}},"16":{"start":{"line":58,"column":37},"end":{"line":58,"column":69}},"17":{"start":{"line":59,"column":37},"end":{"line":59,"column":69}},"18":{"start":{"line":60,"column":37},"end":{"line":60,"column":69}}},"fnMap":{"0":{"name":"(anonymous_0)","decl":{"start":{"line":23,"column":10},"end":{"line":23,"column":11}},"loc":{"start":{"line":23,"column":16},"end":{"line":79,"column":1}},"line":23},"1":{"name":"(anonymous_1)","decl":{"start":{"line":24,"column":32},"end":{"line":24,"column":33}},"loc":{"start":{"line":24,"column":43},"end":{"line":24,"column":62}},"line":24},"2":{"name":"(anonymous_2)","decl":{"start":{"line":25,"column":35},"end":{"line":25,"column":36}},"loc":{"start":{"line":25,"column":46},"end":{"line":25,"column":69}},"line":25},"3":{"name":"(anonymous_3)","decl":{"start":{"line":26,"column":36},"end":{"line":26,"column":37}},"loc":{"start":{"line":26,"column":47},"end":{"line":26,"column":71}},"line":26},"4":{"name":"(anonymous_4)","decl":{"start":{"line":29,"column":12},"end":{"line":29,"column":13}},"loc":{"start":{"line":29,"column":18},"end":{"line":32,"column":3}},"line":29},"5":{"name":"(anonymous_5)","decl":{"start":{"line":58,"column":31},"end":{"line":58,"column":32}},"loc":{"start":{"line":58,"column":37},"end":{"line":58,"column":69}},"line":58},"6":{"name":"(anonymous_6)","decl":{"start":{"line":59,"column":31},"end":{"line":59,"column":32}},"loc":{"start":{"line":59,"column":37},"end":{"line":59,"column":69}},"line":59},"7":{"name":"(anonymous_7)","decl":{"start":{"line":60,"column":31},"end":{"line":60,"column":32}},"loc":{"start":{"line":60,"column":37},"end":{"line":60,"column":69}},"line":60}},"branchMap":{"0":{"loc":{"start":{"line":34,"column":2},"end":{"line":78,"column":3}},"type":"if","locations":[{"start":{"line":34,"column":2},"end":{"line":78,"column":3}},{"start":{"line":34,"column":2},"end":{"line":78,"column":3}}],"line":34},"1":{"loc":{"start":{"line":41,"column":9},"end":{"line":78,"column":3}},"type":"if","locations":[{"start":{"line":41,"column":9},"end":{"line":78,"column":3}},{"start":{"line":41,"column":9},"end":{"line":78,"column":3}}],"line":41}},"s":{"0":3,"1":32,"2":509,"3":31,"4":509,"5":31,"6":509,"7":31,"8":31,"9":31,"10":31,"11":31,"12":0,"13":31,"14":0,"15":31,"16":0,"17":0,"18":0},"f":{"0":32,"1":509,"2":509,"3":509,"4":31,"5":0,"6":0,"7":0},"b":{"0":[0,31],"1":[0,31]},"_coverageSchema":"1a1c01bbd47fc00a2c39e90264f33305004495a9","hash":"2de0d641a7bd79e6391dbbb79b6266942ecb8fb5"}
,"/Users/jennagroth/immersive/FEC/client/src/components/appSlice.js": {"path":"/Users/jennagroth/immersive/FEC/client/src/components/appSlice.js","statementMap":{"0":{"start":{"line":2,"column":14},"end":{"line":2,"column":30}},"1":{"start":{"line":4,"column":32},"end":{"line":10,"column":1}},"2":{"start":{"line":7,"column":21},"end":{"line":7,"column":76}},"3":{"start":{"line":8,"column":4},"end":{"line":8,"column":25}},"4":{"start":{"line":12,"column":35},"end":{"line":18,"column":1}},"5":{"start":{"line":15,"column":21},"end":{"line":15,"column":91}},"6":{"start":{"line":16,"column":4},"end":{"line":16,"column":25}},"7":{"start":{"line":20,"column":34},"end":{"line":26,"column":1}},"8":{"start":{"line":23,"column":21},"end":{"line":23,"column":109}},"9":{"start":{"line":24,"column":4},"end":{"line":24,"column":33}},"10":{"start":{"line":28,"column":35},"end":{"line":34,"column":1}},"11":{"start":{"line":31,"column":21},"end":{"line":31,"column":110}},"12":{"start":{"line":32,"column":4},"end":{"line":32,"column":33}},"13":{"start":{"line":36,"column":36},"end":{"line":42,"column":1}},"14":{"start":{"line":39,"column":21},"end":{"line":39,"column":111}},"15":{"start":{"line":40,"column":4},"end":{"line":40,"column":33}},"16":{"start":{"line":44,"column":22},"end":{"line":56,"column":1}},"17":{"start":{"line":45,"column":21},"end":{"line":47,"column":7}},"18":{"start":{"line":46,"column":4},"end":{"line":46,"column":52}},"19":{"start":{"line":49,"column":14},"end":{"line":49,"column":15}},"20":{"start":{"line":50,"column":2},"end":{"line":52,"column":3}},"21":{"start":{"line":51,"column":4},"end":{"line":51,"column":68}},"22":{"start":{"line":54,"column":12},"end":{"line":54,"column":32}},"23":{"start":{"line":55,"column":2},"end":{"line":55,"column":13}},"24":{"start":{"line":58,"column":24},"end":{"line":64,"column":1}},"25":{"start":{"line":59,"column":14},"end":{"line":59,"column":15}},"26":{"start":{"line":60,"column":2},"end":{"line":62,"column":3}},"27":{"start":{"line":61,"column":4},"end":{"line":61,"column":48}},"28":{"start":{"line":63,"column":2},"end":{"line":63,"column":15}},"29":{"start":{"line":66,"column":24},"end":{"line":107,"column":2}},"30":{"start":{"line":82,"column":6},"end":{"line":82,"column":39}},"31":{"start":{"line":88,"column":6},"end":{"line":88,"column":41}},"32":{"start":{"line":91,"column":6},"end":{"line":91,"column":44}},"33":{"start":{"line":92,"column":6},"end":{"line":95,"column":7}},"34":{"start":{"line":93,"column":8},"end":{"line":93,"column":67}},"35":{"start":{"line":94,"column":8},"end":{"line":94,"column":75}},"36":{"start":{"line":98,"column":6},"end":{"line":98,"column":37}},"37":{"start":{"line":101,"column":6},"end":{"line":101,"column":37}},"38":{"start":{"line":104,"column":6},"end":{"line":104,"column":37}},"39":{"start":{"line":110,"column":35},"end":{"line":110,"column":51}}},"fnMap":{"0":{"name":"(anonymous_0)","decl":{"start":{"line":6,"column":2},"end":{"line":6,"column":3}},"loc":{"start":{"line":6,"column":33},"end":{"line":9,"column":3}},"line":6},"1":{"name":"(anonymous_1)","decl":{"start":{"line":14,"column":2},"end":{"line":14,"column":3}},"loc":{"start":{"line":14,"column":33},"end":{"line":17,"column":3}},"line":14},"2":{"name":"(anonymous_2)","decl":{"start":{"line":22,"column":2},"end":{"line":22,"column":3}},"loc":{"start":{"line":22,"column":33},"end":{"line":25,"column":3}},"line":22},"3":{"name":"(anonymous_3)","decl":{"start":{"line":30,"column":2},"end":{"line":30,"column":3}},"loc":{"start":{"line":30,"column":33},"end":{"line":33,"column":3}},"line":30},"4":{"name":"(anonymous_4)","decl":{"start":{"line":38,"column":2},"end":{"line":38,"column":3}},"loc":{"start":{"line":38,"column":33},"end":{"line":41,"column":3}},"line":38},"5":{"name":"(anonymous_5)","decl":{"start":{"line":44,"column":22},"end":{"line":44,"column":23}},"loc":{"start":{"line":44,"column":43},"end":{"line":56,"column":1}},"line":44},"6":{"name":"(anonymous_6)","decl":{"start":{"line":45,"column":59},"end":{"line":45,"column":60}},"loc":{"start":{"line":45,"column":96},"end":{"line":47,"column":3}},"line":45},"7":{"name":"(anonymous_7)","decl":{"start":{"line":58,"column":24},"end":{"line":58,"column":25}},"loc":{"start":{"line":58,"column":45},"end":{"line":64,"column":1}},"line":58},"8":{"name":"(anonymous_8)","decl":{"start":{"line":80,"column":21},"end":{"line":80,"column":22}},"loc":{"start":{"line":80,"column":40},"end":{"line":83,"column":5}},"line":80},"9":{"name":"(anonymous_9)","decl":{"start":{"line":87,"column":34},"end":{"line":87,"column":35}},"loc":{"start":{"line":87,"column":53},"end":{"line":89,"column":5}},"line":87},"10":{"name":"(anonymous_10)","decl":{"start":{"line":90,"column":37},"end":{"line":90,"column":38}},"loc":{"start":{"line":90,"column":56},"end":{"line":96,"column":5}},"line":90},"11":{"name":"(anonymous_11)","decl":{"start":{"line":97,"column":36},"end":{"line":97,"column":37}},"loc":{"start":{"line":97,"column":55},"end":{"line":99,"column":5}},"line":97},"12":{"name":"(anonymous_12)","decl":{"start":{"line":100,"column":38},"end":{"line":100,"column":39}},"loc":{"start":{"line":100,"column":57},"end":{"line":102,"column":5}},"line":100},"13":{"name":"(anonymous_13)","decl":{"start":{"line":103,"column":37},"end":{"line":103,"column":38}},"loc":{"start":{"line":103,"column":56},"end":{"line":105,"column":5}},"line":103}},"branchMap":{"0":{"loc":{"start":{"line":92,"column":6},"end":{"line":95,"column":7}},"type":"if","locations":[{"start":{"line":92,"column":6},"end":{"line":95,"column":7}},{"start":{"line":92,"column":6},"end":{"line":95,"column":7}}],"line":92}},"s":{"0":4,"1":4,"2":31,"3":26,"4":4,"5":31,"6":26,"7":4,"8":0,"9":0,"10":4,"11":0,"12":0,"13":4,"14":31,"15":26,"16":4,"17":18,"18":107,"19":18,"20":18,"21":107,"22":18,"23":18,"24":4,"25":18,"26":18,"27":107,"28":18,"29":4,"30":0,"31":18,"32":18,"33":18,"34":18,"35":18,"36":0,"37":18,"38":0,"39":4},"f":{"0":31,"1":31,"2":0,"3":0,"4":31,"5":18,"6":107,"7":18,"8":0,"9":18,"10":18,"11":0,"12":18,"13":0},"b":{"0":[18,0]},"_coverageSchema":"1a1c01bbd47fc00a2c39e90264f33305004495a9","hash":"f04f0d1834a424cc54f23c370abc8243c6212309"}
,"/Users/jennagroth/immersive/FEC/client/src/components/starRating.jsx": {"path":"/Users/jennagroth/immersive/FEC/client/src/components/starRating.jsx","statementMap":{"0":{"start":{"line":6,"column":18},"end":{"line":18,"column":3}},"1":{"start":{"line":6,"column":41},"end":{"line":18,"column":1}},"2":{"start":{"line":20,"column":19},"end":{"line":28,"column":1}},"3":{"start":{"line":21,"column":18},"end":{"line":21,"column":29}},"4":{"start":{"line":23,"column":2},"end":{"line":27,"column":4}}},"fnMap":{"0":{"name":"(anonymous_0)","decl":{"start":{"line":6,"column":29},"end":{"line":6,"column":30}},"loc":{"start":{"line":6,"column":41},"end":{"line":18,"column":1}},"line":6},"1":{"name":"(anonymous_1)","decl":{"start":{"line":20,"column":19},"end":{"line":20,"column":20}},"loc":{"start":{"line":20,"column":30},"end":{"line":28,"column":1}},"line":20}},"branchMap":{},"s":{"0":4,"1":29,"2":4,"3":648,"4":648},"f":{"0":29,"1":648},"b":{},"_coverageSchema":"1a1c01bbd47fc00a2c39e90264f33305004495a9","hash":"dc5aa9a9d4e5cfd01e88951f6f089170d7c505df"}
,"/Users/jennagroth/immersive/FEC/client/src/components/overview/mockData.js": {"path":"/Users/jennagroth/immersive/FEC/client/src/components/overview/mockData.js","statementMap":{"0":{"start":{"line":2,"column":20},"end":{"line":34,"column":1}},"1":{"start":{"line":36,"column":16},"end":{"line":466,"column":1}},"2":{"start":{"line":468,"column":20},"end":{"line":473,"column":3}},"3":{"start":{"line":475,"column":15},"end":{"line":833,"column":1}},"4":{"start":{"line":835,"column":16},"end":{"line":840,"column":1}},"5":{"start":{"line":842,"column":11},"end":{"line":1024,"column":1}},"6":{"start":{"line":1026,"column":16},"end":{"line":1046,"column":1}},"7":{"start":{"line":1048,"column":0},"end":{"line":1048,"column":83}}},"fnMap":{},"branchMap":{},"s":{"0":1,"1":1,"2":1,"3":1,"4":1,"5":1,"6":1,"7":1},"f":{},"b":{},"_coverageSchema":"1a1c01bbd47fc00a2c39e90264f33305004495a9","hash":"c8e2eae6434eaece1ca52ef29085e2f5e4adda31"}
,"/Users/jennagroth/immersive/FEC/client/src/components/overview/overview.jsx": {"path":"/Users/jennagroth/immersive/FEC/client/src/components/overview/overview.jsx","statementMap":{"0":{"start":{"line":22,"column":18},"end":{"line":30,"column":3}},"1":{"start":{"line":22,"column":36},"end":{"line":30,"column":1}},"2":{"start":{"line":32,"column":17},"end":{"line":136,"column":1}},"3":{"start":{"line":33,"column":18},"end":{"line":33,"column":29}},"4":{"start":{"line":34,"column":22},"end":{"line":34,"column":67}},"5":{"start":{"line":34,"column":45},"end":{"line":34,"column":66}},"6":{"start":{"line":36,"column":2},"end":{"line":135,"column":4}},"7":{"start":{"line":107,"column":20},"end":{"line":122,"column":22}}},"fnMap":{"0":{"name":"(anonymous_0)","decl":{"start":{"line":22,"column":29},"end":{"line":22,"column":30}},"loc":{"start":{"line":22,"column":36},"end":{"line":30,"column":1}},"line":22},"1":{"name":"(anonymous_1)","decl":{"start":{"line":32,"column":17},"end":{"line":32,"column":18}},"loc":{"start":{"line":32,"column":28},"end":{"line":136,"column":1}},"line":32},"2":{"name":"(anonymous_2)","decl":{"start":{"line":34,"column":34},"end":{"line":34,"column":35}},"loc":{"start":{"line":34,"column":45},"end":{"line":34,"column":66}},"line":34},"3":{"name":"(anonymous_3)","decl":{"start":{"line":106,"column":43},"end":{"line":106,"column":44}},"loc":{"start":{"line":106,"column":63},"end":{"line":123,"column":19}},"line":106}},"branchMap":{"0":{"loc":{"start":{"line":80,"column":9},"end":{"line":131,"column":18}},"type":"cond-expr","locations":[{"start":{"line":81,"column":10},"end":{"line":130,"column":17}},{"start":{"line":131,"column":10},"end":{"line":131,"column":18}}],"line":80},"1":{"loc":{"start":{"line":105,"column":17},"end":{"line":126,"column":24}},"type":"cond-expr","locations":[{"start":{"line":106,"column":18},"end":{"line":123,"column":20}},{"start":{"line":124,"column":18},"end":{"line":126,"column":24}}],"line":105}},"s":{"0":3,"1":29,"2":3,"3":35,"4":34,"5":512,"6":34,"7":36},"f":{"0":29,"1":35,"2":512,"3":36},"b":{"0":[18,16],"1":[18,0]},"_coverageSchema":"1a1c01bbd47fc00a2c39e90264f33305004495a9","hash":"fc7fd7b13fab66dcc14874e901737156f535a557"}
,"/Users/jennagroth/immersive/FEC/client/src/components/overview/overviewSlice.js": {"path":"/Users/jennagroth/immersive/FEC/client/src/components/overview/overviewSlice.js","statementMap":{"0":{"start":{"line":2,"column":14},"end":{"line":2,"column":30}},"1":{"start":{"line":4,"column":30},"end":{"line":10,"column":1}},"2":{"start":{"line":7,"column":21},"end":{"line":7,"column":83}},"3":{"start":{"line":8,"column":4},"end":{"line":8,"column":25}},"4":{"start":{"line":12,"column":29},"end":{"line":39,"column":2}},"5":{"start":{"line":24,"column":6},"end":{"line":24,"column":42}},"6":{"start":{"line":27,"column":6},"end":{"line":27,"column":38}},"7":{"start":{"line":30,"column":6},"end":{"line":30,"column":39}},"8":{"start":{"line":35,"column":6},"end":{"line":35,"column":44}},"9":{"start":{"line":36,"column":6},"end":{"line":36,"column":53}},"10":{"start":{"line":42,"column":56},"end":{"line":42,"column":77}}},"fnMap":{"0":{"name":"(anonymous_0)","decl":{"start":{"line":6,"column":2},"end":{"line":6,"column":3}},"loc":{"start":{"line":6,"column":33},"end":{"line":9,"column":3}},"line":6},"1":{"name":"(anonymous_1)","decl":{"start":{"line":23,"column":17},"end":{"line":23,"column":18}},"loc":{"start":{"line":23,"column":36},"end":{"line":25,"column":5}},"line":23},"2":{"name":"(anonymous_2)","decl":{"start":{"line":26,"column":16},"end":{"line":26,"column":17}},"loc":{"start":{"line":26,"column":35},"end":{"line":28,"column":5}},"line":26},"3":{"name":"(anonymous_3)","decl":{"start":{"line":29,"column":17},"end":{"line":29,"column":18}},"loc":{"start":{"line":29,"column":36},"end":{"line":31,"column":5}},"line":29},"4":{"name":"(anonymous_4)","decl":{"start":{"line":34,"column":32},"end":{"line":34,"column":33}},"loc":{"start":{"line":34,"column":51},"end":{"line":37,"column":5}},"line":34}},"branchMap":{},"s":{"0":3,"1":3,"2":31,"3":26,"4":3,"5":2,"6":0,"7":0,"8":18,"9":18,"10":3},"f":{"0":31,"1":2,"2":0,"3":0,"4":18},"b":{},"_coverageSchema":"1a1c01bbd47fc00a2c39e90264f33305004495a9","hash":"7061fa65bff59ac4e90089060f8b56fc3816bcc9"}
,"/Users/jennagroth/immersive/FEC/client/src/components/overview/addToCart/addToCart.jsx": {"path":"/Users/jennagroth/immersive/FEC/client/src/components/overview/addToCart/addToCart.jsx","statementMap":{"0":{"start":{"line":10,"column":14},"end":{"line":10,"column":30}},"1":{"start":{"line":20,"column":18},"end":{"line":88,"column":1}},"2":{"start":{"line":21,"column":19},"end":{"line":21,"column":32}},"3":{"start":{"line":22,"column":14},"end":{"line":22,"column":52}},"4":{"start":{"line":22,"column":37},"end":{"line":22,"column":51}},"5":{"start":{"line":23,"column":14},"end":{"line":23,"column":52}},"6":{"start":{"line":23,"column":37},"end":{"line":23,"column":51}},"7":{"start":{"line":24,"column":16},"end":{"line":24,"column":56}},"8":{"start":{"line":24,"column":39},"end":{"line":24,"column":55}},"9":{"start":{"line":25,"column":22},"end":{"line":25,"column":67}},"10":{"start":{"line":25,"column":45},"end":{"line":25,"column":66}},"11":{"start":{"line":26,"column":20},"end":{"line":26,"column":63}},"12":{"start":{"line":26,"column":43},"end":{"line":26,"column":62}},"13":{"start":{"line":27,"column":18},"end":{"line":27,"column":58}},"14":{"start":{"line":27,"column":41},"end":{"line":27,"column":57}},"15":{"start":{"line":28,"column":16},"end":{"line":28,"column":67}},"16":{"start":{"line":28,"column":39},"end":{"line":28,"column":66}},"17":{"start":{"line":29,"column":20},"end":{"line":29,"column":66}},"18":{"start":{"line":29,"column":43},"end":{"line":29,"column":65}},"19":{"start":{"line":31,"column":26},"end":{"line":31,"column":44}},"20":{"start":{"line":33,"column":2},"end":{"line":36,"column":3}},"21":{"start":{"line":34,"column":4},"end":{"line":34,"column":40}},"22":{"start":{"line":35,"column":4},"end":{"line":35,"column":50}},"23":{"start":{"line":38,"column":20},"end":{"line":42,"column":3}},"24":{"start":{"line":39,"column":4},"end":{"line":41,"column":7}},"25":{"start":{"line":44,"column":28},"end":{"line":46,"column":3}},"26":{"start":{"line":45,"column":4},"end":{"line":45,"column":45}},"27":{"start":{"line":48,"column":2},"end":{"line":87,"column":4}},"28":{"start":{"line":66,"column":12},"end":{"line":73,"column":13}},"29":{"start":{"line":67,"column":14},"end":{"line":67,"column":39}},"30":{"start":{"line":69,"column":14},"end":{"line":69,"column":29}},"31":{"start":{"line":70,"column":14},"end":{"line":70,"column":94}},"32":{"start":{"line":71,"column":14},"end":{"line":71,"column":80}},"33":{"start":{"line":72,"column":14},"end":{"line":72,"column":42}},"34":{"start":{"line":83,"column":25},"end":{"line":83,"column":44}}},"fnMap":{"0":{"name":"(anonymous_0)","decl":{"start":{"line":20,"column":18},"end":{"line":20,"column":19}},"loc":{"start":{"line":20,"column":29},"end":{"line":88,"column":1}},"line":20},"1":{"name":"(anonymous_1)","decl":{"start":{"line":22,"column":26},"end":{"line":22,"column":27}},"loc":{"start":{"line":22,"column":37},"end":{"line":22,"column":51}},"line":22},"2":{"name":"(anonymous_2)","decl":{"start":{"line":23,"column":26},"end":{"line":23,"column":27}},"loc":{"start":{"line":23,"column":37},"end":{"line":23,"column":51}},"line":23},"3":{"name":"(anonymous_3)","decl":{"start":{"line":24,"column":28},"end":{"line":24,"column":29}},"loc":{"start":{"line":24,"column":39},"end":{"line":24,"column":55}},"line":24},"4":{"name":"(anonymous_4)","decl":{"start":{"line":25,"column":34},"end":{"line":25,"column":35}},"loc":{"start":{"line":25,"column":45},"end":{"line":25,"column":66}},"line":25},"5":{"name":"(anonymous_5)","decl":{"start":{"line":26,"column":32},"end":{"line":26,"column":33}},"loc":{"start":{"line":26,"column":43},"end":{"line":26,"column":62}},"line":26},"6":{"name":"(anonymous_6)","decl":{"start":{"line":27,"column":30},"end":{"line":27,"column":31}},"loc":{"start":{"line":27,"column":41},"end":{"line":27,"column":57}},"line":27},"7":{"name":"(anonymous_7)","decl":{"start":{"line":28,"column":28},"end":{"line":28,"column":29}},"loc":{"start":{"line":28,"column":39},"end":{"line":28,"column":66}},"line":28},"8":{"name":"(anonymous_8)","decl":{"start":{"line":29,"column":32},"end":{"line":29,"column":33}},"loc":{"start":{"line":29,"column":43},"end":{"line":29,"column":65}},"line":29},"9":{"name":"(anonymous_9)","decl":{"start":{"line":38,"column":20},"end":{"line":38,"column":21}},"loc":{"start":{"line":38,"column":29},"end":{"line":42,"column":3}},"line":38},"10":{"name":"(anonymous_10)","decl":{"start":{"line":44,"column":28},"end":{"line":44,"column":29}},"loc":{"start":{"line":44,"column":34},"end":{"line":46,"column":3}},"line":44},"11":{"name":"(anonymous_11)","decl":{"start":{"line":65,"column":19},"end":{"line":65,"column":20}},"loc":{"start":{"line":65,"column":25},"end":{"line":74,"column":11}},"line":65},"12":{"name":"(anonymous_12)","decl":{"start":{"line":83,"column":19},"end":{"line":83,"column":20}},"loc":{"start":{"line":83,"column":25},"end":{"line":83,"column":44}},"line":83}},"branchMap":{"0":{"loc":{"start":{"line":33,"column":2},"end":{"line":36,"column":3}},"type":"if","locations":[{"start":{"line":33,"column":2},"end":{"line":36,"column":3}},{"start":{"line":33,"column":2},"end":{"line":36,"column":3}}],"line":33},"1":{"loc":{"start":{"line":51,"column":15},"end":{"line":51,"column":71}},"type":"cond-expr","locations":[{"start":{"line":51,"column":47},"end":{"line":51,"column":66}},{"start":{"line":51,"column":69},"end":{"line":51,"column":71}}],"line":51},"2":{"loc":{"start":{"line":51,"column":15},"end":{"line":51,"column":44}},"type":"binary-expr","locations":[{"start":{"line":51,"column":15},"end":{"line":51,"column":27}},{"start":{"line":51,"column":31},"end":{"line":51,"column":44}}],"line":51},"3":{"loc":{"start":{"line":64,"column":17},"end":{"line":64,"column":62}},"type":"cond-expr","locations":[{"start":{"line":64,"column":38},"end":{"line":64,"column":57}},{"start":{"line":64,"column":60},"end":{"line":64,"column":62}}],"line":64},"4":{"loc":{"start":{"line":66,"column":12},"end":{"line":73,"column":13}},"type":"if","locations":[{"start":{"line":66,"column":12},"end":{"line":73,"column":13}},{"start":{"line":66,"column":12},"end":{"line":73,"column":13}}],"line":66},"5":{"loc":{"start":{"line":82,"column":17},"end":{"line":82,"column":62}},"type":"cond-expr","locations":[{"start":{"line":82,"column":38},"end":{"line":82,"column":57}},{"start":{"line":82,"column":60},"end":{"line":82,"column":62}}],"line":82}},"s":{"0":3,"1":3,"2":82,"3":82,"4":560,"5":82,"6":560,"7":82,"8":560,"9":82,"10":560,"11":82,"12":560,"13":82,"14":560,"15":82,"16":560,"17":82,"18":560,"19":82,"20":82,"21":50,"22":50,"23":82,"24":0,"25":82,"26":0,"27":82,"28":0,"29":0,"30":0,"31":0,"32":0,"33":0,"34":0},"f":{"0":82,"1":560,"2":560,"3":560,"4":560,"5":560,"6":560,"7":560,"8":560,"9":0,"10":0,"11":0,"12":0},"b":{"0":[50,32],"1":[82,0],"2":[82,0],"3":[34,48],"4":[0,0],"5":[34,48]},"_coverageSchema":"1a1c01bbd47fc00a2c39e90264f33305004495a9","hash":"0acdd9fd75dc785992ef76203445f21a17e9b9bd"}
,"/Users/jennagroth/immersive/FEC/client/src/components/overview/addToCart/cartSlice.js": {"path":"/Users/jennagroth/immersive/FEC/client/src/components/overview/addToCart/cartSlice.js","statementMap":{"0":{"start":{"line":3,"column":25},"end":{"line":41,"column":2}},"1":{"start":{"line":15,"column":6},"end":{"line":15,"column":33}},"2":{"start":{"line":18,"column":6},"end":{"line":18,"column":37}},"3":{"start":{"line":21,"column":6},"end":{"line":21,"column":49}},"4":{"start":{"line":24,"column":6},"end":{"line":24,"column":50}},"5":{"start":{"line":27,"column":6},"end":{"line":27,"column":33}},"6":{"start":{"line":30,"column":6},"end":{"line":30,"column":35}},"7":{"start":{"line":33,"column":6},"end":{"line":33,"column":23}},"8":{"start":{"line":34,"column":6},"end":{"line":34,"column":25}},"9":{"start":{"line":35,"column":6},"end":{"line":35,"column":23}},"10":{"start":{"line":36,"column":6},"end":{"line":36,"column":23}},"11":{"start":{"line":37,"column":6},"end":{"line":37,"column":77}},"12":{"start":{"line":38,"column":6},"end":{"line":38,"column":63}},"13":{"start":{"line":50,"column":33},"end":{"line":50,"column":50}}},"fnMap":{"0":{"name":"(anonymous_0)","decl":{"start":{"line":14,"column":15},"end":{"line":14,"column":16}},"loc":{"start":{"line":14,"column":34},"end":{"line":16,"column":5}},"line":14},"1":{"name":"(anonymous_1)","decl":{"start":{"line":17,"column":19},"end":{"line":17,"column":20}},"loc":{"start":{"line":17,"column":38},"end":{"line":19,"column":5}},"line":17},"2":{"name":"(anonymous_2)","decl":{"start":{"line":20,"column":31},"end":{"line":20,"column":32}},"loc":{"start":{"line":20,"column":50},"end":{"line":22,"column":5}},"line":20},"3":{"name":"(anonymous_3)","decl":{"start":{"line":23,"column":32},"end":{"line":23,"column":33}},"loc":{"start":{"line":23,"column":51},"end":{"line":25,"column":5}},"line":23},"4":{"name":"(anonymous_4)","decl":{"start":{"line":26,"column":14},"end":{"line":26,"column":15}},"loc":{"start":{"line":26,"column":33},"end":{"line":28,"column":5}},"line":26},"5":{"name":"(anonymous_5)","decl":{"start":{"line":29,"column":14},"end":{"line":29,"column":15}},"loc":{"start":{"line":29,"column":33},"end":{"line":31,"column":5}},"line":29},"6":{"name":"(anonymous_6)","decl":{"start":{"line":32,"column":11},"end":{"line":32,"column":12}},"loc":{"start":{"line":32,"column":30},"end":{"line":39,"column":5}},"line":32}},"branchMap":{},"s":{"0":3,"1":0,"2":0,"3":0,"4":0,"5":0,"6":22,"7":37,"8":37,"9":37,"10":37,"11":37,"12":37,"13":3},"f":{"0":0,"1":0,"2":0,"3":0,"4":0,"5":22,"6":37},"b":{},"_coverageSchema":"1a1c01bbd47fc00a2c39e90264f33305004495a9","hash":"71b29a9eda8200fd2a0e3be0569541ed175092c5"}
,"/Users/jennagroth/immersive/FEC/client/src/components/overview/addToCart/quantSelect.jsx": {"path":"/Users/jennagroth/immersive/FEC/client/src/components/overview/addToCart/quantSelect.jsx","statementMap":{"0":{"start":{"line":6,"column":20},"end":{"line":38,"column":1}},"1":{"start":{"line":7,"column":19},"end":{"line":7,"column":32}},"2":{"start":{"line":8,"column":16},"end":{"line":8,"column":67}},"3":{"start":{"line":8,"column":39},"end":{"line":8,"column":66}},"4":{"start":{"line":9,"column":26},"end":{"line":9,"column":81}},"5":{"start":{"line":9,"column":49},"end":{"line":9,"column":80}},"6":{"start":{"line":11,"column":24},"end":{"line":17,"column":3}},"7":{"start":{"line":12,"column":17},"end":{"line":12,"column":19}},"8":{"start":{"line":13,"column":4},"end":{"line":15,"column":5}},"9":{"start":{"line":13,"column":17},"end":{"line":13,"column":18}},"10":{"start":{"line":14,"column":6},"end":{"line":14,"column":42}},"11":{"start":{"line":16,"column":4},"end":{"line":16,"column":18}},"12":{"start":{"line":19,"column":2},"end":{"line":37,"column":3}},"13":{"start":{"line":20,"column":4},"end":{"line":28,"column":6}},"14":{"start":{"line":26,"column":10},"end":{"line":26,"column":57}},"15":{"start":{"line":30,"column":4},"end":{"line":36,"column":6}}},"fnMap":{"0":{"name":"(anonymous_0)","decl":{"start":{"line":6,"column":20},"end":{"line":6,"column":21}},"loc":{"start":{"line":6,"column":31},"end":{"line":38,"column":1}},"line":6},"1":{"name":"(anonymous_1)","decl":{"start":{"line":8,"column":28},"end":{"line":8,"column":29}},"loc":{"start":{"line":8,"column":39},"end":{"line":8,"column":66}},"line":8},"2":{"name":"(anonymous_2)","decl":{"start":{"line":9,"column":38},"end":{"line":9,"column":39}},"loc":{"start":{"line":9,"column":49},"end":{"line":9,"column":80}},"line":9},"3":{"name":"(anonymous_3)","decl":{"start":{"line":11,"column":24},"end":{"line":11,"column":25}},"loc":{"start":{"line":11,"column":40},"end":{"line":17,"column":3}},"line":11},"4":{"name":"(anonymous_4)","decl":{"start":{"line":25,"column":18},"end":{"line":25,"column":19}},"loc":{"start":{"line":25,"column":32},"end":{"line":27,"column":9}},"line":25}},"branchMap":{"0":{"loc":{"start":{"line":13,"column":20},"end":{"line":13,"column":46}},"type":"binary-expr","locations":[{"start":{"line":13,"column":20},"end":{"line":13,"column":35}},{"start":{"line":13,"column":39},"end":{"line":13,"column":46}}],"line":13},"1":{"loc":{"start":{"line":19,"column":2},"end":{"line":37,"column":3}},"type":"if","locations":[{"start":{"line":19,"column":2},"end":{"line":37,"column":3}},{"start":{"line":19,"column":2},"end":{"line":37,"column":3}}],"line":19}},"s":{"0":3,"1":82,"2":82,"3":560,"4":82,"5":560,"6":82,"7":0,"8":0,"9":0,"10":0,"11":0,"12":82,"13":0,"14":0,"15":82},"f":{"0":82,"1":560,"2":560,"3":0,"4":0},"b":{"0":[0,0],"1":[0,82]},"_coverageSchema":"1a1c01bbd47fc00a2c39e90264f33305004495a9","hash":"b488f43e8c6a5aaf6beabdf096dc3b50628d3222"}
,"/Users/jennagroth/immersive/FEC/client/src/components/overview/addToCart/sizeSelect.jsx": {"path":"/Users/jennagroth/immersive/FEC/client/src/components/overview/addToCart/sizeSelect.jsx","statementMap":{"0":{"start":{"line":14,"column":19},"end":{"line":97,"column":1}},"1":{"start":{"line":15,"column":19},"end":{"line":15,"column":32}},"2":{"start":{"line":17,"column":14},"end":{"line":17,"column":52}},"3":{"start":{"line":17,"column":37},"end":{"line":17,"column":51}},"4":{"start":{"line":18,"column":16},"end":{"line":18,"column":56}},"5":{"start":{"line":18,"column":39},"end":{"line":18,"column":55}},"6":{"start":{"line":19,"column":23},"end":{"line":19,"column":74}},"7":{"start":{"line":19,"column":46},"end":{"line":19,"column":73}},"8":{"start":{"line":20,"column":26},"end":{"line":20,"column":80}},"9":{"start":{"line":20,"column":49},"end":{"line":20,"column":79}},"10":{"start":{"line":24,"column":19},"end":{"line":30,"column":3}},"11":{"start":{"line":25,"column":16},"end":{"line":25,"column":18}},"12":{"start":{"line":26,"column":4},"end":{"line":28,"column":7}},"13":{"start":{"line":27,"column":6},"end":{"line":27,"column":56}},"14":{"start":{"line":29,"column":4},"end":{"line":29,"column":17}},"15":{"start":{"line":33,"column":2},"end":{"line":45,"column":3}},"16":{"start":{"line":34,"column":4},"end":{"line":34,"column":68}},"17":{"start":{"line":34,"column":34},"end":{"line":34,"column":66}},"18":{"start":{"line":36,"column":4},"end":{"line":41,"column":5}},"19":{"start":{"line":37,"column":6},"end":{"line":37,"column":18}},"20":{"start":{"line":40,"column":6},"end":{"line":40,"column":46}},"21":{"start":{"line":44,"column":4},"end":{"line":44,"column":63}},"22":{"start":{"line":44,"column":34},"end":{"line":44,"column":61}},"23":{"start":{"line":48,"column":2},"end":{"line":50,"column":21}},"24":{"start":{"line":49,"column":4},"end":{"line":49,"column":22}},"25":{"start":{"line":53,"column":2},"end":{"line":57,"column":13}},"26":{"start":{"line":54,"column":4},"end":{"line":56,"column":5}},"27":{"start":{"line":55,"column":6},"end":{"line":55,"column":49}},"28":{"start":{"line":60,"column":2},"end":{"line":96,"column":3}},"29":{"start":{"line":61,"column":4},"end":{"line":66,"column":6}},"30":{"start":{"line":67,"column":9},"end":{"line":96,"column":3}},"31":{"start":{"line":68,"column":4},"end":{"line":81,"column":6}},"32":{"start":{"line":74,"column":10},"end":{"line":74,"column":56}},"33":{"start":{"line":75,"column":10},"end":{"line":75,"column":73}},"34":{"start":{"line":76,"column":10},"end":{"line":76,"column":46}},"35":{"start":{"line":77,"column":10},"end":{"line":77,"column":56}},"36":{"start":{"line":78,"column":10},"end":{"line":78,"column":36}},"37":{"start":{"line":83,"column":4},"end":{"line":95,"column":6}},"38":{"start":{"line":88,"column":10},"end":{"line":88,"column":56}},"39":{"start":{"line":89,"column":10},"end":{"line":89,"column":73}},"40":{"start":{"line":90,"column":10},"end":{"line":90,"column":46}},"41":{"start":{"line":91,"column":10},"end":{"line":91,"column":56}},"42":{"start":{"line":92,"column":10},"end":{"line":92,"column":36}}},"fnMap":{"0":{"name":"(anonymous_0)","decl":{"start":{"line":14,"column":19},"end":{"line":14,"column":20}},"loc":{"start":{"line":14,"column":30},"end":{"line":97,"column":1}},"line":14},"1":{"name":"(anonymous_1)","decl":{"start":{"line":17,"column":26},"end":{"line":17,"column":27}},"loc":{"start":{"line":17,"column":37},"end":{"line":17,"column":51}},"line":17},"2":{"name":"(anonymous_2)","decl":{"start":{"line":18,"column":28},"end":{"line":18,"column":29}},"loc":{"start":{"line":18,"column":39},"end":{"line":18,"column":55}},"line":18},"3":{"name":"(anonymous_3)","decl":{"start":{"line":19,"column":35},"end":{"line":19,"column":36}},"loc":{"start":{"line":19,"column":46},"end":{"line":19,"column":73}},"line":19},"4":{"name":"(anonymous_4)","decl":{"start":{"line":20,"column":38},"end":{"line":20,"column":39}},"loc":{"start":{"line":20,"column":49},"end":{"line":20,"column":79}},"line":20},"5":{"name":"(anonymous_5)","decl":{"start":{"line":24,"column":19},"end":{"line":24,"column":20}},"loc":{"start":{"line":24,"column":29},"end":{"line":30,"column":3}},"line":24},"6":{"name":"(anonymous_6)","decl":{"start":{"line":26,"column":26},"end":{"line":26,"column":27}},"loc":{"start":{"line":26,"column":35},"end":{"line":28,"column":5}},"line":26},"7":{"name":"(anonymous_7)","decl":{"start":{"line":34,"column":23},"end":{"line":34,"column":24}},"loc":{"start":{"line":34,"column":34},"end":{"line":34,"column":66}},"line":34},"8":{"name":"(anonymous_8)","decl":{"start":{"line":44,"column":23},"end":{"line":44,"column":24}},"loc":{"start":{"line":44,"column":34},"end":{"line":44,"column":61}},"line":44},"9":{"name":"(anonymous_9)","decl":{"start":{"line":48,"column":12},"end":{"line":48,"column":13}},"loc":{"start":{"line":48,"column":18},"end":{"line":50,"column":3}},"line":48},"10":{"name":"(anonymous_10)","decl":{"start":{"line":53,"column":12},"end":{"line":53,"column":13}},"loc":{"start":{"line":53,"column":18},"end":{"line":57,"column":3}},"line":53},"11":{"name":"(anonymous_11)","decl":{"start":{"line":73,"column":18},"end":{"line":73,"column":19}},"loc":{"start":{"line":73,"column":32},"end":{"line":79,"column":9}},"line":73},"12":{"name":"(anonymous_12)","decl":{"start":{"line":87,"column":18},"end":{"line":87,"column":19}},"loc":{"start":{"line":87,"column":32},"end":{"line":93,"column":9}},"line":87}},"branchMap":{"0":{"loc":{"start":{"line":33,"column":2},"end":{"line":45,"column":3}},"type":"if","locations":[{"start":{"line":33,"column":2},"end":{"line":45,"column":3}},{"start":{"line":33,"column":2},"end":{"line":45,"column":3}}],"line":33},"1":{"loc":{"start":{"line":36,"column":4},"end":{"line":41,"column":5}},"type":"if","locations":[{"start":{"line":36,"column":4},"end":{"line":41,"column":5}},{"start":{"line":36,"column":4},"end":{"line":41,"column":5}}],"line":36},"2":{"loc":{"start":{"line":54,"column":4},"end":{"line":56,"column":5}},"type":"if","locations":[{"start":{"line":54,"column":4},"end":{"line":56,"column":5}},{"start":{"line":54,"column":4},"end":{"line":56,"column":5}}],"line":54},"3":{"loc":{"start":{"line":60,"column":2},"end":{"line":96,"column":3}},"type":"if","locations":[{"start":{"line":60,"column":2},"end":{"line":96,"column":3}},{"start":{"line":60,"column":2},"end":{"line":96,"column":3}}],"line":60},"4":{"loc":{"start":{"line":67,"column":9},"end":{"line":96,"column":3}},"type":"if","locations":[{"start":{"line":67,"column":9},"end":{"line":96,"column":3}},{"start":{"line":67,"column":9},"end":{"line":96,"column":3}}],"line":67}},"s":{"0":3,"1":82,"2":82,"3":560,"4":82,"5":560,"6":82,"7":560,"8":82,"9":560,"10":82,"11":50,"12":50,"13":300,"14":50,"15":82,"16":50,"17":354,"18":50,"19":0,"20":50,"21":32,"22":206,"23":82,"24":37,"25":82,"26":37,"27":22,"28":82,"29":34,"30":48,"31":0,"32":0,"33":0,"34":0,"35":0,"36":0,"37":48,"38":0,"39":0,"40":0,"41":0,"42":0},"f":{"0":82,"1":560,"2":560,"3":560,"4":560,"5":50,"6":300,"7":354,"8":206,"9":37,"10":37,"11":0,"12":0},"b":{"0":[50,32],"1":[0,50],"2":[22,15],"3":[34,48],"4":[0,48]},"_coverageSchema":"1a1c01bbd47fc00a2c39e90264f33305004495a9","hash":"216e592f8d399eb9c439f6b04a8fb57cd19a815c"}
,"/Users/jennagroth/immersive/FEC/client/src/components/overview/imageGallery/galleryExpanded.jsx": {"path":"/Users/jennagroth/immersive/FEC/client/src/components/overview/imageGallery/galleryExpanded.jsx","statementMap":{"0":{"start":{"line":17,"column":21},"end":{"line":84,"column":1}},"1":{"start":{"line":18,"column":19},"end":{"line":18,"column":32}},"2":{"start":{"line":19,"column":23},"end":{"line":19,"column":73}},"3":{"start":{"line":19,"column":46},"end":{"line":19,"column":72}},"4":{"start":{"line":20,"column":23},"end":{"line":20,"column":74}},"5":{"start":{"line":20,"column":46},"end":{"line":20,"column":73}},"6":{"start":{"line":21,"column":21},"end":{"line":21,"column":70}},"7":{"start":{"line":21,"column":44},"end":{"line":21,"column":69}},"8":{"start":{"line":23,"column":2},"end":{"line":83,"column":4}},"9":{"start":{"line":29,"column":27},"end":{"line":29,"column":48}},"10":{"start":{"line":34,"column":69},"end":{"line":34,"column":96}},"11":{"start":{"line":36,"column":27},"end":{"line":36,"column":54}},"12":{"start":{"line":50,"column":27},"end":{"line":50,"column":48}},"13":{"start":{"line":63,"column":10},"end":{"line":79,"column":11}},"14":{"start":{"line":64,"column":12},"end":{"line":70,"column":14}},"15":{"start":{"line":66,"column":43},"end":{"line":66,"column":67}},"16":{"start":{"line":72,"column":12},"end":{"line":78,"column":14}},"17":{"start":{"line":74,"column":43},"end":{"line":74,"column":67}}},"fnMap":{"0":{"name":"(anonymous_0)","decl":{"start":{"line":17,"column":21},"end":{"line":17,"column":22}},"loc":{"start":{"line":17,"column":32},"end":{"line":84,"column":1}},"line":17},"1":{"name":"(anonymous_1)","decl":{"start":{"line":19,"column":35},"end":{"line":19,"column":36}},"loc":{"start":{"line":19,"column":46},"end":{"line":19,"column":72}},"line":19},"2":{"name":"(anonymous_2)","decl":{"start":{"line":20,"column":35},"end":{"line":20,"column":36}},"loc":{"start":{"line":20,"column":46},"end":{"line":20,"column":73}},"line":20},"3":{"name":"(anonymous_3)","decl":{"start":{"line":21,"column":33},"end":{"line":21,"column":34}},"loc":{"start":{"line":21,"column":44},"end":{"line":21,"column":69}},"line":21},"4":{"name":"(anonymous_4)","decl":{"start":{"line":29,"column":21},"end":{"line":29,"column":22}},"loc":{"start":{"line":29,"column":27},"end":{"line":29,"column":48}},"line":29},"5":{"name":"(anonymous_5)","decl":{"start":{"line":34,"column":63},"end":{"line":34,"column":64}},"loc":{"start":{"line":34,"column":69},"end":{"line":34,"column":96}},"line":34},"6":{"name":"(anonymous_6)","decl":{"start":{"line":36,"column":21},"end":{"line":36,"column":22}},"loc":{"start":{"line":36,"column":27},"end":{"line":36,"column":54}},"line":36},"7":{"name":"(anonymous_7)","decl":{"start":{"line":50,"column":21},"end":{"line":50,"column":22}},"loc":{"start":{"line":50,"column":27},"end":{"line":50,"column":48}},"line":50},"8":{"name":"(anonymous_8)","decl":{"start":{"line":62,"column":33},"end":{"line":62,"column":34}},"loc":{"start":{"line":62,"column":51},"end":{"line":80,"column":9}},"line":62},"9":{"name":"(anonymous_9)","decl":{"start":{"line":66,"column":37},"end":{"line":66,"column":38}},"loc":{"start":{"line":66,"column":43},"end":{"line":66,"column":67}},"line":66},"10":{"name":"(anonymous_10)","decl":{"start":{"line":74,"column":37},"end":{"line":74,"column":38}},"loc":{"start":{"line":74,"column":43},"end":{"line":74,"column":67}},"line":74}},"branchMap":{"0":{"loc":{"start":{"line":28,"column":19},"end":{"line":28,"column":99}},"type":"cond-expr","locations":[{"start":{"line":28,"column":38},"end":{"line":28,"column":78}},{"start":{"line":28,"column":81},"end":{"line":28,"column":99}}],"line":28},"1":{"loc":{"start":{"line":47,"column":19},"end":{"line":49,"column":32}},"type":"cond-expr","locations":[{"start":{"line":48,"column":14},"end":{"line":48,"column":54}},{"start":{"line":49,"column":14},"end":{"line":49,"column":32}}],"line":47},"2":{"loc":{"start":{"line":63,"column":10},"end":{"line":79,"column":11}},"type":"if","locations":[{"start":{"line":63,"column":10},"end":{"line":79,"column":11}},{"start":{"line":63,"column":10},"end":{"line":79,"column":11}}],"line":63}},"s":{"0":3,"1":0,"2":0,"3":0,"4":0,"5":0,"6":0,"7":0,"8":0,"9":0,"10":0,"11":0,"12":0,"13":0,"14":0,"15":0,"16":0,"17":0},"f":{"0":0,"1":0,"2":0,"3":0,"4":0,"5":0,"6":0,"7":0,"8":0,"9":0,"10":0},"b":{"0":[0,0],"1":[0,0],"2":[0,0]},"_coverageSchema":"1a1c01bbd47fc00a2c39e90264f33305004495a9","hash":"ea6343c191d11604a3d83b297f0571a2c14c3ccd"}
,"/Users/jennagroth/immersive/FEC/client/src/components/overview/imageGallery/galleryMagnified.jsx": {"path":"/Users/jennagroth/immersive/FEC/client/src/components/overview/imageGallery/galleryMagnified.jsx","statementMap":{"0":{"start":{"line":8,"column":22},"end":{"line":40,"column":1}},"1":{"start":{"line":9,"column":19},"end":{"line":9,"column":32}},"2":{"start":{"line":10,"column":23},"end":{"line":10,"column":73}},"3":{"start":{"line":10,"column":46},"end":{"line":10,"column":72}},"4":{"start":{"line":13,"column":16},"end":{"line":13,"column":48}},"5":{"start":{"line":14,"column":12},"end":{"line":14,"column":28}},"6":{"start":{"line":15,"column":15},"end":{"line":15,"column":84}},"7":{"start":{"line":16,"column":4},"end":{"line":16,"column":28}},"8":{"start":{"line":19,"column":10},"end":{"line":19,"column":35}},"9":{"start":{"line":20,"column":10},"end":{"line":20,"column":35}},"10":{"start":{"line":22,"column":2},"end":{"line":39,"column":4}},"11":{"start":{"line":29,"column":8},"end":{"line":29,"column":37}},"12":{"start":{"line":30,"column":8},"end":{"line":30,"column":35}}},"fnMap":{"0":{"name":"(anonymous_0)","decl":{"start":{"line":8,"column":22},"end":{"line":8,"column":23}},"loc":{"start":{"line":8,"column":33},"end":{"line":40,"column":1}},"line":8},"1":{"name":"(anonymous_1)","decl":{"start":{"line":10,"column":35},"end":{"line":10,"column":36}},"loc":{"start":{"line":10,"column":46},"end":{"line":10,"column":72}},"line":10},"2":{"name":"viewportToPixels","decl":{"start":{"line":12,"column":11},"end":{"line":12,"column":27}},"loc":{"start":{"line":12,"column":36},"end":{"line":17,"column":3}},"line":12},"3":{"name":"(anonymous_3)","decl":{"start":{"line":28,"column":15},"end":{"line":28,"column":16}},"loc":{"start":{"line":28,"column":21},"end":{"line":31,"column":7}},"line":28}},"branchMap":{},"s":{"0":3,"1":0,"2":0,"3":0,"4":0,"5":0,"6":0,"7":0,"8":0,"9":0,"10":0,"11":0,"12":0},"f":{"0":0,"1":0,"2":0,"3":0},"b":{},"_coverageSchema":"1a1c01bbd47fc00a2c39e90264f33305004495a9","hash":"4b17c3696b2ba0ff5962c7e76c7ac9ca66124f91"}
,"/Users/jennagroth/immersive/FEC/client/src/components/overview/imageGallery/galleryMainImg.jsx": {"path":"/Users/jennagroth/immersive/FEC/client/src/components/overview/imageGallery/galleryMainImg.jsx","statementMap":{"0":{"start":{"line":15,"column":23},"end":{"line":52,"column":1}},"1":{"start":{"line":16,"column":19},"end":{"line":16,"column":32}},"2":{"start":{"line":17,"column":23},"end":{"line":17,"column":73}},"3":{"start":{"line":17,"column":46},"end":{"line":17,"column":72}},"4":{"start":{"line":18,"column":23},"end":{"line":18,"column":74}},"5":{"start":{"line":18,"column":46},"end":{"line":18,"column":73}},"6":{"start":{"line":19,"column":21},"end":{"line":19,"column":70}},"7":{"start":{"line":19,"column":44},"end":{"line":19,"column":69}},"8":{"start":{"line":21,"column":2},"end":{"line":51,"column":4}},"9":{"start":{"line":26,"column":25},"end":{"line":26,"column":46}},"10":{"start":{"line":33,"column":25},"end":{"line":33,"column":51}},"11":{"start":{"line":45,"column":25},"end":{"line":45,"column":46}}},"fnMap":{"0":{"name":"(anonymous_0)","decl":{"start":{"line":15,"column":23},"end":{"line":15,"column":24}},"loc":{"start":{"line":15,"column":34},"end":{"line":52,"column":1}},"line":15},"1":{"name":"(anonymous_1)","decl":{"start":{"line":17,"column":35},"end":{"line":17,"column":36}},"loc":{"start":{"line":17,"column":46},"end":{"line":17,"column":72}},"line":17},"2":{"name":"(anonymous_2)","decl":{"start":{"line":18,"column":35},"end":{"line":18,"column":36}},"loc":{"start":{"line":18,"column":46},"end":{"line":18,"column":73}},"line":18},"3":{"name":"(anonymous_3)","decl":{"start":{"line":19,"column":33},"end":{"line":19,"column":34}},"loc":{"start":{"line":19,"column":44},"end":{"line":19,"column":69}},"line":19},"4":{"name":"(anonymous_4)","decl":{"start":{"line":26,"column":19},"end":{"line":26,"column":20}},"loc":{"start":{"line":26,"column":25},"end":{"line":26,"column":46}},"line":26},"5":{"name":"(anonymous_5)","decl":{"start":{"line":33,"column":19},"end":{"line":33,"column":20}},"loc":{"start":{"line":33,"column":25},"end":{"line":33,"column":51}},"line":33},"6":{"name":"(anonymous_6)","decl":{"start":{"line":45,"column":19},"end":{"line":45,"column":20}},"loc":{"start":{"line":45,"column":25},"end":{"line":45,"column":46}},"line":45}},"branchMap":{"0":{"loc":{"start":{"line":25,"column":17},"end":{"line":25,"column":65}},"type":"cond-expr","locations":[{"start":{"line":25,"column":36},"end":{"line":25,"column":60}},{"start":{"line":25,"column":63},"end":{"line":25,"column":65}}],"line":25},"1":{"loc":{"start":{"line":44,"column":17},"end":{"line":44,"column":94}},"type":"cond-expr","locations":[{"start":{"line":44,"column":65},"end":{"line":44,"column":89}},{"start":{"line":44,"column":92},"end":{"line":44,"column":94}}],"line":44}},"s":{"0":3,"1":31,"2":31,"3":337,"4":31,"5":337,"6":31,"7":337,"8":31,"9":0,"10":0,"11":0},"f":{"0":31,"1":337,"2":337,"3":337,"4":0,"5":0,"6":0},"b":{"0":[31,0],"1":[0,31]},"_coverageSchema":"1a1c01bbd47fc00a2c39e90264f33305004495a9","hash":"9293a3e7ec7fa4525cb896ac97061ffc89099415"}
,"/Users/jennagroth/immersive/FEC/client/src/components/overview/imageGallery/galleryNav.jsx": {"path":"/Users/jennagroth/immersive/FEC/client/src/components/overview/imageGallery/galleryNav.jsx","statementMap":{"0":{"start":{"line":17,"column":14},"end":{"line":36,"column":2}},"1":{"start":{"line":38,"column":19},"end":{"line":108,"column":1}},"2":{"start":{"line":39,"column":19},"end":{"line":39,"column":32}},"3":{"start":{"line":40,"column":23},"end":{"line":40,"column":74}},"4":{"start":{"line":40,"column":46},"end":{"line":40,"column":73}},"5":{"start":{"line":41,"column":21},"end":{"line":41,"column":70}},"6":{"start":{"line":41,"column":44},"end":{"line":41,"column":69}},"7":{"start":{"line":42,"column":23},"end":{"line":42,"column":73}},"8":{"start":{"line":42,"column":46},"end":{"line":42,"column":72}},"9":{"start":{"line":44,"column":2},"end":{"line":49,"column":21}},"10":{"start":{"line":45,"column":4},"end":{"line":48,"column":5}},"11":{"start":{"line":46,"column":6},"end":{"line":46,"column":65}},"12":{"start":{"line":47,"column":6},"end":{"line":47,"column":52}},"13":{"start":{"line":51,"column":2},"end":{"line":107,"column":4}},"14":{"start":{"line":58,"column":27},"end":{"line":58,"column":48}},"15":{"start":{"line":72,"column":12},"end":{"line":80,"column":13}},"16":{"start":{"line":73,"column":14},"end":{"line":73,"column":40}},"17":{"start":{"line":75,"column":14},"end":{"line":75,"column":180}},"18":{"start":{"line":76,"column":14},"end":{"line":79,"column":18}},"19":{"start":{"line":81,"column":12},"end":{"line":96,"column":14}},"20":{"start":{"line":88,"column":33},"end":{"line":88,"column":57}},"21":{"start":{"line":101,"column":25},"end":{"line":101,"column":46}}},"fnMap":{"0":{"name":"(anonymous_0)","decl":{"start":{"line":38,"column":19},"end":{"line":38,"column":20}},"loc":{"start":{"line":38,"column":30},"end":{"line":108,"column":1}},"line":38},"1":{"name":"(anonymous_1)","decl":{"start":{"line":40,"column":35},"end":{"line":40,"column":36}},"loc":{"start":{"line":40,"column":46},"end":{"line":40,"column":73}},"line":40},"2":{"name":"(anonymous_2)","decl":{"start":{"line":41,"column":33},"end":{"line":41,"column":34}},"loc":{"start":{"line":41,"column":44},"end":{"line":41,"column":69}},"line":41},"3":{"name":"(anonymous_3)","decl":{"start":{"line":42,"column":35},"end":{"line":42,"column":36}},"loc":{"start":{"line":42,"column":46},"end":{"line":42,"column":72}},"line":42},"4":{"name":"(anonymous_4)","decl":{"start":{"line":44,"column":12},"end":{"line":44,"column":13}},"loc":{"start":{"line":44,"column":18},"end":{"line":49,"column":3}},"line":44},"5":{"name":"(anonymous_5)","decl":{"start":{"line":58,"column":21},"end":{"line":58,"column":22}},"loc":{"start":{"line":58,"column":27},"end":{"line":58,"column":48}},"line":58},"6":{"name":"(anonymous_6)","decl":{"start":{"line":70,"column":35},"end":{"line":70,"column":36}},"loc":{"start":{"line":70,"column":53},"end":{"line":97,"column":11}},"line":70},"7":{"name":"(anonymous_7)","decl":{"start":{"line":88,"column":27},"end":{"line":88,"column":28}},"loc":{"start":{"line":88,"column":33},"end":{"line":88,"column":57}},"line":88},"8":{"name":"(anonymous_8)","decl":{"start":{"line":101,"column":19},"end":{"line":101,"column":20}},"loc":{"start":{"line":101,"column":25},"end":{"line":101,"column":46}},"line":101}},"branchMap":{"0":{"loc":{"start":{"line":45,"column":4},"end":{"line":48,"column":5}},"type":"if","locations":[{"start":{"line":45,"column":4},"end":{"line":48,"column":5}},{"start":{"line":45,"column":4},"end":{"line":48,"column":5}}],"line":45},"1":{"loc":{"start":{"line":45,"column":8},"end":{"line":45,"column":78}},"type":"binary-expr","locations":[{"start":{"line":45,"column":8},"end":{"line":45,"column":39}},{"start":{"line":45,"column":43},"end":{"line":45,"column":78}}],"line":45},"2":{"loc":{"start":{"line":72,"column":12},"end":{"line":80,"column":13}},"type":"if","locations":[{"start":{"line":72,"column":12},"end":{"line":80,"column":13}},{"start":{"line":72,"column":12},"end":{"line":80,"column":13}}],"line":72},"3":{"loc":{"start":{"line":72,"column":16},"end":{"line":72,"column":44}},"type":"binary-expr","locations":[{"start":{"line":72,"column":16},"end":{"line":72,"column":21}},{"start":{"line":72,"column":25},"end":{"line":72,"column":44}}],"line":72},"4":{"loc":{"start":{"line":85,"column":23},"end":{"line":85,"column":84}},"type":"cond-expr","locations":[{"start":{"line":85,"column":60},"end":{"line":85,"column":79}},{"start":{"line":85,"column":82},"end":{"line":85,"column":84}}],"line":85},"5":{"loc":{"start":{"line":90,"column":27},"end":{"line":92,"column":67}},"type":"cond-expr","locations":[{"start":{"line":91,"column":22},"end":{"line":91,"column":109}},{"start":{"line":92,"column":22},"end":{"line":92,"column":67}}],"line":90}},"s":{"0":3,"1":3,"2":25,"3":25,"4":331,"5":25,"6":331,"7":25,"8":331,"9":25,"10":22,"11":22,"12":22,"13":25,"14":0,"15":150,"16":150,"17":0,"18":0,"19":150,"20":0,"21":0},"f":{"0":25,"1":331,"2":331,"3":331,"4":22,"5":0,"6":150,"7":0,"8":0},"b":{"0":[22,0],"1":[22,22],"2":[150,0],"3":[150,150],"4":[0,150],"5":[25,125]},"_coverageSchema":"1a1c01bbd47fc00a2c39e90264f33305004495a9","hash":"c10d664deb8c2fddfd10e34b0032ab935af8db75"}
,"/Users/jennagroth/immersive/FEC/client/src/components/overview/imageGallery/imageGallery.jsx": {"path":"/Users/jennagroth/immersive/FEC/client/src/components/overview/imageGallery/imageGallery.jsx","statementMap":{"0":{"start":{"line":15,"column":21},"end":{"line":34,"column":1}},"1":{"start":{"line":16,"column":23},"end":{"line":16,"column":74}},"2":{"start":{"line":16,"column":46},"end":{"line":16,"column":73}},"3":{"start":{"line":18,"column":2},"end":{"line":33,"column":3}},"4":{"start":{"line":19,"column":4},"end":{"line":28,"column":6}},"5":{"start":{"line":30,"column":4},"end":{"line":32,"column":6}}},"fnMap":{"0":{"name":"(anonymous_0)","decl":{"start":{"line":15,"column":21},"end":{"line":15,"column":22}},"loc":{"start":{"line":15,"column":32},"end":{"line":34,"column":1}},"line":15},"1":{"name":"(anonymous_1)","decl":{"start":{"line":16,"column":35},"end":{"line":16,"column":36}},"loc":{"start":{"line":16,"column":46},"end":{"line":16,"column":73}},"line":16}},"branchMap":{"0":{"loc":{"start":{"line":18,"column":2},"end":{"line":33,"column":3}},"type":"if","locations":[{"start":{"line":18,"column":2},"end":{"line":33,"column":3}},{"start":{"line":18,"column":2},"end":{"line":33,"column":3}}],"line":18}},"s":{"0":3,"1":40,"2":518,"3":40,"4":25,"5":15},"f":{"0":40,"1":518},"b":{"0":[25,15]},"_coverageSchema":"1a1c01bbd47fc00a2c39e90264f33305004495a9","hash":"13db9b1b7743c39a7410b94492b376695a30ab10"}
,"/Users/jennagroth/immersive/FEC/client/src/components/overview/imageGallery/imageGallerySlice.js": {"path":"/Users/jennagroth/immersive/FEC/client/src/components/overview/imageGallery/imageGallerySlice.js","statementMap":{"0":{"start":{"line":3,"column":28},"end":{"line":45,"column":2}},"1":{"start":{"line":13,"column":6},"end":{"line":13,"column":26}},"2":{"start":{"line":14,"column":6},"end":{"line":14,"column":67}},"3":{"start":{"line":15,"column":6},"end":{"line":21,"column":7}},"4":{"start":{"line":16,"column":18},"end":{"line":16,"column":20}},"5":{"start":{"line":17,"column":8},"end":{"line":19,"column":9}},"6":{"start":{"line":17,"column":21},"end":{"line":17,"column":38}},"7":{"start":{"line":18,"column":10},"end":{"line":18,"column":25}},"8":{"start":{"line":20,"column":8},"end":{"line":20,"column":33}},"9":{"start":{"line":24,"column":6},"end":{"line":24,"column":26}},"10":{"start":{"line":25,"column":6},"end":{"line":25,"column":67}},"11":{"start":{"line":28,"column":6},"end":{"line":28,"column":41}},"12":{"start":{"line":29,"column":6},"end":{"line":29,"column":67}},"13":{"start":{"line":32,"column":6},"end":{"line":32,"column":42}},"14":{"start":{"line":35,"column":6},"end":{"line":35,"column":44}},"15":{"start":{"line":37,"column":6},"end":{"line":42,"column":7}},"16":{"start":{"line":38,"column":8},"end":{"line":41,"column":10}},"17":{"start":{"line":47,"column":82},"end":{"line":47,"column":102}}},"fnMap":{"0":{"name":"(anonymous_0)","decl":{"start":{"line":12,"column":15},"end":{"line":12,"column":16}},"loc":{"start":{"line":12,"column":34},"end":{"line":22,"column":5}},"line":12},"1":{"name":"(anonymous_1)","decl":{"start":{"line":23,"column":15},"end":{"line":23,"column":16}},"loc":{"start":{"line":23,"column":34},"end":{"line":26,"column":5}},"line":23},"2":{"name":"(anonymous_2)","decl":{"start":{"line":27,"column":13},"end":{"line":27,"column":14}},"loc":{"start":{"line":27,"column":32},"end":{"line":30,"column":5}},"line":27},"3":{"name":"(anonymous_3)","decl":{"start":{"line":31,"column":21},"end":{"line":31,"column":22}},"loc":{"start":{"line":31,"column":40},"end":{"line":33,"column":5}},"line":31},"4":{"name":"(anonymous_4)","decl":{"start":{"line":34,"column":20},"end":{"line":34,"column":21}},"loc":{"start":{"line":34,"column":39},"end":{"line":43,"column":5}},"line":34}},"branchMap":{"0":{"loc":{"start":{"line":15,"column":6},"end":{"line":21,"column":7}},"type":"if","locations":[{"start":{"line":15,"column":6},"end":{"line":21,"column":7}},{"start":{"line":15,"column":6},"end":{"line":21,"column":7}}],"line":15},"1":{"loc":{"start":{"line":37,"column":6},"end":{"line":42,"column":7}},"type":"if","locations":[{"start":{"line":37,"column":6},"end":{"line":42,"column":7}},{"start":{"line":37,"column":6},"end":{"line":42,"column":7}}],"line":37}},"s":{"0":3,"1":0,"2":0,"3":0,"4":0,"5":0,"6":0,"7":0,"8":0,"9":0,"10":0,"11":0,"12":0,"13":22,"14":22,"15":22,"16":0,"17":3},"f":{"0":0,"1":0,"2":0,"3":22,"4":22},"b":{"0":[0,0],"1":[0,22]},"_coverageSchema":"1a1c01bbd47fc00a2c39e90264f33305004495a9","hash":"8fd1b4fbee754f6ae22292d513fe9e938c9012da"}
,"/Users/jennagroth/immersive/FEC/client/src/components/overview/productInformation/productInformation.jsx": {"path":"/Users/jennagroth/immersive/FEC/client/src/components/overview/productInformation/productInformation.jsx","statementMap":{"0":{"start":{"line":15,"column":27},"end":{"line":85,"column":1}},"1":{"start":{"line":16,"column":19},"end":{"line":16,"column":32}},"2":{"start":{"line":18,"column":22},"end":{"line":18,"column":67}},"3":{"start":{"line":18,"column":45},"end":{"line":18,"column":66}},"4":{"start":{"line":19,"column":20},"end":{"line":19,"column":63}},"5":{"start":{"line":19,"column":43},"end":{"line":19,"column":62}},"6":{"start":{"line":20,"column":23},"end":{"line":20,"column":74}},"7":{"start":{"line":20,"column":46},"end":{"line":20,"column":73}},"8":{"start":{"line":21,"column":17},"end":{"line":21,"column":57}},"9":{"start":{"line":21,"column":40},"end":{"line":21,"column":56}},"10":{"start":{"line":22,"column":23},"end":{"line":22,"column":71}},"11":{"start":{"line":22,"column":46},"end":{"line":22,"column":70}},"12":{"start":{"line":24,"column":2},"end":{"line":27,"column":18}},"13":{"start":{"line":25,"column":4},"end":{"line":25,"column":45}},"14":{"start":{"line":26,"column":4},"end":{"line":26,"column":46}},"15":{"start":{"line":29,"column":2},"end":{"line":84,"column":4}}},"fnMap":{"0":{"name":"(anonymous_0)","decl":{"start":{"line":15,"column":27},"end":{"line":15,"column":28}},"loc":{"start":{"line":15,"column":38},"end":{"line":85,"column":1}},"line":15},"1":{"name":"(anonymous_1)","decl":{"start":{"line":18,"column":34},"end":{"line":18,"column":35}},"loc":{"start":{"line":18,"column":45},"end":{"line":18,"column":66}},"line":18},"2":{"name":"(anonymous_2)","decl":{"start":{"line":19,"column":32},"end":{"line":19,"column":33}},"loc":{"start":{"line":19,"column":43},"end":{"line":19,"column":62}},"line":19},"3":{"name":"(anonymous_3)","decl":{"start":{"line":20,"column":35},"end":{"line":20,"column":36}},"loc":{"start":{"line":20,"column":46},"end":{"line":20,"column":73}},"line":20},"4":{"name":"(anonymous_4)","decl":{"start":{"line":21,"column":29},"end":{"line":21,"column":30}},"loc":{"start":{"line":21,"column":40},"end":{"line":21,"column":56}},"line":21},"5":{"name":"(anonymous_5)","decl":{"start":{"line":22,"column":35},"end":{"line":22,"column":36}},"loc":{"start":{"line":22,"column":46},"end":{"line":22,"column":70}},"line":22},"6":{"name":"(anonymous_6)","decl":{"start":{"line":24,"column":12},"end":{"line":24,"column":13}},"loc":{"start":{"line":24,"column":18},"end":{"line":27,"column":3}},"line":24}},"branchMap":{"0":{"loc":{"start":{"line":32,"column":9},"end":{"line":54,"column":16}},"type":"cond-expr","locations":[{"start":{"line":33,"column":10},"end":{"line":40,"column":12}},{"start":{"line":41,"column":10},"end":{"line":54,"column":16}}],"line":32},"1":{"loc":{"start":{"line":70,"column":11},"end":{"line":79,"column":54}},"type":"cond-expr","locations":[{"start":{"line":71,"column":12},"end":{"line":78,"column":18}},{"start":{"line":79,"column":12},"end":{"line":79,"column":54}}],"line":70},"2":{"loc":{"start":{"line":70,"column":11},"end":{"line":70,"column":52}},"type":"binary-expr","locations":[{"start":{"line":70,"column":12},"end":{"line":70,"column":24}},{"start":{"line":70,"column":29},"end":{"line":70,"column":52}}],"line":70}},"s":{"0":3,"1":50,"2":49,"3":527,"4":49,"5":527,"6":49,"7":527,"8":49,"9":527,"10":49,"11":527,"12":47,"13":31,"14":31,"15":47},"f":{"0":50,"1":527,"2":527,"3":527,"4":527,"5":527,"6":31},"b":{"0":[19,28],"1":[2,45],"2":[47,28]},"_coverageSchema":"1a1c01bbd47fc00a2c39e90264f33305004495a9","hash":"9a4ae65a3a91f6920846838f888c569ce62df6af"}
,"/Users/jennagroth/immersive/FEC/client/src/components/overview/styleSelector/styleSelector.jsx": {"path":"/Users/jennagroth/immersive/FEC/client/src/components/overview/styleSelector/styleSelector.jsx","statementMap":{"0":{"start":{"line":17,"column":18},"end":{"line":32,"column":2}},"1":{"start":{"line":35,"column":22},"end":{"line":94,"column":1}},"2":{"start":{"line":36,"column":18},"end":{"line":36,"column":29}},"3":{"start":{"line":37,"column":19},"end":{"line":37,"column":32}},"4":{"start":{"line":38,"column":20},"end":{"line":38,"column":63}},"5":{"start":{"line":38,"column":43},"end":{"line":38,"column":62}},"6":{"start":{"line":39,"column":20},"end":{"line":39,"column":65}},"7":{"start":{"line":39,"column":43},"end":{"line":39,"column":64}},"8":{"start":{"line":40,"column":23},"end":{"line":40,"column":74}},"9":{"start":{"line":40,"column":46},"end":{"line":40,"column":73}},"10":{"start":{"line":42,"column":2},"end":{"line":44,"column":18}},"11":{"start":{"line":43,"column":4},"end":{"line":43,"column":40}},"12":{"start":{"line":46,"column":2},"end":{"line":93,"column":3}},"13":{"start":{"line":47,"column":4},"end":{"line":90,"column":6}},"14":{"start":{"line":53,"column":12},"end":{"line":57,"column":13}},"15":{"start":{"line":54,"column":14},"end":{"line":54,"column":50}},"16":{"start":{"line":56,"column":14},"end":{"line":56,"column":180}},"17":{"start":{"line":59,"column":12},"end":{"line":86,"column":14}},"18":{"start":{"line":65,"column":31},"end":{"line":65,"column":59}},"19":{"start":{"line":92,"column":4},"end":{"line":92,"column":63}}},"fnMap":{"0":{"name":"(anonymous_0)","decl":{"start":{"line":35,"column":22},"end":{"line":35,"column":23}},"loc":{"start":{"line":35,"column":33},"end":{"line":94,"column":1}},"line":35},"1":{"name":"(anonymous_1)","decl":{"start":{"line":38,"column":32},"end":{"line":38,"column":33}},"loc":{"start":{"line":38,"column":43},"end":{"line":38,"column":62}},"line":38},"2":{"name":"(anonymous_2)","decl":{"start":{"line":39,"column":32},"end":{"line":39,"column":33}},"loc":{"start":{"line":39,"column":43},"end":{"line":39,"column":64}},"line":39},"3":{"name":"(anonymous_3)","decl":{"start":{"line":40,"column":35},"end":{"line":40,"column":36}},"loc":{"start":{"line":40,"column":46},"end":{"line":40,"column":73}},"line":40},"4":{"name":"(anonymous_4)","decl":{"start":{"line":42,"column":12},"end":{"line":42,"column":13}},"loc":{"start":{"line":42,"column":18},"end":{"line":44,"column":3}},"line":42},"5":{"name":"(anonymous_5)","decl":{"start":{"line":51,"column":25},"end":{"line":51,"column":26}},"loc":{"start":{"line":51,"column":54},"end":{"line":87,"column":11}},"line":51},"6":{"name":"(anonymous_6)","decl":{"start":{"line":65,"column":25},"end":{"line":65,"column":26}},"loc":{"start":{"line":65,"column":31},"end":{"line":65,"column":59}},"line":65}},"branchMap":{"0":{"loc":{"start":{"line":46,"column":2},"end":{"line":93,"column":3}},"type":"if","locations":[{"start":{"line":46,"column":2},"end":{"line":93,"column":3}},{"start":{"line":46,"column":2},"end":{"line":93,"column":3}}],"line":46},"1":{"loc":{"start":{"line":53,"column":12},"end":{"line":57,"column":13}},"type":"if","locations":[{"start":{"line":53,"column":12},"end":{"line":57,"column":13}},{"start":{"line":53,"column":12},"end":{"line":57,"column":13}}],"line":53},"2":{"loc":{"start":{"line":53,"column":16},"end":{"line":53,"column":64}},"type":"binary-expr","locations":[{"start":{"line":53,"column":16},"end":{"line":53,"column":31}},{"start":{"line":53,"column":35},"end":{"line":53,"column":64}}],"line":53},"3":{"loc":{"start":{"line":70,"column":17},"end":{"line":83,"column":20}},"type":"cond-expr","locations":[{"start":{"line":71,"column":18},"end":{"line":79,"column":20}},{"start":{"line":80,"column":18},"end":{"line":83,"column":20}}],"line":70}},"s":{"0":3,"1":3,"2":40,"3":40,"4":40,"5":518,"6":40,"7":518,"8":40,"9":518,"10":40,"11":31,"12":40,"13":25,"14":150,"15":150,"16":0,"17":150,"18":2,"19":15},"f":{"0":40,"1":518,"2":518,"3":518,"4":31,"5":150,"6":2},"b":{"0":[25,15],"1":[150,0],"2":[150,150],"3":[25,125]},"_coverageSchema":"1a1c01bbd47fc00a2c39e90264f33305004495a9","hash":"09f176e92a32936b86bd698d348c8a28e1f5646e"}
,"/Users/jennagroth/immersive/FEC/client/src/components/questionsAnswers/AddAnswer.jsx": {"path":"/Users/jennagroth/immersive/FEC/client/src/components/questionsAnswers/AddAnswer.jsx","statementMap":{"0":{"start":{"line":15,"column":2},"end":{"line":20,"column":4}},"1":{"start":{"line":23,"column":18},"end":{"line":33,"column":3}},"2":{"start":{"line":23,"column":41},"end":{"line":33,"column":1}},"3":{"start":{"line":36,"column":18},"end":{"line":36,"column":29}},"4":{"start":{"line":38,"column":19},"end":{"line":38,"column":32}},"5":{"start":{"line":39,"column":22},"end":{"line":39,"column":70}},"6":{"start":{"line":39,"column":43},"end":{"line":39,"column":69}},"7":{"start":{"line":40,"column":20},"end":{"line":40,"column":61}},"8":{"start":{"line":40,"column":41},"end":{"line":40,"column":60}},"9":{"start":{"line":41,"column":23},"end":{"line":41,"column":46}},"10":{"start":{"line":42,"column":26},"end":{"line":42,"column":41}},"11":{"start":{"line":43,"column":34},"end":{"line":43,"column":46}},"12":{"start":{"line":44,"column":28},"end":{"line":44,"column":40}},"13":{"start":{"line":45,"column":30},"end":{"line":45,"column":42}},"14":{"start":{"line":46,"column":19},"end":{"line":46,"column":31}},"15":{"start":{"line":48,"column":21},"end":{"line":50,"column":3}},"16":{"start":{"line":49,"column":4},"end":{"line":49,"column":18}},"17":{"start":{"line":52,"column":22},"end":{"line":54,"column":3}},"18":{"start":{"line":53,"column":4},"end":{"line":53,"column":19}},"19":{"start":{"line":56,"column":28},"end":{"line":69,"column":3}},"20":{"start":{"line":57,"column":4},"end":{"line":60,"column":5}},"21":{"start":{"line":58,"column":6},"end":{"line":58,"column":34}},"22":{"start":{"line":59,"column":6},"end":{"line":59,"column":13}},"23":{"start":{"line":61,"column":4},"end":{"line":64,"column":5}},"24":{"start":{"line":62,"column":6},"end":{"line":62,"column":31}},"25":{"start":{"line":63,"column":6},"end":{"line":63,"column":13}},"26":{"start":{"line":65,"column":4},"end":{"line":68,"column":5}},"27":{"start":{"line":66,"column":6},"end":{"line":66,"column":32}},"28":{"start":{"line":67,"column":6},"end":{"line":67,"column":13}},"29":{"start":{"line":71,"column":24},"end":{"line":93,"column":3}},"30":{"start":{"line":72,"column":4},"end":{"line":92,"column":5}},"31":{"start":{"line":73,"column":6},"end":{"line":88,"column":11}},"32":{"start":{"line":79,"column":20},"end":{"line":79,"column":55}},"33":{"start":{"line":87,"column":10},"end":{"line":87,"column":39}},"34":{"start":{"line":91,"column":6},"end":{"line":91,"column":105}},"35":{"start":{"line":96,"column":4},"end":{"line":139,"column":10}},"36":{"start":{"line":134,"column":12},"end":{"line":135,"column":51}},"37":{"start":{"line":142,"column":2},"end":{"line":162,"column":4}}},"fnMap":{"0":{"name":"getModalStyle","decl":{"start":{"line":14,"column":9},"end":{"line":14,"column":22}},"loc":{"start":{"line":14,"column":26},"end":{"line":21,"column":1}},"line":14},"1":{"name":"(anonymous_1)","decl":{"start":{"line":23,"column":29},"end":{"line":23,"column":30}},"loc":{"start":{"line":23,"column":41},"end":{"line":33,"column":1}},"line":23},"2":{"name":"AddAModal","decl":{"start":{"line":35,"column":24},"end":{"line":35,"column":33}},"loc":{"start":{"line":35,"column":42},"end":{"line":163,"column":1}},"line":35},"3":{"name":"(anonymous_3)","decl":{"start":{"line":39,"column":34},"end":{"line":39,"column":35}},"loc":{"start":{"line":39,"column":43},"end":{"line":39,"column":69}},"line":39},"4":{"name":"(anonymous_4)","decl":{"start":{"line":40,"column":32},"end":{"line":40,"column":33}},"loc":{"start":{"line":40,"column":41},"end":{"line":40,"column":60}},"line":40},"5":{"name":"(anonymous_5)","decl":{"start":{"line":48,"column":21},"end":{"line":48,"column":22}},"loc":{"start":{"line":48,"column":27},"end":{"line":50,"column":3}},"line":48},"6":{"name":"(anonymous_6)","decl":{"start":{"line":52,"column":22},"end":{"line":52,"column":23}},"loc":{"start":{"line":52,"column":28},"end":{"line":54,"column":3}},"line":52},"7":{"name":"(anonymous_7)","decl":{"start":{"line":56,"column":28},"end":{"line":56,"column":29}},"loc":{"start":{"line":56,"column":35},"end":{"line":69,"column":3}},"line":56},"8":{"name":"(anonymous_8)","decl":{"start":{"line":71,"column":24},"end":{"line":71,"column":25}},"loc":{"start":{"line":71,"column":40},"end":{"line":93,"column":3}},"line":71},"9":{"name":"(anonymous_9)","decl":{"start":{"line":79,"column":14},"end":{"line":79,"column":15}},"loc":{"start":{"line":79,"column":20},"end":{"line":79,"column":55}},"line":79},"10":{"name":"(anonymous_10)","decl":{"start":{"line":86,"column":15},"end":{"line":86,"column":16}},"loc":{"start":{"line":86,"column":24},"end":{"line":88,"column":9}},"line":86},"11":{"name":"(anonymous_11)","decl":{"start":{"line":133,"column":27},"end":{"line":133,"column":28}},"loc":{"start":{"line":133,"column":33},"end":{"line":136,"column":11}},"line":133}},"branchMap":{"0":{"loc":{"start":{"line":57,"column":4},"end":{"line":60,"column":5}},"type":"if","locations":[{"start":{"line":57,"column":4},"end":{"line":60,"column":5}},{"start":{"line":57,"column":4},"end":{"line":60,"column":5}}],"line":57},"1":{"loc":{"start":{"line":61,"column":4},"end":{"line":64,"column":5}},"type":"if","locations":[{"start":{"line":61,"column":4},"end":{"line":64,"column":5}},{"start":{"line":61,"column":4},"end":{"line":64,"column":5}}],"line":61},"2":{"loc":{"start":{"line":65,"column":4},"end":{"line":68,"column":5}},"type":"if","locations":[{"start":{"line":65,"column":4},"end":{"line":68,"column":5}},{"start":{"line":65,"column":4},"end":{"line":68,"column":5}}],"line":65},"3":{"loc":{"start":{"line":72,"column":4},"end":{"line":92,"column":5}},"type":"if","locations":[{"start":{"line":72,"column":4},"end":{"line":92,"column":5}},{"start":{"line":72,"column":4},"end":{"line":92,"column":5}}],"line":72},"4":{"loc":{"start":{"line":72,"column":8},"end":{"line":72,"column":56}},"type":"binary-expr","locations":[{"start":{"line":72,"column":8},"end":{"line":72,"column":21}},{"start":{"line":72,"column":25},"end":{"line":72,"column":40}},{"start":{"line":72,"column":44},"end":{"line":72,"column":56}}],"line":72}},"s":{"0":72,"1":3,"2":16,"3":140,"4":140,"5":140,"6":1324,"7":140,"8":1324,"9":140,"10":140,"11":140,"12":140,"13":140,"14":140,"15":140,"16":0,"17":140,"18":0,"19":140,"20":0,"21":0,"22":0,"23":0,"24":0,"25":0,"26":0,"27":0,"28":0,"29":140,"30":0,"31":0,"32":0,"33":0,"34":0,"35":140,"36":0,"37":140},"f":{"0":72,"1":16,"2":140,"3":1324,"4":1324,"5":0,"6":0,"7":0,"8":0,"9":0,"10":0,"11":0},"b":{"0":[0,0],"1":[0,0],"2":[0,0],"3":[0,0],"4":[0,0,0]},"_coverageSchema":"1a1c01bbd47fc00a2c39e90264f33305004495a9","hash":"59cfe9cc238eb0e5bb51ef4f2039241fff0d7e92"}
,"/Users/jennagroth/immersive/FEC/client/src/components/questionsAnswers/AddQuestion.jsx": {"path":"/Users/jennagroth/immersive/FEC/client/src/components/questionsAnswers/AddQuestion.jsx","statementMap":{"0":{"start":{"line":13,"column":2},"end":{"line":18,"column":4}},"1":{"start":{"line":21,"column":18},"end":{"line":31,"column":3}},"2":{"start":{"line":21,"column":41},"end":{"line":31,"column":1}},"3":{"start":{"line":34,"column":18},"end":{"line":34,"column":29}},"4":{"start":{"line":35,"column":19},"end":{"line":35,"column":32}},"5":{"start":{"line":36,"column":20},"end":{"line":36,"column":63}},"6":{"start":{"line":36,"column":43},"end":{"line":36,"column":62}},"7":{"start":{"line":37,"column":22},"end":{"line":37,"column":70}},"8":{"start":{"line":37,"column":43},"end":{"line":37,"column":69}},"9":{"start":{"line":38,"column":23},"end":{"line":38,"column":46}},"10":{"start":{"line":39,"column":26},"end":{"line":39,"column":41}},"11":{"start":{"line":40,"column":34},"end":{"line":40,"column":46}},"12":{"start":{"line":41,"column":28},"end":{"line":41,"column":40}},"13":{"start":{"line":42,"column":34},"end":{"line":42,"column":46}},"14":{"start":{"line":44,"column":21},"end":{"line":46,"column":3}},"15":{"start":{"line":45,"column":4},"end":{"line":45,"column":18}},"16":{"start":{"line":48,"column":22},"end":{"line":50,"column":3}},"17":{"start":{"line":49,"column":4},"end":{"line":49,"column":19}},"18":{"start":{"line":52,"column":28},"end":{"line":65,"column":3}},"19":{"start":{"line":53,"column":4},"end":{"line":56,"column":5}},"20":{"start":{"line":54,"column":6},"end":{"line":54,"column":34}},"21":{"start":{"line":55,"column":6},"end":{"line":55,"column":13}},"22":{"start":{"line":57,"column":4},"end":{"line":60,"column":5}},"23":{"start":{"line":58,"column":6},"end":{"line":58,"column":31}},"24":{"start":{"line":59,"column":6},"end":{"line":59,"column":13}},"25":{"start":{"line":61,"column":4},"end":{"line":64,"column":5}},"26":{"start":{"line":62,"column":6},"end":{"line":62,"column":34}},"27":{"start":{"line":63,"column":6},"end":{"line":63,"column":13}},"28":{"start":{"line":67,"column":24},"end":{"line":86,"column":3}},"29":{"start":{"line":68,"column":4},"end":{"line":85,"column":5}},"30":{"start":{"line":69,"column":6},"end":{"line":81,"column":10}},"31":{"start":{"line":75,"column":20},"end":{"line":75,"column":55}},"32":{"start":{"line":84,"column":6},"end":{"line":84,"column":105}},"33":{"start":{"line":89,"column":4},"end":{"line":130,"column":10}},"34":{"start":{"line":133,"column":2},"end":{"line":149,"column":4}}},"fnMap":{"0":{"name":"getModalStyle","decl":{"start":{"line":12,"column":9},"end":{"line":12,"column":22}},"loc":{"start":{"line":12,"column":26},"end":{"line":19,"column":1}},"line":12},"1":{"name":"(anonymous_1)","decl":{"start":{"line":21,"column":29},"end":{"line":21,"column":30}},"loc":{"start":{"line":21,"column":41},"end":{"line":31,"column":1}},"line":21},"2":{"name":"AddQModal","decl":{"start":{"line":33,"column":24},"end":{"line":33,"column":33}},"loc":{"start":{"line":33,"column":37},"end":{"line":150,"column":1}},"line":33},"3":{"name":"(anonymous_3)","decl":{"start":{"line":36,"column":32},"end":{"line":36,"column":33}},"loc":{"start":{"line":36,"column":43},"end":{"line":36,"column":62}},"line":36},"4":{"name":"(anonymous_4)","decl":{"start":{"line":37,"column":34},"end":{"line":37,"column":35}},"loc":{"start":{"line":37,"column":43},"end":{"line":37,"column":69}},"line":37},"5":{"name":"(anonymous_5)","decl":{"start":{"line":44,"column":21},"end":{"line":44,"column":22}},"loc":{"start":{"line":44,"column":27},"end":{"line":46,"column":3}},"line":44},"6":{"name":"(anonymous_6)","decl":{"start":{"line":48,"column":22},"end":{"line":48,"column":23}},"loc":{"start":{"line":48,"column":28},"end":{"line":50,"column":3}},"line":48},"7":{"name":"(anonymous_7)","decl":{"start":{"line":52,"column":28},"end":{"line":52,"column":29}},"loc":{"start":{"line":52,"column":35},"end":{"line":65,"column":3}},"line":52},"8":{"name":"(anonymous_8)","decl":{"start":{"line":67,"column":24},"end":{"line":67,"column":25}},"loc":{"start":{"line":67,"column":30},"end":{"line":86,"column":3}},"line":67},"9":{"name":"(anonymous_9)","decl":{"start":{"line":75,"column":14},"end":{"line":75,"column":15}},"loc":{"start":{"line":75,"column":20},"end":{"line":75,"column":55}},"line":75}},"branchMap":{"0":{"loc":{"start":{"line":53,"column":4},"end":{"line":56,"column":5}},"type":"if","locations":[{"start":{"line":53,"column":4},"end":{"line":56,"column":5}},{"start":{"line":53,"column":4},"end":{"line":56,"column":5}}],"line":53},"1":{"loc":{"start":{"line":57,"column":4},"end":{"line":60,"column":5}},"type":"if","locations":[{"start":{"line":57,"column":4},"end":{"line":60,"column":5}},{"start":{"line":57,"column":4},"end":{"line":60,"column":5}}],"line":57},"2":{"loc":{"start":{"line":61,"column":4},"end":{"line":64,"column":5}},"type":"if","locations":[{"start":{"line":61,"column":4},"end":{"line":64,"column":5}},{"start":{"line":61,"column":4},"end":{"line":64,"column":5}}],"line":61},"3":{"loc":{"start":{"line":68,"column":4},"end":{"line":85,"column":5}},"type":"if","locations":[{"start":{"line":68,"column":4},"end":{"line":85,"column":5}},{"start":{"line":68,"column":4},"end":{"line":85,"column":5}}],"line":68},"4":{"loc":{"start":{"line":68,"column":8},"end":{"line":68,"column":58}},"type":"binary-expr","locations":[{"start":{"line":68,"column":8},"end":{"line":68,"column":23}},{"start":{"line":68,"column":27},"end":{"line":68,"column":42}},{"start":{"line":68,"column":46},"end":{"line":68,"column":58}}],"line":68}},"s":{"0":31,"1":3,"2":29,"3":33,"4":33,"5":33,"6":511,"7":33,"8":511,"9":33,"10":33,"11":33,"12":33,"13":33,"14":33,"15":0,"16":33,"17":0,"18":33,"19":0,"20":0,"21":0,"22":0,"23":0,"24":0,"25":0,"26":0,"27":0,"28":33,"29":0,"30":0,"31":0,"32":0,"33":33,"34":33},"f":{"0":31,"1":29,"2":33,"3":511,"4":511,"5":0,"6":0,"7":0,"8":0,"9":0},"b":{"0":[0,0],"1":[0,0],"2":[0,0],"3":[0,0],"4":[0,0,0]},"_coverageSchema":"1a1c01bbd47fc00a2c39e90264f33305004495a9","hash":"33ba2740edfbe38612c7c460ef2469a8b3326ca5"}
,"/Users/jennagroth/immersive/FEC/client/src/components/questionsAnswers/Answer.jsx": {"path":"/Users/jennagroth/immersive/FEC/client/src/components/questionsAnswers/Answer.jsx","statementMap":{"0":{"start":{"line":7,"column":15},"end":{"line":47,"column":1}},"1":{"start":{"line":8,"column":19},"end":{"line":8,"column":32}},"2":{"start":{"line":10,"column":62},"end":{"line":10,"column":96}},"3":{"start":{"line":11,"column":48},"end":{"line":11,"column":63}},"4":{"start":{"line":12,"column":34},"end":{"line":12,"column":49}},"5":{"start":{"line":14,"column":24},"end":{"line":17,"column":3}},"6":{"start":{"line":15,"column":4},"end":{"line":16,"column":31}},"7":{"start":{"line":19,"column":2},"end":{"line":46,"column":4}},"8":{"start":{"line":33,"column":14},"end":{"line":33,"column":69}},"9":{"start":{"line":34,"column":14},"end":{"line":34,"column":68}},"10":{"start":{"line":35,"column":14},"end":{"line":35,"column":39}},"11":{"start":{"line":41,"column":27},"end":{"line":41,"column":57}}},"fnMap":{"0":{"name":"(anonymous_0)","decl":{"start":{"line":7,"column":15},"end":{"line":7,"column":16}},"loc":{"start":{"line":7,"column":26},"end":{"line":47,"column":1}},"line":7},"1":{"name":"(anonymous_1)","decl":{"start":{"line":14,"column":24},"end":{"line":14,"column":25}},"loc":{"start":{"line":14,"column":38},"end":{"line":17,"column":3}},"line":14},"2":{"name":"(anonymous_2)","decl":{"start":{"line":32,"column":21},"end":{"line":32,"column":22}},"loc":{"start":{"line":32,"column":27},"end":{"line":36,"column":13}},"line":32},"3":{"name":"(anonymous_3)","decl":{"start":{"line":41,"column":21},"end":{"line":41,"column":22}},"loc":{"start":{"line":41,"column":27},"end":{"line":41,"column":57}},"line":41}},"branchMap":{"0":{"loc":{"start":{"line":25,"column":12},"end":{"line":26,"column":52}},"type":"cond-expr","locations":[{"start":{"line":26,"column":10},"end":{"line":26,"column":23}},{"start":{"line":26,"column":26},"end":{"line":26,"column":52}}],"line":25},"1":{"loc":{"start":{"line":29,"column":9},"end":{"line":37,"column":36}},"type":"cond-expr","locations":[{"start":{"line":30,"column":10},"end":{"line":37,"column":14}},{"start":{"line":37,"column":17},"end":{"line":37,"column":36}}],"line":29},"2":{"loc":{"start":{"line":39,"column":9},"end":{"line":43,"column":27}},"type":"cond-expr","locations":[{"start":{"line":40,"column":10},"end":{"line":43,"column":14}},{"start":{"line":43,"column":17},"end":{"line":43,"column":27}}],"line":39}},"s":{"0":3,"1":99,"2":99,"3":99,"4":99,"5":99,"6":0,"7":99,"8":0,"9":0,"10":0,"11":0},"f":{"0":99,"1":0,"2":0,"3":0},"b":{"0":[0,99],"1":[99,0],"2":[99,0]},"_coverageSchema":"1a1c01bbd47fc00a2c39e90264f33305004495a9","hash":"f59a0afd063f7846b2bd52d1328a09cf02d054e1"}
[...]
26":{"start":{"line":53,"column":8},"end":{"line":53,"column":24}},"27":{"start":{"line":56,"column":27},"end":{"line":56,"column":29}},"28":{"start":{"line":57,"column":8},"end":{"line":59,"column":11}},"29":{"start":{"line":58,"column":10},"end":{"line":58,"column":71}},"30":{"start":{"line":60,"column":8},"end":{"line":60,"column":28}},"31":{"start":{"line":63,"column":8},"end":{"line":63,"column":43}},"32":{"start":{"line":66,"column":8},"end":{"line":72,"column":11}},"33":{"start":{"line":67,"column":10},"end":{"line":71,"column":11}},"34":{"start":{"line":68,"column":12},"end":{"line":68,"column":71}},"35":{"start":{"line":70,"column":12},"end":{"line":70,"column":196}},"36":{"start":{"line":73,"column":8},"end":{"line":73,"column":26}},"37":{"start":{"line":76,"column":27},"end":{"line":76,"column":29}},"38":{"start":{"line":77,"column":8},"end":{"line":79,"column":11}},"39":{"start":{"line":78,"column":10},"end":{"line":78,"column":80}},"40":{"start":{"line":80,"column":8},"end":{"line":80,"column":28}},"41":{"start":{"line":83,"column":8},"end":{"line":83,"column":43}},"42":{"start":{"line":86,"column":8},"end":{"line":88,"column":11}},"43":{"start":{"line":87,"column":10},"end":{"line":87,"column":69}},"44":{"start":{"line":89,"column":8},"end":{"line":89,"column":26}},"45":{"start":{"line":94,"column":4},"end":{"line":94,"column":20}},"46":{"start":{"line":98,"column":28},"end":{"line":114,"column":2}},"47":{"start":{"line":106,"column":6},"end":{"line":106,"column":41}},"48":{"start":{"line":111,"column":6},"end":{"line":111,"column":37}},"49":{"start":{"line":116,"column":33},"end":{"line":116,"column":53}}},"fnMap":{"0":{"name":"(anonymous_0)","decl":{"start":{"line":4,"column":36},"end":{"line":4,"column":37}},"loc":{"start":{"line":4,"column":57},"end":{"line":6,"column":1}},"line":4},"1":{"name":"(anonymous_1)","decl":{"start":{"line":8,"column":36},"end":{"line":8,"column":37}},"loc":{"start":{"line":8,"column":57},"end":{"line":10,"column":1}},"line":8},"2":{"name":"(anonymous_2)","decl":{"start":{"line":12,"column":45},"end":{"line":12,"column":46}},"loc":{"start":{"line":12,"column":66},"end":{"line":14,"column":1}},"line":12},"3":{"name":"(anonymous_3)","decl":{"start":{"line":16,"column":22},"end":{"line":16,"column":23}},"loc":{"start":{"line":16,"column":43},"end":{"line":28,"column":1}},"line":16},"4":{"name":"(anonymous_4)","decl":{"start":{"line":17,"column":59},"end":{"line":17,"column":60}},"loc":{"start":{"line":17,"column":96},"end":{"line":19,"column":3}},"line":17},"5":{"name":"(anonymous_5)","decl":{"start":{"line":32,"column":2},"end":{"line":32,"column":3}},"loc":{"start":{"line":32,"column":33},"end":{"line":95,"column":3}},"line":32},"6":{"name":"(anonymous_6)","decl":{"start":{"line":35,"column":12},"end":{"line":35,"column":13}},"loc":{"start":{"line":35,"column":32},"end":{"line":37,"column":7}},"line":35},"7":{"name":"(anonymous_7)","decl":{"start":{"line":38,"column":12},"end":{"line":38,"column":13}},"loc":{"start":{"line":38,"column":35},"end":{"line":44,"column":7}},"line":38},"8":{"name":"(anonymous_8)","decl":{"start":{"line":40,"column":30},"end":{"line":40,"column":31}},"loc":{"start":{"line":40,"column":49},"end":{"line":42,"column":9}},"line":40},"9":{"name":"(anonymous_9)","decl":{"start":{"line":45,"column":12},"end":{"line":45,"column":13}},"loc":{"start":{"line":45,"column":30},"end":{"line":47,"column":7}},"line":45},"10":{"name":"(anonymous_10)","decl":{"start":{"line":48,"column":12},"end":{"line":48,"column":13}},"loc":{"start":{"line":48,"column":34},"end":{"line":54,"column":7}},"line":48},"11":{"name":"(anonymous_11)","decl":{"start":{"line":50,"column":29},"end":{"line":50,"column":30}},"loc":{"start":{"line":50,"column":46},"end":{"line":52,"column":9}},"line":50},"12":{"name":"(anonymous_12)","decl":{"start":{"line":55,"column":12},"end":{"line":55,"column":13}},"loc":{"start":{"line":55,"column":31},"end":{"line":61,"column":7}},"line":55},"13":{"name":"(anonymous_13)","decl":{"start":{"line":57,"column":26},"end":{"line":57,"column":27}},"loc":{"start":{"line":57,"column":43},"end":{"line":59,"column":9}},"line":57},"14":{"name":"(anonymous_14)","decl":{"start":{"line":62,"column":12},"end":{"line":62,"column":13}},"loc":{"start":{"line":62,"column":30},"end":{"line":64,"column":7}},"line":62},"15":{"name":"(anonymous_15)","decl":{"start":{"line":65,"column":12},"end":{"line":65,"column":13}},"loc":{"start":{"line":65,"column":39},"end":{"line":74,"column":7}},"line":65},"16":{"name":"(anonymous_16)","decl":{"start":{"line":66,"column":34},"end":{"line":66,"column":35}},"loc":{"start":{"line":66,"column":51},"end":{"line":72,"column":9}},"line":66},"17":{"name":"(anonymous_17)","decl":{"start":{"line":75,"column":12},"end":{"line":75,"column":13}},"loc":{"start":{"line":75,"column":31},"end":{"line":81,"column":7}},"line":75},"18":{"name":"(anonymous_18)","decl":{"start":{"line":77,"column":26},"end":{"line":77,"column":27}},"loc":{"start":{"line":77,"column":43},"end":{"line":79,"column":9}},"line":77},"19":{"name":"(anonymous_19)","decl":{"start":{"line":82,"column":12},"end":{"line":82,"column":13}},"loc":{"start":{"line":82,"column":30},"end":{"line":84,"column":7}},"line":82},"20":{"name":"(anonymous_20)","decl":{"start":{"line":85,"column":12},"end":{"line":85,"column":13}},"loc":{"start":{"line":85,"column":40},"end":{"line":90,"column":7}},"line":85},"21":{"name":"(anonymous_21)","decl":{"start":{"line":86,"column":35},"end":{"line":86,"column":36}},"loc":{"start":{"line":86,"column":52},"end":{"line":88,"column":9}},"line":86},"22":{"name":"(anonymous_22)","decl":{"start":{"line":91,"column":13},"end":{"line":91,"column":14}},"loc":{"start":{"line":91,"column":30},"end":{"line":93,"column":7}},"line":91},"23":{"name":"(anonymous_23)","decl":{"start":{"line":105,"column":19},"end":{"line":105,"column":20}},"loc":{"start":{"line":105,"column":38},"end":{"line":107,"column":5}},"line":105},"24":{"name":"(anonymous_24)","decl":{"start":{"line":110,"column":30},"end":{"line":110,"column":31}},"loc":{"start":{"line":110,"column":49},"end":{"line":112,"column":5}},"line":110}},"branchMap":{"0":{"loc":{"start":{"line":67,"column":10},"end":{"line":71,"column":11}},"type":"if","locations":[{"start":{"line":67,"column":10},"end":{"line":71,"column":11}},{"start":{"line":67,"column":10},"end":{"line":71,"column":11}}],"line":67}},"s":{"0":3,"1":3,"2":68,"3":3,"4":8,"5":3,"6":4,"7":3,"8":4,"9":16,"10":4,"11":4,"12":16,"13":4,"14":4,"15":3,"16":31,"17":18,"18":18,"19":18,"20":68,"21":17,"22":17,"23":17,"24":17,"25":23,"26":2,"27":2,"28":2,"29":8,"30":2,"31":2,"32":2,"33":5,"34":3,"35":2,"36":1,"37":1,"38":1,"39":4,"40":1,"41":1,"42":1,"43":4,"44":1,"45":18,"46":3,"47":0,"48":18,"49":3},"f":{"0":68,"1":8,"2":4,"3":4,"4":16,"5":31,"6":18,"7":18,"8":68,"9":17,"10":17,"11":23,"12":2,"13":8,"14":2,"15":2,"16":5,"17":1,"18":4,"19":1,"20":1,"21":4,"22":17,"23":0,"24":18},"b":{"0":[3,2]},"_coverageSchema":"1a1c01bbd47fc00a2c39e90264f33305004495a9","hash":"5873d0c7fb84f53e47dfe46c28420da3074b272d"}
,"/Users/jennagroth/immersive/FEC/client/src/components/relatedItemsComparison/comparisonModal/comparisonModal.jsx": {"path":"/Users/jennagroth/immersive/FEC/client/src/components/relatedItemsComparison/comparisonModal/comparisonModal.jsx","statementMap":{"0":{"start":{"line":14,"column":25},"end":{"line":14,"column":70}},"1":{"start":{"line":14,"column":48},"end":{"line":14,"column":69}},"2":{"start":{"line":15,"column":26},"end":{"line":15,"column":43}},"3":{"start":{"line":17,"column":18},"end":{"line":21,"column":3}},"4":{"start":{"line":23,"column":15},"end":{"line":23,"column":17}},"5":{"start":{"line":24,"column":22},"end":{"line":24,"column":24}},"6":{"start":{"line":39,"column":4},"end":{"line":41,"column":7}},"7":{"start":{"line":40,"column":6},"end":{"line":40,"column":74}},"8":{"start":{"line":42,"column":4},"end":{"line":48,"column":7}},"9":{"start":{"line":43,"column":6},"end":{"line":47,"column":7}},"10":{"start":{"line":44,"column":8},"end":{"line":44,"column":56}},"11":{"start":{"line":46,"column":8},"end":{"line":46,"column":76}},"12":{"start":{"line":49,"column":4},"end":{"line":51,"column":5}},"13":{"start":{"line":50,"column":6},"end":{"line":50,"column":120}},"14":{"start":{"line":54,"column":2},"end":{"line":54,"column":64}},"15":{"start":{"line":56,"column":20},"end":{"line":63,"column":4}},"16":{"start":{"line":64,"column":18},"end":{"line":64,"column":29}},"17":{"start":{"line":66,"column":2},"end":{"line":102,"column":4}},"18":{"start":{"line":73,"column":16},"end":{"line":79,"column":28}},"19":{"start":{"line":85,"column":14},"end":{"line":96,"column":16}},"20":{"start":{"line":88,"column":34},"end":{"line":88,"column":48}},"21":{"start":{"line":89,"column":20},"end":{"line":93,"column":22}}},"fnMap":{"0":{"name":"StickyHeadTable","decl":{"start":{"line":13,"column":24},"end":{"line":13,"column":39}},"loc":{"start":{"line":13,"column":48},"end":{"line":103,"column":1}},"line":13},"1":{"name":"(anonymous_1)","decl":{"start":{"line":14,"column":37},"end":{"line":14,"column":38}},"loc":{"start":{"line":14,"column":48},"end":{"line":14,"column":69}},"line":14},"2":{"name":"createData","decl":{"start":{"line":26,"column":11},"end":{"line":26,"column":21}},"loc":{"start":{"line":26,"column":58},"end":{"line":52,"column":3}},"line":26},"3":{"name":"(anonymous_3)","decl":{"start":{"line":39,"column":24},"end":{"line":39,"column":25}},"loc":{"start":{"line":39,"column":34},"end":{"line":41,"column":5}},"line":39},"4":{"name":"(anonymous_4)","decl":{"start":{"line":42,"column":25},"end":{"line":42,"column":26}},"loc":{"start":{"line":42,"column":35},"end":{"line":48,"column":5}},"line":42},"5":{"name":"(anonymous_5)","decl":{"start":{"line":72,"column":27},"end":{"line":72,"column":28}},"loc":{"start":{"line":73,"column":16},"end":{"line":79,"column":28}},"line":73},"6":{"name":"(anonymous_6)","decl":{"start":{"line":84,"column":30},"end":{"line":84,"column":31}},"loc":{"start":{"line":84,"column":39},"end":{"line":97,"column":13}},"line":84},"7":{"name":"(anonymous_7)","decl":{"start":{"line":87,"column":31},"end":{"line":87,"column":32}},"loc":{"start":{"line":87,"column":43},"end":{"line":94,"column":19}},"line":87}},"branchMap":{"0":{"loc":{"start":{"line":43,"column":6},"end":{"line":47,"column":7}},"type":"if","locations":[{"start":{"line":43,"column":6},"end":{"line":47,"column":7}},{"start":{"line":43,"column":6},"end":{"line":47,"column":7}}],"line":43}},"s":{"0":0,"1":0,"2":0,"3":0,"4":0,"5":0,"6":0,"7":0,"8":0,"9":0,"10":0,"11":0,"12":0,"13":0,"14":0,"15":0,"16":0,"17":0,"18":0,"19":0,"20":0,"21":0},"f":{"0":0,"1":0,"2":0,"3":0,"4":0,"5":0,"6":0,"7":0},"b":{"0":[0,0]},"_coverageSchema":"1a1c01bbd47fc00a2c39e90264f33305004495a9","hash":"8b9a332f2c16eb286ca6fef8cf8a7c5c039a559e"}
,"/Users/jennagroth/immersive/FEC/client/src/components/relatedItemsComparison/outfitCard/outfitCard.jsx": {"path":"/Users/jennagroth/immersive/FEC/client/src/components/relatedItemsComparison/outfitCard/outfitCard.jsx","statementMap":{"0":{"start":{"line":12,"column":18},"end":{"line":23,"column":3}},"1":{"start":{"line":12,"column":41},"end":{"line":23,"column":1}},"2":{"start":{"line":25,"column":19},"end":{"line":53,"column":1}},"3":{"start":{"line":26,"column":18},"end":{"line":26,"column":29}},"4":{"start":{"line":27,"column":19},"end":{"line":27,"column":32}},"5":{"start":{"line":29,"column":28},"end":{"line":32,"column":3}},"6":{"start":{"line":30,"column":4},"end":{"line":30,"column":23}},"7":{"start":{"line":31,"column":4},"end":{"line":31,"column":38}},"8":{"start":{"line":34,"column":2},"end":{"line":52,"column":4}},"9":{"start":{"line":44,"column":39},"end":{"line":44,"column":58}}},"fnMap":{"0":{"name":"(anonymous_0)","decl":{"start":{"line":12,"column":29},"end":{"line":12,"column":30}},"loc":{"start":{"line":12,"column":41},"end":{"line":23,"column":1}},"line":12},"1":{"name":"(anonymous_1)","decl":{"start":{"line":25,"column":19},"end":{"line":25,"column":20}},"loc":{"start":{"line":25,"column":47},"end":{"line":53,"column":1}},"line":25},"2":{"name":"(anonymous_2)","decl":{"start":{"line":29,"column":28},"end":{"line":29,"column":29}},"loc":{"start":{"line":29,"column":34},"end":{"line":32,"column":3}},"line":29},"3":{"name":"(anonymous_3)","decl":{"start":{"line":44,"column":33},"end":{"line":44,"column":34}},"loc":{"start":{"line":44,"column":39},"end":{"line":44,"column":58}},"line":44}},"branchMap":{},"s":{"0":3,"1":0,"2":3,"3":0,"4":0,"5":0,"6":0,"7":0,"8":0,"9":0},"f":{"0":0,"1":0,"2":0,"3":0},"b":{},"_coverageSchema":"1a1c01bbd47fc00a2c39e90264f33305004495a9","hash":"9976d28a083f8a13bc57645e305544e1cb9d1c5d"}
,"/Users/jennagroth/immersive/FEC/client/src/components/relatedItemsComparison/outfitList/outfitList.jsx": {"path":"/Users/jennagroth/immersive/FEC/client/src/components/relatedItemsComparison/outfitList/outfitList.jsx","statementMap":{"0":{"start":{"line":8,"column":18},"end":{"line":21,"column":3}},"1":{"start":{"line":8,"column":41},"end":{"line":21,"column":1}},"2":{"start":{"line":23,"column":19},"end":{"line":49,"column":1}},"3":{"start":{"line":24,"column":18},"end":{"line":24,"column":29}},"4":{"start":{"line":26,"column":21},"end":{"line":26,"column":71}},"5":{"start":{"line":26,"column":44},"end":{"line":26,"column":70}},"6":{"start":{"line":29,"column":2},"end":{"line":48,"column":3}},"7":{"start":{"line":30,"column":4},"end":{"line":41,"column":6}},"8":{"start":{"line":34,"column":12},"end":{"line":36,"column":14}},"9":{"start":{"line":43,"column":4},"end":{"line":47,"column":6}}},"fnMap":{"0":{"name":"(anonymous_0)","decl":{"start":{"line":8,"column":29},"end":{"line":8,"column":30}},"loc":{"start":{"line":8,"column":41},"end":{"line":21,"column":1}},"line":8},"1":{"name":"(anonymous_1)","decl":{"start":{"line":23,"column":19},"end":{"line":23,"column":20}},"loc":{"start":{"line":23,"column":25},"end":{"line":49,"column":1}},"line":23},"2":{"name":"(anonymous_2)","decl":{"start":{"line":26,"column":33},"end":{"line":26,"column":34}},"loc":{"start":{"line":26,"column":44},"end":{"line":26,"column":70}},"line":26},"3":{"name":"(anonymous_3)","decl":{"start":{"line":33,"column":26},"end":{"line":33,"column":27}},"loc":{"start":{"line":33,"column":46},"end":{"line":37,"column":11}},"line":33}},"branchMap":{"0":{"loc":{"start":{"line":29,"column":2},"end":{"line":48,"column":3}},"type":"if","locations":[{"start":{"line":29,"column":2},"end":{"line":48,"column":3}},{"start":{"line":29,"column":2},"end":{"line":48,"column":3}}],"line":29}},"s":{"0":3,"1":29,"2":3,"3":31,"4":31,"5":509,"6":31,"7":0,"8":0,"9":31},"f":{"0":29,"1":31,"2":509,"3":0},"b":{"0":[0,31]},"_coverageSchema":"1a1c01bbd47fc00a2c39e90264f33305004495a9","hash":"81c279803bb9d250b4473f6cba71744a93173925"}
,"/Users/jennagroth/immersive/FEC/client/src/components/relatedItemsComparison/relatedProductCard/relatedProductCard.jsx": {"path":"/Users/jennagroth/immersive/FEC/client/src/components/relatedItemsComparison/relatedProductCard/relatedProductCard.jsx","statementMap":{"0":{"start":{"line":17,"column":18},"end":{"line":34,"column":3}},"1":{"start":{"line":17,"column":41},"end":{"line":34,"column":1}},"2":{"start":{"line":37,"column":27},"end":{"line":78,"column":1}},"3":{"start":{"line":38,"column":18},"end":{"line":38,"column":29}},"4":{"start":{"line":39,"column":19},"end":{"line":39,"column":32}},"5":{"start":{"line":40,"column":33},"end":{"line":40,"column":48}},"6":{"start":{"line":42,"column":21},"end":{"line":44,"column":3}},"7":{"start":{"line":43,"column":4},"end":{"line":43,"column":20}},"8":{"start":{"line":45,"column":22},"end":{"line":47,"column":3}},"9":{"start":{"line":46,"column":4},"end":{"line":46,"column":21}},"10":{"start":{"line":49,"column":2},"end":{"line":77,"column":4}},"11":{"start":{"line":52,"column":144},"end":{"line":52,"column":185}}},"fnMap":{"0":{"name":"(anonymous_0)","decl":{"start":{"line":17,"column":29},"end":{"line":17,"column":30}},"loc":{"start":{"line":17,"column":41},"end":{"line":34,"column":1}},"line":17},"1":{"name":"(anonymous_1)","decl":{"start":{"line":37,"column":27},"end":{"line":37,"column":28}},"loc":{"start":{"line":37,"column":48},"end":{"line":78,"column":1}},"line":37},"2":{"name":"(anonymous_2)","decl":{"start":{"line":42,"column":21},"end":{"line":42,"column":22}},"loc":{"start":{"line":42,"column":27},"end":{"line":44,"column":3}},"line":42},"3":{"name":"(anonymous_3)","decl":{"start":{"line":45,"column":22},"end":{"line":45,"column":23}},"loc":{"start":{"line":45,"column":28},"end":{"line":47,"column":3}},"line":45},"4":{"name":"(anonymous_4)","decl":{"start":{"line":52,"column":138},"end":{"line":52,"column":139}},"loc":{"start":{"line":52,"column":144},"end":{"line":52,"column":185}},"line":52}},"branchMap":{},"s":{"0":3,"1":2,"2":3,"3":8,"4":8,"5":8,"6":8,"7":0,"8":8,"9":0,"10":8,"11":0},"f":{"0":2,"1":8,"2":0,"3":0,"4":0},"b":{},"_coverageSchema":"1a1c01bbd47fc00a2c39e90264f33305004495a9","hash":"dad87b61b6a6376cd483492466eab2ec5ed6743c"}
,"/Users/jennagroth/immersive/FEC/client/src/components/relatedItemsComparison/relatedProductsList/relatedProductsList.jsx": {"path":"/Users/jennagroth/immersive/FEC/client/src/components/relatedItemsComparison/relatedProductsList/relatedProductsList.jsx","statementMap":{"0":{"start":{"line":10,"column":18},"end":{"line":24,"column":3}},"1":{"start":{"line":10,"column":41},"end":{"line":24,"column":1}},"2":{"start":{"line":26,"column":28},"end":{"line":55,"column":1}},"3":{"start":{"line":27,"column":18},"end":{"line":27,"column":29}},"4":{"start":{"line":28,"column":19},"end":{"line":28,"column":32}},"5":{"start":{"line":29,"column":20},"end":{"line":29,"column":63}},"6":{"start":{"line":29,"column":43},"end":{"line":29,"column":62}},"7":{"start":{"line":30,"column":22},"end":{"line":30,"column":67}},"8":{"start":{"line":30,"column":45},"end":{"line":30,"column":66}},"9":{"start":{"line":32,"column":2},"end":{"line":34,"column":18}},"10":{"start":{"line":33,"column":4},"end":{"line":33,"column":38}},"11":{"start":{"line":37,"column":2},"end":{"line":54,"column":3}},"12":{"start":{"line":38,"column":4},"end":{"line":49,"column":6}},"13":{"start":{"line":42,"column":12},"end":{"line":44,"column":14}},"14":{"start":{"line":51,"column":4},"end":{"line":53,"column":6}}},"fnMap":{"0":{"name":"(anonymous_0)","decl":{"start":{"line":10,"column":29},"end":{"line":10,"column":30}},"loc":{"start":{"line":10,"column":41},"end":{"line":24,"column":1}},"line":10},"1":{"name":"(anonymous_1)","decl":{"start":{"line":26,"column":28},"end":{"line":26,"column":29}},"loc":{"start":{"line":26,"column":34},"end":{"line":55,"column":1}},"line":26},"2":{"name":"(anonymous_2)","decl":{"start":{"line":29,"column":32},"end":{"line":29,"column":33}},"loc":{"start":{"line":29,"column":43},"end":{"line":29,"column":62}},"line":29},"3":{"name":"(anonymous_3)","decl":{"start":{"line":30,"column":34},"end":{"line":30,"column":35}},"loc":{"start":{"line":30,"column":45},"end":{"line":30,"column":66}},"line":30},"4":{"name":"(anonymous_4)","decl":{"start":{"line":32,"column":12},"end":{"line":32,"column":13}},"loc":{"start":{"line":32,"column":18},"end":{"line":34,"column":3}},"line":32},"5":{"name":"(anonymous_5)","decl":{"start":{"line":41,"column":27},"end":{"line":41,"column":28}},"loc":{"start":{"line":41,"column":40},"end":{"line":45,"column":11}},"line":41}},"branchMap":{"0":{"loc":{"start":{"line":37,"column":2},"end":{"line":54,"column":3}},"type":"if","locations":[{"start":{"line":37,"column":2},"end":{"line":54,"column":3}},{"start":{"line":37,"column":2},"end":{"line":54,"column":3}}],"line":37}},"s":{"0":3,"1":29,"2":3,"3":32,"4":32,"5":32,"6":510,"7":32,"8":510,"9":32,"10":31,"11":32,"12":2,"13":8,"14":30},"f":{"0":29,"1":32,"2":510,"3":510,"4":31,"5":8},"b":{"0":[2,30]},"_coverageSchema":"1a1c01bbd47fc00a2c39e90264f33305004495a9","hash":"0250ae3389651eb769a7722219e00a4a310787be"}
}
