TN:
SF:client/src/store.js
FNF:0
FNH:0
LF:0
LH:0
BRF:0
BRH:0
end_of_record
TN:
SF:client/src/components/App.jsx
FN:23,(anonymous_0)
FN:24,(anonymous_1)
FN:25,(anonymous_2)
FN:26,(anonymous_3)
FN:29,(anonymous_4)
FN:58,(anonymous_5)
FN:59,(anonymous_6)
FN:60,(anonymous_7)
FNF:8
FNH:5
FNDA:26,(anonymous_0)
FNDA:423,(anonymous_1)
FNDA:423,(anonymous_2)
FNDA:423,(anonymous_3)
FNDA:26,(anonymous_4)
FNDA:0,(anonymous_5)
FNDA:0,(anonymous_6)
FNDA:0,(anonymous_7)
DA:23,3
DA:24,423
DA:25,423
DA:26,423
DA:27,26
DA:29,26
DA:30,26
DA:31,26
DA:34,26
DA:35,0
DA:41,26
DA:42,0
DA:49,26
DA:58,0
DA:59,0
DA:60,0
LF:16
LH:11
BRDA:34,0,0,0
BRDA:34,0,1,26
BRDA:41,1,0,0
BRDA:41,1,1,26
BRF:4
BRH:2
end_of_record
TN:
SF:client/src/components/appSlice.js
FN:6,(anonymous_0)
FN:14,(anonymous_1)
FN:22,(anonymous_2)
FN:30,(anonymous_3)
FN:38,(anonymous_4)
FN:44,(anonymous_5)
FN:45,(anonymous_6)
FN:58,(anonymous_7)
FN:80,(anonymous_8)
FN:87,(anonymous_9)
FN:90,(anonymous_10)
FN:97,(anonymous_11)
FN:100,(anonymous_12)
FN:103,(anonymous_13)
FNF:14
FNH:9
FNDA:26,(anonymous_0)
FNDA:26,(anonymous_1)
FNDA:0,(anonymous_2)
FNDA:0,(anonymous_3)
FNDA:26,(anonymous_4)
FNDA:15,(anonymous_5)
FNDA:90,(anonymous_6)
FNDA:15,(anonymous_7)
FNDA:0,(anonymous_8)
FNDA:15,(anonymous_9)
FNDA:15,(anonymous_10)
FNDA:0,(anonymous_11)
FNDA:15,(anonymous_12)
FNDA:0,(anonymous_13)
DA:2,4
DA:4,4
DA:7,26
DA:8,20
DA:12,4
DA:15,26
DA:16,20
DA:20,4
DA:23,0
DA:24,0
DA:28,4
DA:31,0
DA:32,0
DA:36,4
DA:39,26
DA:40,20
DA:44,4
DA:45,15
DA:46,90
DA:49,15
DA:50,15
DA:51,90
DA:54,15
DA:55,15
DA:58,4
DA:59,15
DA:60,15
DA:61,90
DA:63,15
DA:66,4
DA:82,0
DA:88,15
DA:91,15
DA:92,15
DA:93,15
DA:94,15
DA:98,0
DA:101,15
DA:104,0
DA:110,4
LF:40
LH:33
BRDA:92,0,0,15
BRDA:92,0,1,0
BRF:2
BRH:1
end_of_record
TN:
SF:client/src/components/starRating.jsx
FN:5,(anonymous_0)
FN:15,(anonymous_1)
FNF:2
FNH:2
FNDA:24,(anonymous_0)
FNDA:531,(anonymous_1)
DA:5,24
DA:15,4
DA:16,531
DA:18,531
LF:4
LH:4
BRF:0
BRH:0
end_of_record
TN:
SF:client/src/components/overview/mockData.js
FNF:0
FNH:0
DA:2,1
DA:36,1
DA:468,1
DA:475,1
DA:835,1
DA:842,1
DA:1026,1
DA:1048,1
LF:8
LH:8
BRF:0
BRH:0
end_of_record
TN:
SF:client/src/components/overview/overview.jsx
FN:22,(anonymous_0)
FN:32,(anonymous_1)
FN:34,(anonymous_2)
FN:106,(anonymous_3)
FNF:4
FNH:4
FNDA:24,(anonymous_0)
FNDA:28,(anonymous_1)
FNDA:425,(anonymous_2)
FNDA:30,(anonymous_3)
DA:22,24
DA:32,3
DA:33,28
DA:34,425
DA:36,28
DA:107,30
LF:6
LH:6
BRDA:80,0,0,15
BRDA:80,0,1,13
BRDA:105,1,0,15
BRDA:105,1,1,0
BRF:4
BRH:3
end_of_record
TN:
SF:client/src/components/overview/overviewSlice.js
FN:6,(anonymous_0)
FN:23,(anonymous_1)
FN:26,(anonymous_2)
FN:29,(anonymous_3)
FN:34,(anonymous_4)
FNF:5
FNH:3
FNDA:26,(anonymous_0)
FNDA:2,(anonymous_1)
FNDA:0,(anonymous_2)
FNDA:0,(anonymous_3)
FNDA:15,(anonymous_4)
DA:2,3
DA:4,3
DA:7,26
DA:8,20
DA:12,3
DA:24,2
DA:27,0
DA:30,0
DA:35,15
DA:36,15
DA:42,3
LF:11
LH:9
BRF:0
BRH:0
end_of_record
TN:
SF:client/src/components/overview/addToCart/addToCart.jsx
FN:20,(anonymous_0)
FN:22,(anonymous_1)
FN:23,(anonymous_2)
FN:24,(anonymous_3)
FN:25,(anonymous_4)
FN:26,(anonymous_5)
FN:27,(anonymous_6)
FN:28,(anonymous_7)
FN:29,(anonymous_8)
FN:38,(anonymous_9)
FN:44,(anonymous_10)
FN:65,(anonymous_11)
FN:83,(anonymous_12)
FNF:13
FNH:9
FNDA:65,(anonymous_0)
FNDA:462,(anonymous_1)
FNDA:462,(anonymous_2)
FNDA:462,(anonymous_3)
FNDA:462,(anonymous_4)
FNDA:462,(anonymous_5)
FNDA:462,(anonymous_6)
FNDA:462,(anonymous_7)
FNDA:462,(anonymous_8)
FNDA:0,(anonymous_9)
FNDA:0,(anonymous_10)
FNDA:0,(anonymous_11)
FNDA:0,(anonymous_12)
DA:10,3
DA:20,3
DA:21,65
DA:22,462
DA:23,462
DA:24,462
DA:25,462
DA:26,462
DA:27,462
DA:28,462
DA:29,462
DA:31,65
DA:33,65
DA:34,40
DA:35,40
DA:38,65
DA:39,0
DA:44,65
DA:45,0
DA:48,65
DA:66,0
DA:67,0
DA:69,0
DA:70,0
DA:71,0
DA:72,0
DA:83,0
LF:27
LH:18
BRDA:33,0,0,40
BRDA:33,0,1,25
BRDA:51,1,0,65
BRDA:51,1,1,0
BRDA:51,2,0,65
BRDA:51,2,1,0
BRDA:64,3,0,26
BRDA:64,3,1,39
BRDA:66,4,0,0
BRDA:66,4,1,0
BRDA:82,5,0,26
BRDA:82,5,1,39
BRF:12
BRH:8
end_of_record
TN:
SF:client/src/components/overview/addToCart/cartSlice.js
FN:14,(anonymous_0)
FN:17,(anonymous_1)
FN:20,(anonymous_2)
FN:23,(anonymous_3)
FN:26,(anonymous_4)
FN:29,(anonymous_5)
FN:32,(anonymous_6)
FNF:7
FNH:2
FNDA:0,(anonymous_0)
FNDA:0,(anonymous_1)
FNDA:0,(anonymous_2)
FNDA:0,(anonymous_3)
FNDA:0,(anonymous_4)
FNDA:19,(anonymous_5)
FNDA:31,(anonymous_6)
DA:3,3
DA:15,0
DA:18,0
DA:21,0
DA:24,0
DA:27,0
DA:30,19
DA:33,31
DA:34,31
DA:35,31
DA:36,31
DA:37,31
DA:38,31
DA:50,3
LF:14
LH:9
BRF:0
BRH:0
end_of_record
TN:
SF:client/src/components/overview/addToCart/quantSelect.jsx
FN:6,(anonymous_0)
FN:8,(anonymous_1)
FN:9,(anonymous_2)
FN:11,(anonymous_3)
FN:25,(anonymous_4)
FNF:5
FNH:3
FNDA:65,(anonymous_0)
FNDA:462,(anonymous_1)
FNDA:462,(anonymous_2)
FNDA:0,(anonymous_3)
FNDA:0,(anonymous_4)
DA:6,3
DA:7,65
DA:8,462
DA:9,462
DA:11,65
DA:12,0
DA:13,0
DA:14,0
DA:16,0
DA:19,65
DA:20,0
DA:26,0
DA:30,65
LF:13
LH:7
BRDA:13,0,0,0
BRDA:13,0,1,0
BRDA:19,1,0,0
BRDA:19,1,1,65
BRF:4
BRH:1
end_of_record
TN:
SF:client/src/components/overview/addToCart/sizeSelect.jsx
FN:14,(anonymous_0)
FN:17,(anonymous_1)
FN:18,(anonymous_2)
FN:19,(anonymous_3)
FN:20,(anonymous_4)
FN:24,(anonymous_5)
FN:26,(anonymous_6)
FN:34,(anonymous_7)
FN:44,(anonymous_8)
FN:48,(anonymous_9)
FN:53,(anonymous_10)
FN:73,(anonymous_11)
FN:87,(anonymous_12)
FNF:13
FNH:11
FNDA:65,(anonymous_0)
FNDA:462,(anonymous_1)
FNDA:462,(anonymous_2)
FNDA:462,(anonymous_3)
FNDA:462,(anonymous_4)
FNDA:40,(anonymous_5)
FNDA:240,(anonymous_6)
FNDA:308,(anonymous_7)
FNDA:154,(anonymous_8)
FNDA:31,(anonymous_9)
FNDA:31,(anonymous_10)
FNDA:0,(anonymous_11)
FNDA:0,(anonymous_12)
DA:14,3
DA:15,65
DA:17,462
DA:18,462
DA:19,462
DA:20,462
DA:24,65
DA:25,40
DA:26,40
DA:27,240
DA:29,40
DA:33,65
DA:34,308
DA:36,40
DA:37,0
DA:40,40
DA:44,154
DA:48,65
DA:49,31
DA:53,65
DA:54,31
DA:55,19
DA:60,65
DA:61,26
DA:67,39
DA:68,0
DA:74,0
DA:75,0
DA:76,0
DA:77,0
DA:78,0
DA:83,39
DA:88,0
DA:89,0
DA:90,0
DA:91,0
DA:92,0
LF:37
LH:25
BRDA:33,0,0,40
BRDA:33,0,1,25
BRDA:36,1,0,0
BRDA:36,1,1,40
BRDA:54,2,0,19
BRDA:54,2,1,12
BRDA:60,3,0,26
BRDA:60,3,1,39
BRDA:67,4,0,0
BRDA:67,4,1,39
BRF:10
BRH:8
end_of_record
TN:
SF:client/src/components/overview/imageGallery/galleryExpanded.jsx
FN:17,(anonymous_0)
FN:19,(anonymous_1)
FN:20,(anonymous_2)
FN:21,(anonymous_3)
FN:29,(anonymous_4)
FN:34,(anonymous_5)
FN:36,(anonymous_6)
FN:50,(anonymous_7)
FN:62,(anonymous_8)
FN:66,(anonymous_9)
FN:74,(anonymous_10)
FNF:11
FNH:0
FNDA:0,(anonymous_0)
FNDA:0,(anonymous_1)
FNDA:0,(anonymous_2)
FNDA:0,(anonymous_3)
FNDA:0,(anonymous_4)
FNDA:0,(anonymous_5)
FNDA:0,(anonymous_6)
FNDA:0,(anonymous_7)
FNDA:0,(anonymous_8)
FNDA:0,(anonymous_9)
FNDA:0,(anonymous_10)
DA:17,3
DA:18,0
DA:19,0
DA:20,0
DA:21,0
DA:23,0
DA:29,0
DA:34,0
DA:36,0
DA:50,0
DA:63,0
DA:64,0
DA:66,0
DA:72,0
DA:74,0
LF:15
LH:1
BRDA:28,0,0,0
BRDA:28,0,1,0
BRDA:47,1,0,0
BRDA:47,1,1,0
BRDA:63,2,0,0
BRDA:63,2,1,0
BRF:6
BRH:0
end_of_record
TN:
SF:client/src/components/overview/imageGallery/galleryMagnified.jsx
FN:8,(anonymous_0)
FN:10,(anonymous_1)
FN:12,viewportToPixels
FN:28,(anonymous_3)
FNF:4
FNH:0
FNDA:0,(anonymous_0)
FNDA:0,(anonymous_1)
FNDA:0,viewportToPixels
FNDA:0,(anonymous_3)
DA:8,3
DA:9,0
DA:10,0
DA:13,0
DA:14,0
DA:15,0
DA:16,0
DA:19,0
DA:20,0
DA:22,0
DA:29,0
DA:30,0
LF:12
LH:1
BRF:0
BRH:0
end_of_record
TN:
SF:client/src/components/overview/imageGallery/galleryMainImg.jsx
FN:15,(anonymous_0)
FN:17,(anonymous_1)
FN:18,(anonymous_2)
FN:19,(anonymous_3)
FN:26,(anonymous_4)
FN:33,(anonymous_5)
FN:45,(anonymous_6)
FNF:7
FNH:4
FNDA:24,(anonymous_0)
FNDA:293,(anonymous_1)
FNDA:293,(anonymous_2)
FNDA:293,(anonymous_3)
FNDA:0,(anonymous_4)
FNDA:0,(anonymous_5)
FNDA:0,(anonymous_6)
DA:15,3
DA:16,24
DA:17,293
DA:18,293
DA:19,293
DA:21,24
DA:26,0
DA:33,0
DA:45,0
LF:9
LH:6
BRDA:25,0,0,24
BRDA:25,0,1,0
BRDA:44,1,0,0
BRDA:44,1,1,24
BRF:4
BRH:2
end_of_record
TN:
SF:client/src/components/overview/imageGallery/galleryNav.jsx
FN:38,(anonymous_0)
FN:40,(anonymous_1)
FN:41,(anonymous_2)
FN:42,(anonymous_3)
FN:44,(anonymous_4)
FN:58,(anonymous_5)
FN:70,(anonymous_6)
FN:88,(anonymous_7)
FN:101,(anonymous_8)
FNF:9
FNH:6
FNDA:21,(anonymous_0)
FNDA:290,(anonymous_1)
FNDA:290,(anonymous_2)
FNDA:290,(anonymous_3)
FNDA:19,(anonymous_4)
FNDA:0,(anonymous_5)
FNDA:126,(anonymous_6)
FNDA:0,(anonymous_7)
FNDA:0,(anonymous_8)
DA:17,3
DA:38,3
DA:39,21
DA:40,290
DA:41,290
DA:42,290
DA:44,21
DA:45,19
DA:46,19
DA:47,19
DA:51,21
DA:58,0
DA:72,126
DA:73,126
DA:75,0
DA:76,0
DA:81,126
DA:88,0
DA:101,0
LF:19
LH:14
BRDA:45,0,0,19
BRDA:45,0,1,0
BRDA:45,1,0,19
BRDA:45,1,1,19
BRDA:72,2,0,126
BRDA:72,2,1,0
BRDA:72,3,0,126
BRDA:72,3,1,126
BRDA:85,4,0,0
BRDA:85,4,1,126
BRDA:90,5,0,21
BRDA:90,5,1,105
BRF:12
BRH:9
end_of_record
TN:
SF:client/src/components/overview/imageGallery/imageGallery.jsx
FN:15,(anonymous_0)
FN:16,(anonymous_1)
FNF:2
FNH:2
FNDA:33,(anonymous_0)
FNDA:430,(anonymous_1)
DA:15,3
DA:16,430
DA:18,33
DA:19,21
DA:30,12
LF:5
LH:5
BRDA:18,0,0,21
BRDA:18,0,1,12
BRF:2
BRH:2
end_of_record
TN:
SF:client/src/components/overview/imageGallery/imageGallerySlice.js
FN:12,(anonymous_0)
FN:23,(anonymous_1)
FN:27,(anonymous_2)
FN:31,(anonymous_3)
FN:34,(anonymous_4)
FNF:5
FNH:2
FNDA:0,(anonymous_0)
FNDA:0,(anonymous_1)
FNDA:0,(anonymous_2)
FNDA:19,(anonymous_3)
FNDA:19,(anonymous_4)
DA:3,3
DA:13,0
DA:14,0
DA:15,0
DA:16,0
DA:17,0
DA:18,0
DA:20,0
DA:24,0
DA:25,0
DA:28,0
DA:29,0
DA:32,19
DA:35,19
DA:37,19
DA:38,0
DA:47,3
LF:17
LH:5
BRDA:15,0,0,0
BRDA:15,0,1,0
BRDA:37,1,0,0
BRDA:37,1,1,19
BRF:4
BRH:1
end_of_record
TN:
SF:client/src/components/overview/productInformation/productInformation.jsx
FN:15,(anonymous_0)
FN:18,(anonymous_1)
FN:19,(anonymous_2)
FN:20,(anonymous_3)
FN:21,(anonymous_4)
FN:22,(anonymous_5)
FN:24,(anonymous_6)
FNF:7
FNH:7
FNDA:37,(anonymous_0)
FNDA:434,(anonymous_1)
FNDA:434,(anonymous_2)
FNDA:434,(anonymous_3)
FNDA:434,(anonymous_4)
FNDA:434,(anonymous_5)
FNDA:26,(anonymous_6)
DA:15,3
DA:16,37
DA:18,434
DA:19,434
DA:20,434
DA:21,434
DA:22,434
DA:24,37
DA:25,26
DA:26,26
DA:29,37
LF:11
LH:11
BRDA:32,0,0,15
BRDA:32,0,1,22
BRDA:70,1,0,2
BRDA:70,1,1,35
BRDA:70,2,0,37
BRDA:70,2,1,23
BRF:6
BRH:6
end_of_record
TN:
SF:client/src/components/overview/styleSelector/styleSelector.jsx
FN:35,(anonymous_0)
FN:38,(anonymous_1)
FN:39,(anonymous_2)
FN:40,(anonymous_3)
FN:42,(anonymous_4)
FN:51,(anonymous_5)
FN:65,(anonymous_6)
FNF:7
FNH:7
FNDA:33,(anonymous_0)
FNDA:430,(anonymous_1)
FNDA:430,(anonymous_2)
FNDA:430,(anonymous_3)
FNDA:26,(anonymous_4)
FNDA:126,(anonymous_5)
FNDA:2,(anonymous_6)
DA:17,3
DA:35,3
DA:36,33
DA:37,33
DA:38,430
DA:39,430
DA:40,430
DA:42,33
DA:43,26
DA:46,33
DA:47,21
DA:53,126
DA:54,126
DA:56,0
DA:59,126
DA:65,2
DA:92,12
LF:17
LH:16
BRDA:46,0,0,21
BRDA:46,0,1,12
BRDA:53,1,0,126
BRDA:53,1,1,0
BRDA:53,2,0,126
BRDA:53,2,1,126
BRDA:70,3,0,21
BRDA:70,3,1,105
BRF:8
BRH:7
end_of_record
TN:
SF:client/src/components/questionsAnswers/AddAnswer.jsx
FN:13,getModalStyle
FN:25,(anonymous_1)
FN:36,AddAModal
FN:40,(anonymous_3)
FN:47,(anonymous_4)
FN:51,(anonymous_5)
FN:55,(anonymous_6)
FN:70,(anonymous_7)
FN:78,(anonymous_8)
FN:102,(anonymous_9)
FNF:10
FNH:4
FNDA:60,getModalStyle
FNDA:13,(anonymous_1)
FNDA:60,AddAModal
FNDA:1116,(anonymous_3)
FNDA:0,(anonymous_4)
FNDA:0,(anonymous_5)
FNDA:0,(anonymous_6)
FNDA:0,(anonymous_7)
FNDA:0,(anonymous_8)
FNDA:0,(anonymous_9)
DA:14,60
DA:25,13
DA:37,60
DA:39,60
DA:40,1116
DA:41,60
DA:42,60
DA:43,60
DA:44,60
DA:45,60
DA:47,60
DA:48,0
DA:51,60
DA:52,0
DA:55,60
DA:56,0
DA:57,0
DA:58,0
DA:60,0
DA:61,0
DA:62,0
DA:64,0
DA:65,0
DA:66,0
DA:70,60
DA:71,0
DA:72,0
DA:78,0
DA:89,60
DA:102,0
DA:108,60
LF:31
LH:16
BRDA:56,0,0,0
BRDA:56,0,1,0
BRDA:60,1,0,0
BRDA:60,1,1,0
BRDA:64,2,0,0
BRDA:64,2,1,0
BRDA:71,3,0,0
BRDA:71,3,1,0
BRDA:71,4,0,0
BRDA:71,4,1,0
BRDA:71,4,2,0
BRF:11
BRH:0
end_of_record
TN:
SF:client/src/components/questionsAnswers/AddQuestion.jsx
FN:12,getModalStyle
FN:24,(anonymous_1)
FN:35,AddQModal
FN:38,(anonymous_3)
FN:45,(anonymous_4)
FN:49,(anonymous_5)
FN:53,(anonymous_6)
FN:68,(anonymous_7)
FN:76,(anonymous_8)
FNF:9
FNH:4
FNDA:26,getModalStyle
FNDA:24,(anonymous_1)
FNDA:26,AddQModal
FNDA:423,(anonymous_3)
FNDA:0,(anonymous_4)
FNDA:0,(anonymous_5)
FNDA:0,(anonymous_6)
FNDA:0,(anonymous_7)
FNDA:0,(anonymous_8)
DA:13,26
DA:24,24
DA:36,26
DA:37,26
DA:38,423
DA:39,26
DA:40,26
DA:41,26
DA:42,26
DA:43,26
DA:45,26
DA:46,0
DA:49,26
DA:50,0
DA:53,26
DA:54,0
DA:55,0
DA:56,0
DA:58,0
DA:59,0
DA:60,0
DA:62,0
DA:63,0
DA:64,0
DA:68,26
DA:69,0
DA:70,0
DA:76,0
DA:87,26
DA:106,26
LF:30
LH:16
BRDA:54,0,0,0
BRDA:54,0,1,0
BRDA:58,1,0,0
BRDA:58,1,1,0
BRDA:62,2,0,0
BRDA:62,2,1,0
BRDA:69,3,0,0
BRDA:69,3,1,0
BRDA:69,4,0,0
BRDA:69,4,1,0
BRDA:69,4,2,0
BRF:11
BRH:0
end_of_record
TN:
SF:client/src/components/questionsAnswers/Answer.jsx
FN:7,(anonymous_0)
FN:14,(anonymous_1)
FN:29,(anonymous_2)
FN:36,(anonymous_3)
FNF:4
FNH:1
FNDA:45,(anonymous_0)
FNDA:0,(anonymous_1)
FNDA:0,(anonymous_2)
FNDA:0,(anonymous_3)
DA:7,3
DA:8,45
DA:10,45
DA:11,45
DA:12,45
DA:14,45
DA:15,0
DA:19,45
DA:30,0
DA:31,0
DA:32,0
DA:36,0
LF:12
LH:7
BRDA:25,0,0,0
BRDA:25,0,1,45
BRDA:27,1,0,45
BRDA:27,1,1,0
BRDA:36,2,0,45
BRDA:36,2,1,0
BRF:6
BRH:3
end_of_record
TN:
SF:client/src/components/questionsAnswers/Answers.jsx
FN:6,(anonymous_0)
FN:11,(anonymous_1)
FNF:2
FNH:2
FNDA:60,(anonymous_0)
FNDA:45,(anonymous_1)
DA:6,3
DA:7,60
DA:9,60
DA:12,45
DA:13,45
LF:5
LH:5
BRDA:12,0,0,45
BRDA:12,0,1,0
BRF:2
BRH:1
end_of_record
TN:
SF:client/src/components/questionsAnswers/Question.jsx
FN:12,(anonymous_0)
FN:23,(anonymous_1)
FN:33,(anonymous_2)
FN:46,(anonymous_3)
FN:54,(anonymous_4)
FNF:5
FNH:2
FNDA:13,(anonymous_0)
FNDA:60,(anonymous_1)
FNDA:0,(anonymous_2)
FNDA:0,(anonymous_3)
FNDA:0,(anonymous_4)
DA:12,13
DA:23,3
DA:24,60
DA:25,60
DA:27,60
DA:29,60
DA:30,60
DA:31,60
DA:33,60
DA:34,0
DA:38,60
DA:47,0
DA:48,0
DA:49,0
DA:54,0
LF:15
LH:10
BRDA:44,0,0,60
BRDA:44,0,1,0
BRDA:54,1,0,60
BRDA:54,1,1,0
BRF:4
BRH:2
end_of_record
TN:
SF:client/src/components/questionsAnswers/Questions.jsx
FN:9,(anonymous_0)
FN:10,(anonymous_1)
FN:13,(anonymous_2)
FN:15,(anonymous_3)
FN:19,(anonymous_4)
FN:21,(anonymous_5)
FN:28,(anonymous_6)
FN:31,(anonymous_7)
FNF:8
FNH:8
FNDA:27,(anonymous_0)
FNDA:424,(anonymous_1)
FNDA:424,(anonymous_2)
FNDA:60,(anonymous_3)
FNDA:424,(anonymous_4)
FNDA:26,(anonymous_5)
FNDA:60,(anonymous_6)
FNDA:60,(anonymous_7)
DA:9,3
DA:10,424
DA:11,27
DA:13,424
DA:15,27
DA:16,60
DA:19,424
DA:21,27
DA:22,26
DA:25,27
DA:29,60
DA:32,60
DA:33,60
DA:34,60
DA:44,0
DA:45,0
LF:16
LH:14
BRDA:32,0,0,60
BRDA:32,0,1,0
BRF:2
BRH:1
end_of_record
TN:
SF:client/src/components/questionsAnswers/SearchBar.jsx
FN:8,(anonymous_0)
FN:27,SearchBar
FNF:2
FNH:2
FNDA:24,(anonymous_0)
FNDA:26,SearchBar
DA:8,24
DA:28,26
DA:30,26
LF:3
LH:3
BRF:0
BRH:0
end_of_record
TN:
SF:client/src/components/questionsAnswers/qaSlice.js
FN:6,(anonymous_0)
FN:14,(anonymous_1)
FN:22,(anonymous_2)
FN:41,(anonymous_3)
FN:44,(anonymous_4)
FN:50,(anonymous_5)
FN:53,(anonymous_6)
FN:56,(anonymous_7)
FNF:8
FNH:2
FNDA:26,(anonymous_0)
FNDA:0,(anonymous_1)
FNDA:0,(anonymous_2)
FNDA:0,(anonymous_3)
FNDA:0,(anonymous_4)
FNDA:15,(anonymous_5)
FNDA:0,(anonymous_6)
FNDA:0,(anonymous_7)
DA:2,3
DA:4,3
DA:7,26
DA:8,20
DA:12,3
DA:15,0
DA:16,0
DA:20,3
DA:23,0
DA:24,0
DA:25,0
DA:26,0
DA:30,3
DA:42,0
DA:45,0
DA:46,0
DA:51,15
DA:54,0
DA:57,0
DA:62,3
LF:20
LH:9
BRF:0
BRH:0
end_of_record
TN:
SF:client/src/components/questionsAnswers/questionsAnswers.jsx
FN:16,(anonymous_0)
FN:28,(anonymous_1)
FN:29,(anonymous_2)
FN:36,(anonymous_3)
FN:45,(anonymous_4)
FN:63,(anonymous_5)
FN:69,(anonymous_6)
FN:70,(anonymous_7)
FN:71,(anonymous_8)
FNF:9
FNH:3
FNDA:24,(anonymous_0)
FNDA:26,(anonymous_1)
FNDA:423,(anonymous_2)
FNDA:0,(anonymous_3)
FNDA:0,(anonymous_4)
FNDA:0,(anonymous_5)
FNDA:0,(anonymous_6)
FNDA:0,(anonymous_7)
FNDA:0,(anonymous_8)
DA:16,24
DA:28,3
DA:29,423
DA:30,26
DA:31,26
DA:33,26
DA:34,26
DA:36,26
DA:37,0
DA:38,0
DA:40,0
DA:41,0
DA:45,26
DA:46,0
DA:47,0
DA:50,26
DA:63,0
DA:69,0
DA:70,0
DA:71,0
LF:20
LH:10
BRDA:37,0,0,0
BRDA:37,0,1,0
BRF:2
BRH:0
end_of_record
TN:
SF:client/src/components/ratingsReviews/addReview.jsx
FN:20,getModalStyle
FN:31,(anonymous_1)
FN:42,AddReviewModal
FN:45,(anonymous_3)
FN:46,(anonymous_4)
FN:69,(anonymous_5)
FN:73,(anonymous_6)
FN:77,(anonymous_7)
FN:82,(anonymous_8)
FN:86,(anonymous_9)
FN:90,(anonymous_10)
FN:98,(anonymous_11)
FN:122,(anonymous_12)
FN:364,(anonymous_13)
FNF:14
FNH:5
FNDA:15,getModalStyle
FNDA:13,(anonymous_1)
FNDA:17,AddReviewModal
FNDA:263,(anonymous_3)
FNDA:263,(anonymous_4)
FNDA:0,(anonymous_5)
FNDA:0,(anonymous_6)
FNDA:0,(anonymous_7)
FNDA:0,(anonymous_8)
FNDA:0,(anonymous_9)
FNDA:0,(anonymous_10)
FNDA:0,(anonymous_11)
FNDA:0,(anonymous_12)
FNDA:0,(anonymous_13)
DA:21,15
DA:31,13
DA:43,17
DA:44,17
DA:45,263
DA:46,263
DA:47,17
DA:48,17
DA:49,17
DA:50,17
DA:51,17
DA:52,17
DA:53,17
DA:54,17
DA:57,17
DA:58,0
DA:59,17
DA:60,0
DA:61,17
DA:62,0
DA:63,17
DA:64,0
DA:65,17
DA:66,0
DA:69,17
DA:70,0
DA:73,17
DA:74,0
DA:77,17
DA:78,0
DA:79,0
DA:82,17
DA:83,0
DA:86,17
DA:87,0
DA:90,17
DA:91,0
DA:92,0
DA:98,0
DA:109,17
DA:123,0
DA:358,17
DA:364,0
LF:43
LH:27
BRDA:57,0,0,0
BRDA:57,0,1,17
BRDA:59,1,0,0
BRDA:59,1,1,17
BRDA:61,2,0,0
BRDA:61,2,1,17
BRDA:63,3,0,0
BRDA:63,3,1,17
BRDA:65,4,0,0
BRDA:65,4,1,17
BRDA:91,5,0,0
BRDA:91,5,1,0
BRDA:91,6,0,0
BRDA:91,6,1,0
BRDA:91,6,2,0
BRDA:162,7,0,0
BRDA:162,7,1,17
BRDA:175,8,0,0
BRDA:175,8,1,17
BRDA:188,9,0,0
BRDA:188,9,1,17
BRDA:230,10,0,0
BRDA:230,10,1,17
BRDA:243,11,0,0
BRDA:243,11,1,17
BRDA:256,12,0,0
BRDA:256,12,1,17
BRDA:299,13,0,0
BRDA:299,13,1,17
BRDA:312,14,0,0
BRDA:312,14,1,17
BRDA:325,15,0,0
BRDA:325,15,1,17
BRF:33
BRH:14
end_of_record
TN:
SF:client/src/components/ratingsReviews/breakdown.jsx
FN:6,(anonymous_0)
FNF:1
FNH:1
FNDA:26,(anonymous_0)
DA:6,4
DA:7,26
LF:2
LH:2
BRF:0
BRH:0
end_of_record
TN:
SF:client/src/components/ratingsReviews/productBreakdown.jsx
FN:7,(anonymous_0)
FN:8,(anonymous_1)
FN:76,(anonymous_2)
FNF:3
FNH:3
FNDA:27,(anonymous_0)
FNDA:424,(anonymous_1)
FNDA:60,(anonymous_2)
DA:7,4
DA:8,424
DA:10,27
DA:45,27
DA:56,27
DA:71,27
DA:72,15
DA:73,15
DA:77,60
DA:78,60
DA:79,30
DA:98,30
DA:122,12
LF:13
LH:13
BRDA:71,0,0,15
BRDA:71,0,1,12
BRDA:78,1,0,30
BRDA:78,1,1,30
BRDA:78,2,0,60
BRDA:78,2,1,45
BRF:6
BRH:6
end_of_record
TN:
SF:client/src/components/ratingsReviews/ratingsBreakdown.jsx
FN:29,(anonymous_0)
FN:32,(anonymous_1)
FN:33,(anonymous_2)
FN:34,(anonymous_3)
FN:35,(anonymous_4)
FN:36,(anonymous_5)
FN:46,(anonymous_6)
FN:51,(anonymous_7)
FN:57,(anonymous_8)
FN:90,(anonymous_9)
FN:103,(anonymous_10)
FN:116,(anonymous_11)
FN:129,(anonymous_12)
FN:142,(anonymous_13)
FN:160,(anonymous_14)
FN:175,(anonymous_15)
FNF:16
FNH:8
FNDA:44,(anonymous_0)
FNDA:441,(anonymous_1)
FNDA:441,(anonymous_2)
FNDA:441,(anonymous_3)
FNDA:441,(anonymous_4)
FNDA:441,(anonymous_5)
FNDA:0,(anonymous_6)
FNDA:32,(anonymous_7)
FNDA:27,(anonymous_8)
FNDA:0,(anonymous_9)
FNDA:0,(anonymous_10)
FNDA:0,(anonymous_11)
FNDA:0,(anonymous_12)
FNDA:0,(anonymous_13)
FNDA:0,(anonymous_14)
FNDA:0,(anonymous_15)
DA:10,4
DA:29,4
DA:30,44
DA:31,44
DA:32,441
DA:33,441
DA:34,441
DA:35,441
DA:36,441
DA:38,44
DA:40,44
DA:41,44
DA:42,44
DA:43,44
DA:44,44
DA:46,44
DA:47,0
DA:48,0
DA:51,44
DA:52,32
DA:53,32
DA:54,32
DA:57,44
DA:58,27
DA:59,15
DA:60,15
DA:61,15
DA:62,15
DA:63,15
DA:67,44
DA:90,0
DA:103,0
DA:116,0
DA:129,0
DA:142,0
DA:161,0
DA:162,0
DA:166,0
DA:175,0
LF:39
LH:28
BRDA:58,0,0,15
BRDA:58,0,1,12
BRDA:82,1,0,32
BRDA:82,1,1,12
BRDA:156,2,0,0
BRDA:156,2,1,44
BRDA:161,3,0,0
BRDA:161,3,1,0
BRF:8
BRH:5
end_of_record
TN:
SF:client/src/components/ratingsReviews/ratingsReviews.jsx
FN:6,(anonymous_0)
FNF:1
FNH:1
FNDA:26,(anonymous_0)
DA:6,4
DA:7,26
LF:2
LH:2
BRF:0
BRH:0
end_of_record
TN:
SF:client/src/components/ratingsReviews/ratingsReviewsSlice.js
FN:6,(anonymous_0)
FN:14,(anonymous_1)
FN:31,(anonymous_2)
FN:34,(anonymous_3)
FN:37,(anonymous_4)
FN:40,(anonymous_5)
FN:43,(anonymous_6)
FN:50,(anonymous_7)
FN:55,(anonymous_8)
FN:58,(anonymous_9)
FNF:10
FNH:0
FNDA:0,(anonymous_0)
FNDA:0,(anonymous_1)
FNDA:0,(anonymous_2)
FNDA:0,(anonymous_3)
FNDA:0,(anonymous_4)
FNDA:0,(anonymous_5)
FNDA:0,(anonymous_6)
FNDA:0,(anonymous_7)
FNDA:0,(anonymous_8)
FNDA:0,(anonymous_9)
DA:2,4
DA:4,4
DA:7,0
DA:8,0
DA:12,4
DA:15,0
DA:16,0
DA:20,4
DA:32,0
DA:35,0
DA:38,0
DA:41,0
DA:44,0
DA:45,0
DA:47,0
DA:51,0
DA:56,0
DA:59,0
DA:65,4
LF:19
LH:5
BRDA:44,0,0,0
BRDA:44,0,1,0
BRF:2
BRH:0
end_of_record
TN:
SF:client/src/components/ratingsReviews/review.jsx
FN:22,(anonymous_0)
FN:34,(anonymous_1)
FN:41,(anonymous_2)
FN:42,(anonymous_3)
FN:43,(anonymous_4)
FN:58,(anonymous_5)
FN:62,(anonymous_6)
FN:66,(anonymous_7)
FN:73,(anonymous_8)
FN:80,(anonymous_9)
FN:109,(anonymous_10)
FN:139,(anonymous_11)
FN:189,(anonymous_12)
FN:196,(anonymous_13)
FN:203,(anonymous_14)
FN:213,(anonymous_15)
FNF:16
FNH:6
FNDA:13,(anonymous_0)
FNDA:465,(anonymous_1)
FNDA:8091,(anonymous_2)
FNDA:8091,(anonymous_3)
FNDA:8091,(anonymous_4)
FNDA:0,(anonymous_5)
FNDA:0,(anonymous_6)
FNDA:0,(anonymous_7)
FNDA:0,(anonymous_8)
FNDA:0,(anonymous_9)
FNDA:0,(anonymous_10)
FNDA:165,(anonymous_11)
FNDA:0,(anonymous_12)
FNDA:0,(anonymous_13)
FNDA:0,(anonymous_14)
FNDA:0,(anonymous_15)
DA:22,13
DA:34,4
DA:35,465
DA:36,465
DA:37,465
DA:38,465
DA:39,465
DA:41,8091
DA:42,8091
DA:43,8091
DA:45,465
DA:46,465
DA:48,465
DA:54,465
DA:55,465
DA:56,465
DA:58,465
DA:59,0
DA:62,465
DA:63,0
DA:66,465
DA:67,0
DA:68,0
DA:69,0
DA:70,0
DA:73,465
DA:74,0
DA:75,0
DA:76,0
DA:77,0
DA:80,465
DA:81,0
DA:84,465
DA:85,0
DA:87,465
DA:109,0
DA:140,165
DA:190,0
DA:192,0
DA:197,0
DA:199,0
DA:204,0
DA:214,0
LF:43
LH:24
BRDA:84,0,0,0
BRDA:84,0,1,465
BRDA:102,1,0,0
BRDA:102,1,1,465
BRDA:102,2,0,465
BRDA:102,2,1,0
BRDA:105,3,0,0
BRDA:105,3,1,0
BRDA:115,4,0,0
BRDA:115,4,1,465
BRDA:115,5,0,465
BRDA:115,5,1,0
BRDA:118,6,0,0
BRDA:118,6,1,0
BRDA:125,7,0,465
BRDA:125,7,1,0
BRDA:128,8,0,15
BRDA:128,8,1,450
BRDA:136,9,0,120
BRDA:136,9,1,345
BRDA:163,10,0,225
BRDA:163,10,1,240
BRDA:175,11,0,0
BRDA:175,11,1,465
BRDA:185,12,0,465
BRDA:185,12,1,0
BRDA:190,13,0,0
BRDA:190,13,1,0
BRDA:190,14,0,0
BRDA:190,14,1,0
BRDA:197,15,0,0
BRDA:197,15,1,0
BRDA:197,16,0,0
BRDA:197,16,1,0
BRF:34
BRH:14
end_of_record
TN:
SF:client/src/components/ratingsReviews/reviewActions.jsx
FN:8,(anonymous_0)
FN:10,(anonymous_1)
FN:11,(anonymous_2)
FN:19,(anonymous_3)
FNF:4
FNH:3
FNDA:29,(anonymous_0)
FNDA:426,(anonymous_1)
FNDA:426,(anonymous_2)
FNDA:0,(anonymous_3)
DA:8,4
DA:9,29
DA:10,426
DA:11,426
DA:13,29
DA:14,15
DA:19,0
DA:27,14
DA:28,14
LF:9
LH:8
BRDA:13,0,0,15
BRDA:13,0,1,14
BRDA:27,1,0,14
BRDA:27,1,1,0
BRDA:27,2,0,14
BRDA:27,2,1,14
BRF:6
BRH:5
end_of_record
TN:
SF:client/src/components/ratingsReviews/reviewList.jsx
FN:11,(anonymous_0)
FN:12,(anonymous_1)
FN:13,(anonymous_2)
FN:14,(anonymous_3)
FN:29,(anonymous_4)
FNF:5
FNH:5
FNDA:29,(anonymous_0)
FNDA:426,(anonymous_1)
FNDA:426,(anonymous_2)
FNDA:426,(anonymous_3)
FNDA:465,(anonymous_4)
DA:11,4
DA:12,426
DA:13,426
DA:14,426
DA:16,29
DA:30,465
LF:6
LH:6
BRDA:37,0,0,435
BRDA:37,0,1,30
BRDA:37,1,0,465
BRDA:37,1,1,30
BRDA:37,1,2,30
BRF:5
BRH:5
end_of_record
TN:
SF:client/src/components/ratingsReviews/reviewSortSearch.jsx
FN:10,(anonymous_0)
FN:11,(anonymous_1)
FN:12,(anonymous_2)
FN:13,(anonymous_3)
FN:35,(anonymous_4)
FNF:5
FNH:4
FNDA:29,(anonymous_0)
FNDA:426,(anonymous_1)
FNDA:426,(anonymous_2)
FNDA:426,(anonymous_3)
FNDA:0,(anonymous_4)
DA:10,4
DA:11,426
DA:12,426
DA:13,426
DA:14,29
DA:16,29
DA:36,0
DA:37,0
DA:38,0
DA:39,0
DA:40,0
DA:41,0
DA:42,0
LF:13
LH:6
BRDA:37,0,0,0
BRDA:37,0,1,0
BRDA:39,1,0,0
BRDA:39,1,1,0
BRDA:41,2,0,0
BRDA:41,2,1,0
BRF:6
BRH:0
end_of_record
TN:
SF:client/src/components/relatedItemsComparison/outfitSlice.js
FN:10,(anonymous_0)
FN:14,(anonymous_1)
FNF:2
FNH:0
FNDA:0,(anonymous_0)
FNDA:0,(anonymous_1)
DA:2,3
DA:11,0
DA:12,0
DA:15,0
DA:20,3
LF:5
LH:2
BRF:0
BRH:0
end_of_record
TN:
SF:client/src/components/relatedItemsComparison/relatedItemsComparison.jsx
FN:11,(anonymous_0)
FN:22,(anonymous_1)
FNF:2
FNH:2
FNDA:24,(anonymous_0)
FNDA:26,(anonymous_1)
DA:11,24
DA:22,3
DA:23,26
DA:25,26
LF:4
LH:4
BRF:0
BRH:0
end_of_record
TN:
SF:client/src/components/relatedItemsComparison/relatedSlice.js
FN:4,(anonymous_0)
FN:8,(anonymous_1)
FN:12,(anonymous_2)
FN:16,(anonymous_3)
FN:17,(anonymous_4)
FN:32,(anonymous_5)
FN:35,(anonymous_6)
FN:38,(anonymous_7)
FN:40,(anonymous_8)
FN:45,(anonymous_9)
FN:48,(anonymous_10)
FN:50,(anonymous_11)
FN:55,(anonymous_12)
FN:57,(anonymous_13)
FN:62,(anonymous_14)
FN:65,(anonymous_15)
FN:66,(anonymous_16)
FN:75,(anonymous_17)
FN:77,(anonymous_18)
FN:82,(anonymous_19)
FN:85,(anonymous_20)
FN:86,(anonymous_21)
FN:91,(anonymous_22)
FN:105,(anonymous_23)
FN:110,(anonymous_24)
FNF:25
FNH:10
FNDA:60,(anonymous_0)
FNDA:0,(anonymous_1)
FNDA:0,(anonymous_2)
FNDA:0,(anonymous_3)
FNDA:0,(anonymous_4)
FNDA:26,(anonymous_5)
FNDA:15,(anonymous_6)
FNDA:15,(anonymous_7)
FNDA:60,(anonymous_8)
FNDA:15,(anonymous_9)
FNDA:15,(anonymous_10)
FNDA:15,(anonymous_11)
FNDA:0,(anonymous_12)
FNDA:0,(anonymous_13)
FNDA:0,(anonymous_14)
FNDA:0,(anonymous_15)
FNDA:0,(anonymous_16)
FNDA:0,(anonymous_17)
FNDA:0,(anonymous_18)
FNDA:0,(anonymous_19)
FNDA:0,(anonymous_20)
FNDA:0,(anonymous_21)
FNDA:15,(anonymous_22)
FNDA:0,(anonymous_23)
FNDA:15,(anonymous_24)
DA:2,3
DA:4,3
DA:5,60
DA:8,3
DA:9,0
DA:12,3
DA:13,0
DA:16,3
DA:17,0
DA:18,0
DA:21,0
DA:22,0
DA:23,0
DA:26,0
DA:27,0
DA:30,3
DA:34,26
DA:36,15
DA:39,15
DA:40,15
DA:41,60
DA:43,15
DA:46,15
DA:49,15
DA:50,15
DA:51,15
DA:53,0
DA:56,0
DA:57,0
DA:58,0
DA:60,0
DA:63,0
DA:66,0
DA:67,0
DA:68,0
DA:70,0
DA:73,0
DA:76,0
DA:77,0
DA:78,0
DA:80,0
DA:83,0
DA:86,0
DA:87,0
DA:89,0
DA:92,15
DA:94,15
DA:98,3
DA:106,0
DA:111,15
DA:116,3
LF:51
LH:22
BRDA:67,0,0,0
BRDA:67,0,1,0
BRF:2
BRH:0
end_of_record
TN:
SF:client/src/components/relatedItemsComparison/outfitList/outfitList.jsx
FN:58,(anonymous_0)
FNF:1
FNH:1
FNDA:26,(anonymous_0)
DA:58,3
DA:59,26
LF:2
LH:2
BRF:0
BRH:0
end_of_record
TN:
SF:client/src/components/relatedItemsComparison/relatedProductCard/relatedProductCard.jsx
FN:8,(anonymous_0)
FN:21,(anonymous_1)
FNF:2
FNH:0
FNDA:0,(anonymous_0)
FNDA:0,(anonymous_1)
DA:8,3
DA:21,3
DA:22,0
DA:23,0
LF:4
LH:2
BRF:0
BRH:0
end_of_record
TN:
SF:client/src/components/relatedItemsComparison/relatedProductsList/relatedProductsList.jsx
FN:9,(anonymous_0)
FN:24,(anonymous_1)
FN:27,(anonymous_2)
FN:28,(anonymous_3)
FN:30,(anonymous_4)
FN:39,(anonymous_5)
FNF:6
FNH:5
FNDA:24,(anonymous_0)
FNDA:26,(anonymous_1)
FNDA:423,(anonymous_2)
FNDA:423,(anonymous_3)
FNDA:26,(anonymous_4)
FNDA:0,(anonymous_5)
DA:9,24
DA:24,3
DA:25,26
DA:26,26
DA:27,423
DA:28,423
DA:30,26
DA:31,26
DA:35,26
DA:36,0
DA:40,0
DA:49,26
LF:12
LH:10
BRDA:35,0,0,0
BRDA:35,0,1,26
BRF:2
BRH:1
end_of_record
