TN:
SF:client/src/store.js
FNF:0
FNH:0
LF:0
LH:0
BRF:0
BRH:0
end_of_record
TN:
SF:client/src/components/App.jsx
FN:23,(anonymous_0)
FN:24,(anonymous_1)
FN:25,(anonymous_2)
FN:26,(anonymous_3)
FN:29,(anonymous_4)
FN:58,(anonymous_5)
FN:59,(anonymous_6)
FN:60,(anonymous_7)
FNF:8
FNH:5
FNDA:28,(anonymous_0)
FNDA:441,(anonymous_1)
FNDA:441,(anonymous_2)
FNDA:441,(anonymous_3)
FNDA:28,(anonymous_4)
FNDA:0,(anonymous_5)
FNDA:0,(anonymous_6)
FNDA:0,(anonymous_7)
DA:23,3
DA:24,441
DA:25,441
DA:26,441
DA:27,28
DA:29,28
DA:30,28
DA:31,28
DA:34,28
DA:35,0
DA:41,28
DA:42,0
DA:49,28
DA:58,0
DA:59,0
DA:60,0
LF:16
LH:11
BRDA:34,0,0,0
BRDA:34,0,1,28
BRDA:41,1,0,0
BRDA:41,1,1,28
BRF:4
BRH:2
end_of_record
TN:
SF:client/src/components/appSlice.js
FN:6,(anonymous_0)
FN:14,(anonymous_1)
FN:22,(anonymous_2)
FN:30,(anonymous_3)
FN:38,(anonymous_4)
FN:44,(anonymous_5)
FN:45,(anonymous_6)
FN:58,(anonymous_7)
FN:80,(anonymous_8)
FN:87,(anonymous_9)
FN:90,(anonymous_10)
FN:97,(anonymous_11)
FN:100,(anonymous_12)
FN:103,(anonymous_13)
FNF:14
FNH:9
FNDA:28,(anonymous_0)
FNDA:28,(anonymous_1)
FNDA:0,(anonymous_2)
FNDA:0,(anonymous_3)
FNDA:28,(anonymous_4)
FNDA:15,(anonymous_5)
FNDA:90,(anonymous_6)
FNDA:15,(anonymous_7)
FNDA:0,(anonymous_8)
FNDA:15,(anonymous_9)
FNDA:15,(anonymous_10)
FNDA:0,(anonymous_11)
FNDA:15,(anonymous_12)
FNDA:0,(anonymous_13)
DA:2,4
DA:4,4
DA:7,28
DA:8,20
DA:12,4
DA:15,28
DA:16,20
DA:20,4
DA:23,0
DA:24,0
DA:28,4
DA:31,0
DA:32,0
DA:36,4
DA:39,28
DA:40,20
DA:44,4
DA:45,15
DA:46,90
DA:49,15
DA:50,15
DA:51,90
DA:54,15
DA:55,15
DA:58,4
DA:59,15
DA:60,15
DA:61,90
DA:63,15
DA:66,4
DA:82,0
DA:88,15
DA:91,15
DA:92,15
DA:93,15
DA:94,15
DA:98,0
DA:101,15
DA:104,0
DA:110,4
LF:40
LH:33
BRDA:92,0,0,15
BRDA:92,0,1,0
BRF:2
BRH:1
end_of_record
TN:
SF:client/src/components/starRating.jsx
FN:5,(anonymous_0)
FN:15,(anonymous_1)
FNF:2
FNH:2
FNDA:26,(anonymous_0)
FNDA:533,(anonymous_1)
DA:5,26
DA:15,4
DA:16,533
DA:18,533
LF:4
LH:4
BRF:0
BRH:0
end_of_record
TN:
SF:client/src/components/overview/mockData.js
FNF:0
FNH:0
DA:2,1
DA:36,1
DA:468,1
DA:475,1
DA:835,1
DA:842,1
DA:1026,1
DA:1048,1
LF:8
LH:8
BRF:0
BRH:0
end_of_record
TN:
SF:client/src/components/overview/overview.jsx
FN:22,(anonymous_0)
FN:32,(anonymous_1)
FN:34,(anonymous_2)
FN:106,(anonymous_3)
FNF:4
FNH:4
FNDA:26,(anonymous_0)
FNDA:30,(anonymous_1)
FNDA:443,(anonymous_2)
FNDA:30,(anonymous_3)
DA:22,26
DA:32,3
DA:33,30
DA:34,443
DA:36,30
DA:107,30
LF:6
LH:6
BRDA:80,0,0,15
BRDA:80,0,1,15
BRDA:105,1,0,15
BRDA:105,1,1,0
BRF:4
BRH:3
end_of_record
TN:
SF:client/src/components/overview/overviewSlice.js
FN:6,(anonymous_0)
FN:23,(anonymous_1)
FN:26,(anonymous_2)
FN:29,(anonymous_3)
FN:34,(anonymous_4)
FNF:5
FNH:3
FNDA:28,(anonymous_0)
FNDA:2,(anonymous_1)
FNDA:0,(anonymous_2)
FNDA:0,(anonymous_3)
FNDA:15,(anonymous_4)
DA:2,3
DA:4,3
DA:7,28
DA:8,20
DA:12,3
DA:24,2
DA:27,0
DA:30,0
DA:35,15
DA:36,15
DA:42,3
LF:11
LH:9
BRF:0
BRH:0
end_of_record
TN:
SF:client/src/components/overview/addToCart/addToCart.jsx
FN:20,(anonymous_0)
FN:22,(anonymous_1)
FN:23,(anonymous_2)
FN:24,(anonymous_3)
FN:25,(anonymous_4)
FN:26,(anonymous_5)
FN:27,(anonymous_6)
FN:28,(anonymous_7)
FN:29,(anonymous_8)
FN:38,(anonymous_9)
FN:44,(anonymous_10)
FN:65,(anonymous_11)
FN:83,(anonymous_12)
FNF:13
FNH:9
FNDA:71,(anonymous_0)
FNDA:484,(anonymous_1)
FNDA:484,(anonymous_2)
FNDA:484,(anonymous_3)
FNDA:484,(anonymous_4)
FNDA:484,(anonymous_5)
FNDA:484,(anonymous_6)
FNDA:484,(anonymous_7)
FNDA:484,(anonymous_8)
FNDA:0,(anonymous_9)
FNDA:0,(anonymous_10)
FNDA:0,(anonymous_11)
FNDA:0,(anonymous_12)
DA:10,3
DA:20,3
DA:21,71
DA:22,484
DA:23,484
DA:24,484
DA:25,484
DA:26,484
DA:27,484
DA:28,484
DA:29,484
DA:31,71
DA:33,71
DA:34,42
DA:35,42
DA:38,71
DA:39,0
DA:44,71
DA:45,0
DA:48,71
DA:66,0
DA:67,0
DA:69,0
DA:70,0
DA:71,0
DA:72,0
DA:83,0
LF:27
LH:18
BRDA:33,0,0,42
BRDA:33,0,1,29
BRDA:51,1,0,71
BRDA:51,1,1,0
BRDA:51,2,0,71
BRDA:51,2,1,0
BRDA:64,3,0,30
BRDA:64,3,1,41
BRDA:66,4,0,0
BRDA:66,4,1,0
BRDA:82,5,0,30
BRDA:82,5,1,41
BRF:12
BRH:8
end_of_record
TN:
SF:client/src/components/overview/addToCart/cartSlice.js
FN:14,(anonymous_0)
FN:17,(anonymous_1)
FN:20,(anonymous_2)
FN:23,(anonymous_3)
FN:26,(anonymous_4)
FN:29,(anonymous_5)
FN:32,(anonymous_6)
FNF:7
FNH:2
FNDA:0,(anonymous_0)
FNDA:0,(anonymous_1)
FNDA:0,(anonymous_2)
FNDA:0,(anonymous_3)
FNDA:0,(anonymous_4)
FNDA:19,(anonymous_5)
FNDA:33,(anonymous_6)
DA:3,3
DA:15,0
DA:18,0
DA:21,0
DA:24,0
DA:27,0
DA:30,19
DA:33,33
DA:34,33
DA:35,33
DA:36,33
DA:37,33
DA:38,33
DA:50,3
LF:14
LH:9
BRF:0
BRH:0
end_of_record
TN:
SF:client/src/components/overview/addToCart/quantSelect.jsx
FN:6,(anonymous_0)
FN:8,(anonymous_1)
FN:9,(anonymous_2)
FN:11,(anonymous_3)
FN:25,(anonymous_4)
FNF:5
FNH:3
FNDA:71,(anonymous_0)
FNDA:484,(anonymous_1)
FNDA:484,(anonymous_2)
FNDA:0,(anonymous_3)
FNDA:0,(anonymous_4)
DA:6,3
DA:7,71
DA:8,484
DA:9,484
DA:11,71
DA:12,0
DA:13,0
DA:14,0
DA:16,0
DA:19,71
DA:20,0
DA:26,0
DA:30,71
LF:13
LH:7
BRDA:13,0,0,0
BRDA:13,0,1,0
BRDA:19,1,0,0
BRDA:19,1,1,71
BRF:4
BRH:1
end_of_record
TN:
SF:client/src/components/overview/addToCart/sizeSelect.jsx
FN:14,(anonymous_0)
FN:17,(anonymous_1)
FN:18,(anonymous_2)
FN:19,(anonymous_3)
FN:20,(anonymous_4)
FN:24,(anonymous_5)
FN:26,(anonymous_6)
FN:34,(anonymous_7)
FN:44,(anonymous_8)
FN:48,(anonymous_9)
FN:53,(anonymous_10)
FN:73,(anonymous_11)
FN:87,(anonymous_12)
FNF:13
FNH:11
FNDA:71,(anonymous_0)
FNDA:484,(anonymous_1)
FNDA:484,(anonymous_2)
FNDA:484,(anonymous_3)
FNDA:484,(anonymous_4)
FNDA:42,(anonymous_5)
FNDA:252,(anonymous_6)
FNDA:310,(anonymous_7)
FNDA:174,(anonymous_8)
FNDA:33,(anonymous_9)
FNDA:33,(anonymous_10)
FNDA:0,(anonymous_11)
FNDA:0,(anonymous_12)
DA:14,3
DA:15,71
DA:17,484
DA:18,484
DA:19,484
DA:20,484
DA:24,71
DA:25,42
DA:26,42
DA:27,252
DA:29,42
DA:33,71
DA:34,310
DA:36,42
DA:37,0
DA:40,42
DA:44,174
DA:48,71
DA:49,33
DA:53,71
DA:54,33
DA:55,19
DA:60,71
DA:61,30
DA:67,41
DA:68,0
DA:74,0
DA:75,0
DA:76,0
DA:77,0
DA:78,0
DA:83,41
DA:88,0
DA:89,0
DA:90,0
DA:91,0
DA:92,0
LF:37
LH:25
BRDA:33,0,0,42
BRDA:33,0,1,29
BRDA:36,1,0,0
BRDA:36,1,1,42
BRDA:54,2,0,19
BRDA:54,2,1,14
BRDA:60,3,0,30
BRDA:60,3,1,41
BRDA:67,4,0,0
BRDA:67,4,1,41
BRF:10
BRH:8
end_of_record
TN:
SF:client/src/components/overview/imageGallery/galleryExpanded.jsx
FN:17,(anonymous_0)
FN:19,(anonymous_1)
FN:20,(anonymous_2)
FN:21,(anonymous_3)
FN:29,(anonymous_4)
FN:34,(anonymous_5)
FN:36,(anonymous_6)
FN:50,(anonymous_7)
FN:62,(anonymous_8)
FN:66,(anonymous_9)
FN:74,(anonymous_10)
FNF:11
FNH:0
FNDA:0,(anonymous_0)
FNDA:0,(anonymous_1)
FNDA:0,(anonymous_2)
FNDA:0,(anonymous_3)
FNDA:0,(anonymous_4)
FNDA:0,(anonymous_5)
FNDA:0,(anonymous_6)
FNDA:0,(anonymous_7)
FNDA:0,(anonymous_8)
FNDA:0,(anonymous_9)
FNDA:0,(anonymous_10)
DA:17,3
DA:18,0
DA:19,0
DA:20,0
DA:21,0
DA:23,0
DA:29,0
DA:34,0
DA:36,0
DA:50,0
DA:63,0
DA:64,0
DA:66,0
DA:72,0
DA:74,0
LF:15
LH:1
BRDA:28,0,0,0
BRDA:28,0,1,0
BRDA:47,1,0,0
BRDA:47,1,1,0
BRDA:63,2,0,0
BRDA:63,2,1,0
BRF:6
BRH:0
end_of_record
TN:
SF:client/src/components/overview/imageGallery/galleryMagnified.jsx
FN:8,(anonymous_0)
FN:10,(anonymous_1)
FN:12,viewportToPixels
FN:28,(anonymous_3)
FNF:4
FNH:0
FNDA:0,(anonymous_0)
FNDA:0,(anonymous_1)
FNDA:0,viewportToPixels
FNDA:0,(anonymous_3)
DA:8,3
DA:9,0
DA:10,0
DA:13,0
DA:14,0
DA:15,0
DA:16,0
DA:19,0
DA:20,0
DA:22,0
DA:29,0
DA:30,0
LF:12
LH:1
BRF:0
BRH:0
end_of_record
TN:
SF:client/src/components/overview/imageGallery/galleryMainImg.jsx
FN:15,(anonymous_0)
FN:17,(anonymous_1)
FN:18,(anonymous_2)
FN:19,(anonymous_3)
FN:26,(anonymous_4)
FN:33,(anonymous_5)
FN:45,(anonymous_6)
FNF:7
FNH:4
FNDA:26,(anonymous_0)
FNDA:295,(anonymous_1)
FNDA:295,(anonymous_2)
FNDA:295,(anonymous_3)
FNDA:0,(anonymous_4)
FNDA:0,(anonymous_5)
FNDA:0,(anonymous_6)
DA:15,3
DA:16,26
DA:17,295
DA:18,295
DA:19,295
DA:21,26
DA:26,0
DA:33,0
DA:45,0
LF:9
LH:6
BRDA:25,0,0,26
BRDA:25,0,1,0
BRDA:44,1,0,0
BRDA:44,1,1,26
BRF:4
BRH:2
end_of_record
TN:
SF:client/src/components/overview/imageGallery/galleryNav.jsx
FN:38,(anonymous_0)
FN:40,(anonymous_1)
FN:41,(anonymous_2)
FN:42,(anonymous_3)
FN:44,(anonymous_4)
FN:58,(anonymous_5)
FN:70,(anonymous_6)
FN:88,(anonymous_7)
FN:101,(anonymous_8)
FNF:9
FNH:6
FNDA:21,(anonymous_0)
FNDA:290,(anonymous_1)
FNDA:290,(anonymous_2)
FNDA:290,(anonymous_3)
FNDA:19,(anonymous_4)
FNDA:0,(anonymous_5)
FNDA:126,(anonymous_6)
FNDA:0,(anonymous_7)
FNDA:0,(anonymous_8)
DA:17,3
DA:38,3
DA:39,21
DA:40,290
DA:41,290
DA:42,290
DA:44,21
DA:45,19
DA:46,19
DA:47,19
DA:51,21
DA:58,0
DA:72,126
DA:73,126
DA:75,0
DA:76,0
DA:81,126
DA:88,0
DA:101,0
LF:19
LH:14
BRDA:45,0,0,19
BRDA:45,0,1,0
BRDA:45,1,0,19
BRDA:45,1,1,19
BRDA:72,2,0,126
BRDA:72,2,1,0
BRDA:72,3,0,126
BRDA:72,3,1,126
BRDA:85,4,0,0
BRDA:85,4,1,126
BRDA:90,5,0,21
BRDA:90,5,1,105
BRF:12
BRH:9
end_of_record
TN:
SF:client/src/components/overview/imageGallery/imageGallery.jsx
FN:15,(anonymous_0)
FN:16,(anonymous_1)
FNF:2
FNH:2
FNDA:35,(anonymous_0)
FNDA:448,(anonymous_1)
DA:15,3
DA:16,448
DA:18,35
DA:19,21
DA:30,14
LF:5
LH:5
BRDA:18,0,0,21
BRDA:18,0,1,14
BRF:2
BRH:2
end_of_record
TN:
SF:client/src/components/overview/imageGallery/imageGallerySlice.js
FN:12,(anonymous_0)
FN:23,(anonymous_1)
FN:27,(anonymous_2)
FN:31,(anonymous_3)
FN:34,(anonymous_4)
FNF:5
FNH:2
FNDA:0,(anonymous_0)
FNDA:0,(anonymous_1)
FNDA:0,(anonymous_2)
FNDA:19,(anonymous_3)
FNDA:19,(anonymous_4)
DA:3,3
DA:13,0
DA:14,0
DA:15,0
DA:16,0
DA:17,0
DA:18,0
DA:20,0
DA:24,0
DA:25,0
DA:28,0
DA:29,0
DA:32,19
DA:35,19
DA:37,19
DA:38,0
DA:47,3
LF:17
LH:5
BRDA:15,0,0,0
BRDA:15,0,1,0
BRDA:37,1,0,0
BRDA:37,1,1,19
BRF:4
BRH:1
end_of_record
TN:
SF:client/src/components/overview/productInformation/productInformation.jsx
FN:15,(anonymous_0)
FN:18,(anonymous_1)
FN:19,(anonymous_2)
FN:20,(anonymous_3)
FN:21,(anonymous_4)
FN:22,(anonymous_5)
FN:24,(anonymous_6)
FNF:7
FNH:7
FNDA:39,(anonymous_0)
FNDA:452,(anonymous_1)
FNDA:452,(anonymous_2)
FNDA:452,(anonymous_3)
FNDA:452,(anonymous_4)
FNDA:452,(anonymous_5)
FNDA:28,(anonymous_6)
DA:15,3
DA:16,39
DA:18,452
DA:19,452
DA:20,452
DA:21,452
DA:22,452
DA:24,39
DA:25,28
DA:26,28
DA:29,39
LF:11
LH:11
BRDA:32,0,0,17
BRDA:32,0,1,22
BRDA:70,1,0,2
BRDA:70,1,1,37
BRDA:70,2,0,39
BRDA:70,2,1,23
BRF:6
BRH:6
end_of_record
TN:
SF:client/src/components/overview/styleSelector/styleSelector.jsx
FN:35,(anonymous_0)
FN:38,(anonymous_1)
FN:39,(anonymous_2)
FN:40,(anonymous_3)
FN:42,(anonymous_4)
FN:51,(anonymous_5)
FN:65,(anonymous_6)
FNF:7
FNH:7
FNDA:35,(anonymous_0)
FNDA:448,(anonymous_1)
FNDA:448,(anonymous_2)
FNDA:448,(anonymous_3)
FNDA:28,(anonymous_4)
FNDA:126,(anonymous_5)
FNDA:2,(anonymous_6)
DA:17,3
DA:35,3
DA:36,35
DA:37,35
DA:38,448
DA:39,448
DA:40,448
DA:42,35
DA:43,28
DA:46,35
DA:47,21
DA:53,126
DA:54,126
DA:56,0
DA:59,126
DA:65,2
DA:92,14
LF:17
LH:16
BRDA:46,0,0,21
BRDA:46,0,1,14
BRDA:53,1,0,126
BRDA:53,1,1,0
BRDA:53,2,0,126
BRDA:53,2,1,126
BRDA:70,3,0,21
BRDA:70,3,1,105
BRF:8
BRH:7
end_of_record
TN:
SF:client/src/components/questionsAnswers/AddAnswer.jsx
FN:14,getModalStyle
FN:23,(anonymous_1)
FN:35,AddAModal
FN:39,(anonymous_3)
FN:40,(anonymous_4)
FN:48,(anonymous_5)
FN:52,(anonymous_6)
FN:56,(anonymous_7)
FN:71,(anonymous_8)
FN:79,(anonymous_9)
FN:86,(anonymous_10)
FN:133,(anonymous_11)
FNF:12
FNH:5
FNDA:60,getModalStyle
FNDA:13,(anonymous_1)
FNDA:120,AddAModal
FNDA:1176,(anonymous_3)
FNDA:1176,(anonymous_4)
FNDA:0,(anonymous_5)
FNDA:0,(anonymous_6)
FNDA:0,(anonymous_7)
FNDA:0,(anonymous_8)
FNDA:0,(anonymous_9)
FNDA:0,(anonymous_10)
FNDA:0,(anonymous_11)
DA:15,60
DA:23,13
DA:36,120
DA:38,120
DA:39,1176
DA:40,1176
DA:41,120
DA:42,120
DA:43,120
DA:44,120
DA:45,120
DA:46,120
DA:48,120
DA:49,0
DA:52,120
DA:53,0
DA:56,120
DA:57,0
DA:58,0
DA:59,0
DA:61,0
DA:62,0
DA:63,0
DA:65,0
DA:66,0
DA:67,0
DA:71,120
DA:72,0
DA:73,0
DA:79,0
DA:87,0
DA:91,0
DA:96,120
DA:134,0
DA:142,120
LF:35
LH:18
BRDA:57,0,0,0
BRDA:57,0,1,0
BRDA:61,1,0,0
BRDA:61,1,1,0
BRDA:65,2,0,0
BRDA:65,2,1,0
BRDA:72,3,0,0
BRDA:72,3,1,0
BRDA:72,4,0,0
BRDA:72,4,1,0
BRDA:72,4,2,0
BRF:11
BRH:0
end_of_record
TN:
SF:client/src/components/questionsAnswers/AddQuestion.jsx
FN:12,getModalStyle
FN:21,(anonymous_1)
FN:33,AddQModal
FN:36,(anonymous_3)
FN:37,(anonymous_4)
FN:44,(anonymous_5)
FN:48,(anonymous_6)
FN:52,(anonymous_7)
FN:67,(anonymous_8)
FN:75,(anonymous_9)
FNF:10
FNH:5
FNDA:28,getModalStyle
FNDA:26,(anonymous_1)
FNDA:29,AddQModal
FNDA:442,(anonymous_3)
FNDA:442,(anonymous_4)
FNDA:0,(anonymous_5)
FNDA:0,(anonymous_6)
FNDA:0,(anonymous_7)
FNDA:0,(anonymous_8)
FNDA:0,(anonymous_9)
DA:13,28
DA:21,26
DA:34,29
DA:35,29
DA:36,442
DA:37,442
DA:38,29
DA:39,29
DA:40,29
DA:41,29
DA:42,29
DA:44,29
DA:45,0
DA:48,29
DA:49,0
DA:52,29
DA:53,0
DA:54,0
DA:55,0
DA:57,0
DA:58,0
DA:59,0
DA:61,0
DA:62,0
DA:63,0
DA:67,29
DA:68,0
DA:69,0
DA:75,0
DA:84,0
DA:89,29
DA:133,29
LF:32
LH:17
BRDA:53,0,0,0
BRDA:53,0,1,0
BRDA:57,1,0,0
BRDA:57,1,1,0
BRDA:61,2,0,0
BRDA:61,2,1,0
BRDA:68,3,0,0
BRDA:68,3,1,0
BRDA:68,4,0,0
BRDA:68,4,1,0
BRDA:68,4,2,0
BRF:11
BRH:0
end_of_record
TN:
SF:client/src/components/questionsAnswers/Answer.jsx
FN:7,(anonymous_0)
FN:14,(anonymous_1)
FN:32,(anonymous_2)
FN:41,(anonymous_3)
FNF:4
FNH:1
FNDA:87,(anonymous_0)
FNDA:0,(anonymous_1)
FNDA:0,(anonymous_2)
FNDA:0,(anonymous_3)
DA:7,3
DA:8,87
DA:10,87
DA:11,87
DA:12,87
DA:14,87
DA:15,0
DA:19,87
DA:33,0
DA:34,0
DA:35,0
DA:41,0
LF:12
LH:7
BRDA:25,0,0,0
BRDA:25,0,1,87
BRDA:29,1,0,87
BRDA:29,1,1,0
BRDA:39,2,0,87
BRDA:39,2,1,0
BRF:6
BRH:3
end_of_record
TN:
SF:client/src/components/questionsAnswers/Answers.jsx
FN:7,(anonymous_0)
FN:9,(anonymous_1)
FN:15,(anonymous_2)
FN:24,(anonymous_3)
FN:56,(anonymous_4)
FNF:5
FNH:3
FNDA:116,(anonymous_0)
FNDA:957,(anonymous_1)
FNDA:0,(anonymous_2)
FNDA:493,(anonymous_3)
FNDA:0,(anonymous_4)
DA:7,3
DA:8,116
DA:9,116
DA:10,957
DA:13,116
DA:15,116
DA:16,0
DA:19,116
DA:20,116
DA:25,493
DA:26,87
DA:48,0
DA:57,0
LF:13
LH:10
BRDA:19,0,0,116
BRDA:19,0,1,0
BRDA:25,1,0,87
BRDA:25,1,1,406
BRF:4
BRH:3
end_of_record
TN:
SF:client/src/components/questionsAnswers/Question.jsx
FN:12,(anonymous_0)
FN:23,(anonymous_1)
FN:33,(anonymous_2)
FN:47,(anonymous_3)
FN:64,(anonymous_4)
FNF:5
FNH:2
FNDA:13,(anonymous_0)
FNDA:116,(anonymous_1)
FNDA:0,(anonymous_2)
FNDA:0,(anonymous_3)
FNDA:0,(anonymous_4)
DA:12,13
DA:23,3
DA:24,116
DA:25,116
DA:26,116
DA:28,116
DA:29,116
DA:30,116
DA:31,116
DA:33,116
DA:34,0
DA:38,116
DA:48,0
DA:49,0
DA:50,0
DA:64,0
LF:16
LH:11
BRDA:44,0,0,116
BRDA:44,0,1,0
BRDA:61,1,0,116
BRDA:61,1,1,0
BRF:4
BRH:2
end_of_record
TN:
SF:client/src/components/questionsAnswers/Questions.jsx
FN:9,(anonymous_0)
FN:10,(anonymous_1)
FN:11,(anonymous_2)
FN:12,(anonymous_3)
FN:13,(anonymous_4)
FN:14,(anonymous_5)
FN:18,(anonymous_6)
FN:32,(anonymous_7)
FN:35,(anonymous_8)
FNF:9
FNH:9
FNDA:43,(anonymous_0)
FNDA:456,(anonymous_1)
FNDA:456,(anonymous_2)
FNDA:456,(anonymous_3)
FNDA:456,(anonymous_4)
FNDA:456,(anonymous_5)
FNDA:28,(anonymous_6)
FNDA:116,(anonymous_7)
FNDA:116,(anonymous_8)
DA:9,3
DA:10,456
DA:11,456
DA:12,456
DA:13,456
DA:14,456
DA:16,43
DA:18,43
DA:19,28
DA:22,43
DA:33,116
DA:36,116
DA:37,116
DA:38,116
DA:48,0
DA:49,0
LF:16
LH:14
BRDA:36,0,0,116
BRDA:36,0,1,0
BRF:2
BRH:1
end_of_record
TN:
SF:client/src/components/questionsAnswers/SearchBar.jsx
FN:8,(anonymous_0)
FN:27,SearchBar
FNF:2
FNH:2
FNDA:26,(anonymous_0)
FNDA:28,SearchBar
DA:8,26
DA:28,28
DA:30,28
LF:3
LH:3
BRF:0
BRH:0
end_of_record
TN:
SF:client/src/components/questionsAnswers/qaSlice.js
FN:6,(anonymous_0)
FN:14,(anonymous_1)
FN:22,(anonymous_2)
FN:40,(anonymous_3)
FN:43,(anonymous_4)
FN:48,(anonymous_5)
FN:50,(anonymous_6)
FN:54,(anonymous_7)
FN:57,(anonymous_8)
FNF:9
FNH:3
FNDA:28,(anonymous_0)
FNDA:0,(anonymous_1)
FNDA:0,(anonymous_2)
FNDA:0,(anonymous_3)
FNDA:0,(anonymous_4)
FNDA:15,(anonymous_5)
FNDA:60,(anonymous_6)
FNDA:0,(anonymous_7)
FNDA:0,(anonymous_8)
DA:2,3
DA:4,3
DA:7,28
DA:8,20
DA:12,3
DA:15,0
DA:16,0
DA:20,3
DA:23,0
DA:24,0
DA:28,3
DA:41,0
DA:44,0
DA:49,15
DA:50,15
DA:51,60
DA:55,0
DA:58,0
DA:63,3
LF:19
LH:11
BRF:0
BRH:0
end_of_record
TN:
SF:client/src/components/questionsAnswers/questionsAnswers.jsx
FN:16,(anonymous_0)
FN:28,(anonymous_1)
FN:29,(anonymous_2)
FN:36,(anonymous_3)
FN:45,(anonymous_4)
FN:63,(anonymous_5)
FN:69,(anonymous_6)
FN:70,(anonymous_7)
FN:71,(anonymous_8)
FNF:9
FNH:3
FNDA:26,(anonymous_0)
FNDA:28,(anonymous_1)
FNDA:441,(anonymous_2)
FNDA:0,(anonymous_3)
FNDA:0,(anonymous_4)
FNDA:0,(anonymous_5)
FNDA:0,(anonymous_6)
FNDA:0,(anonymous_7)
FNDA:0,(anonymous_8)
DA:16,26
DA:28,3
DA:29,441
DA:30,28
DA:31,28
DA:33,28
DA:34,28
DA:36,28
DA:37,0
DA:38,0
DA:40,0
DA:41,0
DA:45,28
DA:46,0
DA:47,0
DA:50,28
DA:63,0
DA:69,0
DA:70,0
DA:71,0
LF:20
LH:10
BRDA:37,0,0,0
BRDA:37,0,1,0
BRF:2
BRH:0
end_of_record
TN:
SF:client/src/components/ratingsReviews/addReview.jsx
FN:20,getModalStyle
FN:31,(anonymous_1)
FN:42,AddReviewModal
FN:45,(anonymous_3)
FN:46,(anonymous_4)
FN:69,(anonymous_5)
FN:73,(anonymous_6)
FN:77,(anonymous_7)
FN:81,(anonymous_8)
FN:85,(anonymous_9)
FN:89,(anonymous_10)
FN:97,(anonymous_11)
FN:121,(anonymous_12)
FN:363,(anonymous_13)
FNF:14
FNH:5
FNDA:15,getModalStyle
FNDA:13,(anonymous_1)
FNDA:17,AddReviewModal
FNDA:263,(anonymous_3)
FNDA:263,(anonymous_4)
FNDA:0,(anonymous_5)
FNDA:0,(anonymous_6)
FNDA:0,(anonymous_7)
FNDA:0,(anonymous_8)
FNDA:0,(anonymous_9)
FNDA:0,(anonymous_10)
FNDA:0,(anonymous_11)
FNDA:0,(anonymous_12)
FNDA:0,(anonymous_13)
DA:21,15
DA:31,13
DA:43,17
DA:44,17
DA:45,263
DA:46,263
DA:47,17
DA:48,17
DA:49,17
DA:50,17
DA:51,17
DA:52,17
DA:53,17
DA:54,17
DA:57,17
DA:58,0
DA:59,17
DA:60,0
DA:61,17
DA:62,0
DA:63,17
DA:64,0
DA:65,17
DA:66,0
DA:69,17
DA:70,0
DA:73,17
DA:74,0
DA:77,17
DA:78,0
DA:81,17
DA:82,0
DA:85,17
DA:86,0
DA:89,17
DA:90,0
DA:91,0
DA:97,0
DA:108,17
DA:122,0
DA:357,17
DA:363,0
LF:42
LH:27
BRDA:57,0,0,0
BRDA:57,0,1,17
BRDA:59,1,0,0
BRDA:59,1,1,17
BRDA:61,2,0,0
BRDA:61,2,1,17
BRDA:63,3,0,0
BRDA:63,3,1,17
BRDA:65,4,0,0
BRDA:65,4,1,17
BRDA:90,5,0,0
BRDA:90,5,1,0
BRDA:90,6,0,0
BRDA:90,6,1,0
BRDA:90,6,2,0
BRDA:161,7,0,0
BRDA:161,7,1,17
BRDA:174,8,0,0
BRDA:174,8,1,17
BRDA:187,9,0,0
BRDA:187,9,1,17
BRDA:229,10,0,0
BRDA:229,10,1,17
BRDA:242,11,0,0
BRDA:242,11,1,17
BRDA:255,12,0,0
BRDA:255,12,1,17
BRDA:298,13,0,0
BRDA:298,13,1,17
BRDA:311,14,0,0
BRDA:311,14,1,17
BRDA:324,15,0,0
BRDA:324,15,1,17
BRF:33
BRH:14
end_of_record
TN:
SF:client/src/components/ratingsReviews/breakdown.jsx
FN:6,(anonymous_0)
FNF:1
FNH:1
FNDA:28,(anonymous_0)
DA:6,4
DA:7,28
LF:2
LH:2
BRF:0
BRH:0
end_of_record
TN:
SF:client/src/components/ratingsReviews/productBreakdown.jsx
FN:7,(anonymous_0)
FN:8,(anonymous_1)
FN:75,(anonymous_2)
FNF:3
FNH:3
FNDA:29,(anonymous_0)
FNDA:442,(anonymous_1)
FNDA:60,(anonymous_2)
DA:7,4
DA:8,442
DA:10,29
DA:45,29
DA:56,29
DA:71,29
DA:72,15
DA:76,60
DA:77,60
DA:78,30
DA:97,30
DA:121,14
LF:12
LH:12
BRDA:71,0,0,15
BRDA:71,0,1,14
BRDA:77,1,0,30
BRDA:77,1,1,30
BRDA:77,2,0,60
BRDA:77,2,1,45
BRF:6
BRH:6
end_of_record
TN:
SF:client/src/components/ratingsReviews/ratingsBreakdown.jsx
FN:29,(anonymous_0)
FN:32,(anonymous_1)
FN:33,(anonymous_2)
FN:34,(anonymous_3)
FN:35,(anonymous_4)
FN:36,(anonymous_5)
FN:44,(anonymous_6)
FN:49,(anonymous_7)
FN:55,(anonymous_8)
FN:88,(anonymous_9)
FN:101,(anonymous_10)
FN:114,(anonymous_11)
FN:127,(anonymous_12)
FN:140,(anonymous_13)
FN:158,(anonymous_14)
FN:173,(anonymous_15)
FNF:16
FNH:8
FNDA:46,(anonymous_0)
FNDA:459,(anonymous_1)
FNDA:459,(anonymous_2)
FNDA:459,(anonymous_3)
FNDA:459,(anonymous_4)
FNDA:459,(anonymous_5)
FNDA:0,(anonymous_6)
FNDA:32,(anonymous_7)
FNDA:29,(anonymous_8)
FNDA:0,(anonymous_9)
FNDA:0,(anonymous_10)
FNDA:0,(anonymous_11)
FNDA:0,(anonymous_12)
FNDA:0,(anonymous_13)
FNDA:0,(anonymous_14)
FNDA:0,(anonymous_15)
DA:10,4
DA:29,4
DA:30,46
DA:31,46
DA:32,459
DA:33,459
DA:34,459
DA:35,459
DA:36,459
DA:38,46
DA:39,46
DA:40,46
DA:41,46
DA:42,46
DA:44,46
DA:45,0
DA:46,0
DA:49,46
DA:50,32
DA:51,32
DA:52,32
DA:55,46
DA:56,29
DA:57,15
DA:58,15
DA:59,15
DA:60,15
DA:61,15
DA:65,46
DA:88,0
DA:101,0
DA:114,0
DA:127,0
DA:140,0
DA:159,0
DA:160,0
DA:164,0
DA:173,0
LF:38
LH:27
BRDA:56,0,0,15
BRDA:56,0,1,14
BRDA:80,1,0,32
BRDA:80,1,1,14
BRDA:154,2,0,0
BRDA:154,2,1,46
BRDA:159,3,0,0
BRDA:159,3,1,0
BRF:8
BRH:5
end_of_record
TN:
SF:client/src/components/ratingsReviews/ratingsReviews.jsx
FN:6,(anonymous_0)
FNF:1
FNH:1
FNDA:28,(anonymous_0)
DA:6,4
DA:7,28
LF:2
LH:2
BRF:0
BRH:0
end_of_record
TN:
SF:client/src/components/ratingsReviews/ratingsReviewsSlice.js
FN:6,(anonymous_0)
FN:14,(anonymous_1)
FN:31,(anonymous_2)
FN:34,(anonymous_3)
FN:37,(anonymous_4)
FN:40,(anonymous_5)
FN:43,(anonymous_6)
FN:50,(anonymous_7)
FN:55,(anonymous_8)
FN:58,(anonymous_9)
FNF:10
FNH:0
FNDA:0,(anonymous_0)
FNDA:0,(anonymous_1)
FNDA:0,(anonymous_2)
FNDA:0,(anonymous_3)
FNDA:0,(anonymous_4)
FNDA:0,(anonymous_5)
FNDA:0,(anonymous_6)
FNDA:0,(anonymous_7)
FNDA:0,(anonymous_8)
FNDA:0,(anonymous_9)
DA:2,4
DA:4,4
DA:7,0
DA:8,0
DA:12,4
DA:15,0
DA:16,0
DA:20,4
DA:32,0
DA:35,0
DA:38,0
DA:41,0
DA:44,0
DA:45,0
DA:47,0
DA:51,0
DA:56,0
DA:59,0
DA:65,4
LF:19
LH:5
BRDA:44,0,0,0
BRDA:44,0,1,0
BRF:2
BRH:0
end_of_record
TN:
SF:client/src/components/ratingsReviews/review.jsx
FN:22,(anonymous_0)
FN:34,(anonymous_1)
FN:41,(anonymous_2)
FN:42,(anonymous_3)
FN:43,(anonymous_4)
FN:58,(anonymous_5)
FN:62,(anonymous_6)
FN:66,(anonymous_7)
FN:73,(anonymous_8)
FN:80,(anonymous_9)
FN:109,(anonymous_10)
FN:139,(anonymous_11)
FN:189,(anonymous_12)
FN:196,(anonymous_13)
FN:203,(anonymous_14)
FN:213,(anonymous_15)
FNF:16
FNH:6
FNDA:13,(anonymous_0)
FNDA:465,(anonymous_1)
FNDA:8091,(anonymous_2)
FNDA:8091,(anonymous_3)
FNDA:8091,(anonymous_4)
FNDA:0,(anonymous_5)
FNDA:0,(anonymous_6)
FNDA:0,(anonymous_7)
FNDA:0,(anonymous_8)
FNDA:0,(anonymous_9)
FNDA:0,(anonymous_10)
FNDA:165,(anonymous_11)
FNDA:0,(anonymous_12)
FNDA:0,(anonymous_13)
FNDA:0,(anonymous_14)
FNDA:0,(anonymous_15)
DA:22,13
DA:34,4
DA:35,465
DA:36,465
DA:37,465
DA:38,465
DA:39,465
DA:41,8091
DA:42,8091
DA:43,8091
DA:45,465
DA:46,465
DA:48,465
DA:54,465
DA:55,465
DA:56,465
DA:58,465
DA:59,0
DA:62,465
DA:63,0
DA:66,465
DA:67,0
DA:68,0
DA:69,0
DA:70,0
DA:73,465
DA:74,0
DA:75,0
DA:76,0
DA:77,0
DA:80,465
DA:81,0
DA:84,465
DA:85,0
DA:87,465
DA:109,0
DA:140,165
DA:190,0
DA:192,0
DA:197,0
DA:199,0
DA:204,0
DA:214,0
LF:43
LH:24
BRDA:84,0,0,0
BRDA:84,0,1,465
BRDA:102,1,0,0
BRDA:102,1,1,465
BRDA:102,2,0,465
BRDA:102,2,1,0
BRDA:105,3,0,0
BRDA:105,3,1,0
BRDA:115,4,0,0
BRDA:115,4,1,465
BRDA:115,5,0,465
BRDA:115,5,1,0
BRDA:118,6,0,0
BRDA:118,6,1,0
BRDA:125,7,0,465
BRDA:125,7,1,0
BRDA:128,8,0,15
BRDA:128,8,1,450
BRDA:136,9,0,120
BRDA:136,9,1,345
BRDA:163,10,0,225
BRDA:163,10,1,240
BRDA:175,11,0,0
BRDA:175,11,1,465
BRDA:185,12,0,465
BRDA:185,12,1,0
BRDA:190,13,0,0
BRDA:190,13,1,0
BRDA:190,14,0,0
BRDA:190,14,1,0
BRDA:197,15,0,0
BRDA:197,15,1,0
BRDA:197,16,0,0
BRDA:197,16,1,0
BRF:34
BRH:14
end_of_record
TN:
SF:client/src/components/ratingsReviews/reviewActions.jsx
FN:8,(anonymous_0)
FN:10,(anonymous_1)
FN:11,(anonymous_2)
FN:19,(anonymous_3)
FNF:4
FNH:3
FNDA:31,(anonymous_0)
FNDA:444,(anonymous_1)
FNDA:444,(anonymous_2)
FNDA:0,(anonymous_3)
DA:8,4
DA:9,31
DA:10,444
DA:11,444
DA:13,31
DA:14,15
DA:19,0
DA:27,16
DA:28,16
LF:9
LH:8
BRDA:13,0,0,15
BRDA:13,0,1,16
BRDA:27,1,0,16
BRDA:27,1,1,0
BRDA:27,2,0,16
BRDA:27,2,1,16
BRF:6
BRH:5
end_of_record
TN:
SF:client/src/components/ratingsReviews/reviewList.jsx
FN:11,(anonymous_0)
FN:12,(anonymous_1)
FN:13,(anonymous_2)
FN:14,(anonymous_3)
FN:29,(anonymous_4)
FNF:5
FNH:5
FNDA:31,(anonymous_0)
FNDA:444,(anonymous_1)
FNDA:444,(anonymous_2)
FNDA:444,(anonymous_3)
FNDA:465,(anonymous_4)
DA:11,4
DA:12,444
DA:13,444
DA:14,444
DA:16,31
DA:30,465
LF:6
LH:6
BRDA:37,0,0,435
BRDA:37,0,1,30
BRDA:37,1,0,465
BRDA:37,1,1,30
BRDA:37,1,2,30
BRF:5
BRH:5
end_of_record
TN:
SF:client/src/components/ratingsReviews/reviewSortSearch.jsx
FN:10,(anonymous_0)
FN:11,(anonymous_1)
FN:12,(anonymous_2)
FN:13,(anonymous_3)
FN:35,(anonymous_4)
FNF:5
FNH:4
FNDA:31,(anonymous_0)
FNDA:444,(anonymous_1)
FNDA:444,(anonymous_2)
FNDA:444,(anonymous_3)
FNDA:0,(anonymous_4)
DA:10,4
DA:11,444
DA:12,444
DA:13,444
DA:14,31
DA:16,31
DA:36,0
DA:37,0
DA:38,0
DA:39,0
DA:40,0
DA:41,0
DA:42,0
LF:13
LH:6
BRDA:37,0,0,0
BRDA:37,0,1,0
BRDA:39,1,0,0
BRDA:39,1,1,0
BRDA:41,2,0,0
BRDA:41,2,1,0
BRF:6
BRH:0
end_of_record
TN:
SF:client/src/components/relatedItemsComparison/outfitSlice.js
FN:10,(anonymous_0)
FN:14,(anonymous_1)
FNF:2
FNH:0
FNDA:0,(anonymous_0)
FNDA:0,(anonymous_1)
DA:2,3
DA:11,0
DA:12,0
DA:15,0
DA:16,0
DA:21,3
LF:6
LH:2
BRF:0
BRH:0
end_of_record
TN:
SF:client/src/components/relatedItemsComparison/relatedItemsComparison.jsx
FN:10,(anonymous_0)
FN:26,(anonymous_1)
FNF:2
FNH:2
FNDA:26,(anonymous_0)
FNDA:28,(anonymous_1)
DA:10,26
DA:26,3
DA:27,28
DA:29,28
LF:4
LH:4
BRF:0
BRH:0
end_of_record
TN:
SF:client/src/components/relatedItemsComparison/relatedSlice.js
FN:4,(anonymous_0)
FN:8,(anonymous_1)
FN:12,(anonymous_2)
FN:16,(anonymous_3)
FN:17,(anonymous_4)
FN:32,(anonymous_5)
FN:35,(anonymous_6)
FN:38,(anonymous_7)
FN:40,(anonymous_8)
FN:45,(anonymous_9)
FN:48,(anonymous_10)
FN:50,(anonymous_11)
FN:55,(anonymous_12)
FN:57,(anonymous_13)
FN:62,(anonymous_14)
FN:65,(anonymous_15)
FN:66,(anonymous_16)
FN:75,(anonymous_17)
FN:77,(anonymous_18)
FN:82,(anonymous_19)
FN:85,(anonymous_20)
FN:86,(anonymous_21)
FN:91,(anonymous_22)
FN:105,(anonymous_23)
FN:110,(anonymous_24)
FNF:25
FNH:10
FNDA:60,(anonymous_0)
FNDA:0,(anonymous_1)
FNDA:0,(anonymous_2)
FNDA:0,(anonymous_3)
FNDA:0,(anonymous_4)
FNDA:28,(anonymous_5)
FNDA:15,(anonymous_6)
FNDA:15,(anonymous_7)
FNDA:60,(anonymous_8)
FNDA:15,(anonymous_9)
FNDA:15,(anonymous_10)
FNDA:15,(anonymous_11)
FNDA:0,(anonymous_12)
FNDA:0,(anonymous_13)
FNDA:0,(anonymous_14)
FNDA:0,(anonymous_15)
FNDA:0,(anonymous_16)
FNDA:0,(anonymous_17)
FNDA:0,(anonymous_18)
FNDA:0,(anonymous_19)
FNDA:0,(anonymous_20)
FNDA:0,(anonymous_21)
FNDA:15,(anonymous_22)
FNDA:0,(anonymous_23)
FNDA:15,(anonymous_24)
DA:2,3
DA:4,3
DA:5,60
DA:8,3
DA:9,0
DA:12,3
DA:13,0
DA:16,3
DA:17,0
DA:18,0
DA:21,0
DA:22,0
DA:23,0
DA:26,0
DA:27,0
DA:30,3
DA:34,28
DA:36,15
DA:39,15
DA:40,15
DA:41,60
DA:43,15
DA:46,15
DA:49,15
DA:50,15
DA:51,15
DA:53,0
DA:56,0
DA:57,0
DA:58,0
DA:60,0
DA:63,0
DA:66,0
DA:67,0
DA:68,0
DA:70,0
DA:73,0
DA:76,0
DA:77,0
DA:78,0
DA:80,0
DA:83,0
DA:86,0
DA:87,0
DA:89,0
DA:92,15
DA:94,15
DA:98,3
DA:106,0
DA:111,15
DA:116,3
LF:51
LH:22
BRDA:67,0,0,0
BRDA:67,0,1,0
BRF:2
BRH:0
end_of_record
TN:
SF:client/src/components/relatedItemsComparison/comparisonModal/comparisonModal.jsx
FN:13,StickyHeadTable
FN:14,(anonymous_1)
FN:26,createData
FN:39,(anonymous_3)
FN:42,(anonymous_4)
FN:72,(anonymous_5)
FN:84,(anonymous_6)
FN:87,(anonymous_7)
FNF:8
FNH:0
FNDA:0,StickyHeadTable
FNDA:0,(anonymous_1)
FNDA:0,createData
FNDA:0,(anonymous_3)
FNDA:0,(anonymous_4)
FNDA:0,(anonymous_5)
FNDA:0,(anonymous_6)
FNDA:0,(anonymous_7)
DA:14,0
DA:15,0
DA:17,0
DA:23,0
DA:24,0
DA:39,0
DA:40,0
DA:42,0
DA:43,0
DA:44,0
DA:46,0
DA:49,0
DA:50,0
DA:54,0
DA:56,0
DA:64,0
DA:66,0
DA:73,0
DA:85,0
DA:88,0
DA:89,0
LF:21
LH:0
BRDA:43,0,0,0
BRDA:43,0,1,0
BRF:2
BRH:0
end_of_record
TN:
SF:client/src/components/relatedItemsComparison/outfitCard/outfitCard.jsx
FN:10,(anonymous_0)
FN:23,(anonymous_1)
FN:27,(anonymous_2)
FN:40,(anonymous_3)
FNF:4
FNH:0
FNDA:0,(anonymous_0)
FNDA:0,(anonymous_1)
FNDA:0,(anonymous_2)
FNDA:0,(anonymous_3)
DA:10,3
DA:23,3
DA:24,0
DA:25,0
DA:27,0
DA:28,0
DA:29,0
DA:32,0
DA:40,0
LF:9
LH:2
BRF:0
BRH:0
end_of_record
TN:
SF:client/src/components/relatedItemsComparison/outfitList/outfitList.jsx
FN:8,(anonymous_0)
FN:23,(anonymous_1)
FN:26,(anonymous_2)
FN:33,(anonymous_3)
FNF:4
FNH:3
FNDA:26,(anonymous_0)
FNDA:28,(anonymous_1)
FNDA:441,(anonymous_2)
FNDA:0,(anonymous_3)
DA:8,26
DA:23,3
DA:24,28
DA:26,441
DA:29,28
DA:30,0
DA:34,0
DA:43,28
LF:8
LH:6
BRDA:29,0,0,0
BRDA:29,0,1,28
BRF:2
BRH:1
end_of_record
TN:
SF:client/src/components/relatedItemsComparison/relatedProductCard/relatedProductCard.jsx
FN:14,(anonymous_0)
FN:34,(anonymous_1)
FN:39,(anonymous_2)
FN:42,(anonymous_3)
FN:49,(anonymous_4)
FNF:5
FNH:0
FNDA:0,(anonymous_0)
FNDA:0,(anonymous_1)
FNDA:0,(anonymous_2)
FNDA:0,(anonymous_3)
FNDA:0,(anonymous_4)
DA:14,3
DA:34,3
DA:35,0
DA:36,0
DA:37,0
DA:39,0
DA:40,0
DA:42,0
DA:43,0
DA:46,0
DA:49,0
LF:11
LH:2
BRF:0
BRH:0
end_of_record
TN:
SF:client/src/components/relatedItemsComparison/relatedProductsList/relatedProductsList.jsx
FN:10,(anonymous_0)
FN:26,(anonymous_1)
FN:29,(anonymous_2)
FN:30,(anonymous_3)
FN:32,(anonymous_4)
FN:41,(anonymous_5)
FNF:6
FNH:5
FNDA:26,(anonymous_0)
FNDA:28,(anonymous_1)
FNDA:441,(anonymous_2)
FNDA:441,(anonymous_3)
FNDA:28,(anonymous_4)
FNDA:0,(anonymous_5)
DA:10,26
DA:26,3
DA:27,28
DA:28,28
DA:29,441
DA:30,441
DA:32,28
DA:33,28
DA:37,28
DA:38,0
DA:42,0
DA:51,28
LF:12
LH:10
BRDA:37,0,0,0
BRDA:37,0,1,28
BRF:2
BRH:1
end_of_record
